<?xml version="1.0" encoding="UTF-8"?>
<coverage generated="1777446811">
  <project timestamp="1777446811">
    <file name="C:\Users\prote\Documents\software-devel\html\src\Ksfraser\HTML\AbstractStylesheetManager.php">
      <class name="Ksfraser\HTML\AbstractStylesheetManager" namespace="global">
        <metrics complexity="11" methods="6" coveredmethods="0" conditionals="0" coveredconditionals="0" statements="30" coveredstatements="0" elements="36" coveredelements="0"/>
      </class>
      <line num="56" type="method" name="getCommonStylesheets" visibility="public" complexity="4" crap="20" count="0"/>
      <line num="58" type="stmt" count="0"/>
      <line num="59" type="stmt" count="0"/>
      <line num="62" type="stmt" count="0"/>
      <line num="63" type="stmt" count="0"/>
      <line num="64" type="stmt" count="0"/>
      <line num="67" type="stmt" count="0"/>
      <line num="68" type="stmt" count="0"/>
      <line num="69" type="stmt" count="0"/>
      <line num="72" type="stmt" count="0"/>
      <line num="73" type="stmt" count="0"/>
      <line num="87" type="method" name="getViewStylesheets" visibility="public" complexity="3" crap="12" count="0"/>
      <line num="88" type="stmt" count="0"/>
      <line num="89" type="stmt" count="0"/>
      <line num="92" type="stmt" count="0"/>
      <line num="93" type="stmt" count="0"/>
      <line num="95" type="stmt" count="0"/>
      <line num="96" type="stmt" count="0"/>
      <line num="97" type="stmt" count="0"/>
      <line num="100" type="stmt" count="0"/>
      <line num="111" type="method" name="getStylesheets" visibility="public" complexity="1" crap="2" count="0"/>
      <line num="112" type="stmt" count="0"/>
      <line num="124" type="method" name="buildStylesheetLink" visibility="protected" complexity="1" crap="2" count="0"/>
      <line num="126" type="stmt" count="0"/>
      <line num="129" type="stmt" count="0"/>
      <line num="130" type="stmt" count="0"/>
      <line num="131" type="stmt" count="0"/>
      <line num="134" type="stmt" count="0"/>
      <line num="144" type="method" name="clearCache" visibility="public" complexity="1" crap="2" count="0"/>
      <line num="145" type="stmt" count="0"/>
      <line num="153" type="method" name="getInfo" visibility="public" complexity="1" crap="2" count="0"/>
      <line num="154" type="stmt" count="0"/>
      <line num="155" type="stmt" count="0"/>
      <line num="156" type="stmt" count="0"/>
      <line num="157" type="stmt" count="0"/>
      <line num="158" type="stmt" count="0"/>
      <metrics loc="161" ncloc="75" classes="1" methods="6" coveredmethods="0" conditionals="0" coveredconditionals="0" statements="30" coveredstatements="0" elements="36" coveredelements="0"/>
    </file>
    <file name="C:\Users\prote\Documents\software-devel\html\src\Ksfraser\HTML\Ajax\DivActivator.php">
      <class name="Ksfraser\HTML\Ajax\DivActivator" namespace="global">
        <metrics complexity="6" methods="2" coveredmethods="0" conditionals="0" coveredconditionals="0" statements="8" coveredstatements="0" elements="10" coveredelements="0"/>
      </class>
      <line num="18" type="method" name="activate" visibility="public" complexity="5" crap="30" count="0"/>
      <line num="20" type="stmt" count="0"/>
      <line num="21" type="stmt" count="0"/>
      <line num="24" type="stmt" count="0"/>
      <line num="25" type="stmt" count="0"/>
      <line num="26" type="stmt" count="0"/>
      <line num="29" type="stmt" count="0"/>
      <line num="30" type="stmt" count="0"/>
      <line num="38" type="method" name="activateDocTable" visibility="public" complexity="1" crap="2" count="0"/>
      <line num="40" type="stmt" count="0"/>
      <metrics loc="43" ncloc="29" classes="1" methods="2" coveredmethods="0" conditionals="0" coveredconditionals="0" statements="8" coveredstatements="0" elements="10" coveredelements="0"/>
    </file>
    <file name="C:\Users\prote\Documents\software-devel\html\src\Ksfraser\HTML\Attributes\HtmlAttributeValueObject.php">
      <class name="Ksfraser\HTML\Attributes\HtmlAttributeValueObject" namespace="global">
        <metrics complexity="12" methods="5" coveredmethods="0" conditionals="0" coveredconditionals="0" statements="16" coveredstatements="0" elements="21" coveredelements="0"/>
      </class>
      <line num="40" type="method" name="addAttributeValueObject" visibility="public" complexity="1" crap="2" count="0"/>
      <line num="42" type="stmt" count="0"/>
      <line num="50" type="method" name="setAttributeValueObject" visibility="public" complexity="3" crap="12" count="0"/>
      <line num="52" type="stmt" count="0"/>
      <line num="53" type="stmt" count="0"/>
      <line num="54" type="stmt" count="0"/>
      <line num="55" type="stmt" count="0"/>
      <line num="56" type="stmt" count="0"/>
      <line num="59" type="stmt" count="0"/>
      <line num="67" type="method" name="getAttributeValue" visibility="public" complexity="5" crap="30" count="0"/>
      <line num="69" type="stmt" count="0"/>
      <line num="70" type="stmt" count="0"/>
      <line num="71" type="stmt" count="0"/>
      <line num="74" type="stmt" count="0"/>
      <line num="81" type="method" name="getHtml" visibility="public" complexity="2" crap="6" count="0"/>
      <line num="83" type="stmt" count="0"/>
      <line num="84" type="stmt" count="0"/>
      <line num="85" type="stmt" count="0"/>
      <line num="87" type="stmt" count="0"/>
      <line num="94" type="method" name="toHtml" visibility="public" complexity="1" crap="2" count="0"/>
      <line num="96" type="stmt" count="0"/>
      <metrics loc="105" ncloc="56" classes="1" methods="5" coveredmethods="0" conditionals="0" coveredconditionals="0" statements="16" coveredstatements="0" elements="21" coveredelements="0"/>
    </file>
    <file name="C:\Users\prote\Documents\software-devel\html\src\Ksfraser\HTML\Attributes\HtmlNameValue.php">
      <class name="Ksfraser\HTML\Attributes\HtmlNameValue" namespace="global">
        <metrics complexity="1" methods="1" coveredmethods="0" conditionals="0" coveredconditionals="0" statements="1" coveredstatements="0" elements="2" coveredelements="0"/>
      </class>
      <line num="24" type="method" name="getName" visibility="public" complexity="1" crap="2" count="0"/>
      <line num="26" type="stmt" count="0"/>
      <metrics loc="29" ncloc="14" classes="1" methods="1" coveredmethods="0" conditionals="0" coveredconditionals="0" statements="1" coveredstatements="0" elements="2" coveredelements="0"/>
    </file>
    <file name="C:\Users\prote\Documents\software-devel\html\src\Ksfraser\HTML\Attributes\HtmlStyleList.php">
      <class name="Ksfraser\HTML\Attributes\HtmlStyleList" namespace="global">
        <metrics complexity="10" methods="5" coveredmethods="0" conditionals="0" coveredconditionals="0" statements="18" coveredstatements="3" elements="23" coveredelements="3"/>
      </class>
      <line num="23" type="method" name="getStyleString" visibility="public" complexity="3" crap="12" count="0"/>
      <line num="25" type="stmt" count="0"/>
      <line num="26" type="stmt" count="0"/>
      <line num="28" type="stmt" count="0"/>
      <line num="29" type="stmt" count="0"/>
      <line num="30" type="stmt" count="0"/>
      <line num="32" type="stmt" count="0"/>
      <line num="38" type="method" name="__construct" visibility="public" complexity="2" crap="2.06" count="1"/>
      <line num="40" type="stmt" count="1"/>
      <line num="41" type="stmt" count="1"/>
      <line num="42" type="stmt" count="1"/>
      <line num="43" type="stmt" count="0"/>
      <line num="50" type="method" name="addAttribute" visibility="public" complexity="1" crap="2" count="0"/>
      <line num="52" type="stmt" count="0"/>
      <line num="58" type="method" name="setAttribute" visibility="public" complexity="1" crap="2" count="0"/>
      <line num="60" type="stmt" count="0"/>
      <line num="63" type="method" name="getAttributeValueString" visibility="protected" complexity="3" crap="12" count="0"/>
      <line num="65" type="stmt" count="0"/>
      <line num="66" type="stmt" count="0"/>
      <line num="68" type="stmt" count="0"/>
      <line num="69" type="stmt" count="0"/>
      <line num="70" type="stmt" count="0"/>
      <line num="72" type="stmt" count="0"/>
      <metrics loc="75" ncloc="51" classes="1" methods="5" coveredmethods="0" conditionals="0" coveredconditionals="0" statements="18" coveredstatements="3" elements="23" coveredelements="3"/>
    </file>
    <file name="C:\Users\prote\Documents\software-devel\html\src\Ksfraser\HTML\Button\Button.php">
      <class name="Ksfraser\HTML\Button\Button" namespace="global">
        <metrics complexity="11" methods="8" coveredmethods="6" conditionals="0" coveredconditionals="0" statements="21" coveredstatements="19" elements="29" coveredelements="25"/>
      </class>
      <line num="26" type="method" name="__construct" visibility="public" complexity="3" crap="3.04" count="19"/>
      <line num="27" type="stmt" count="19"/>
      <line num="28" type="stmt" count="19"/>
      <line num="29" type="stmt" count="19"/>
      <line num="30" type="stmt" count="10"/>
      <line num="31" type="stmt" count="0"/>
      <line num="33" type="stmt" count="10"/>
      <line num="44" type="method" name="setText" visibility="public" complexity="2" crap="2" count="3"/>
      <line num="45" type="stmt" count="3"/>
      <line num="46" type="stmt" count="3"/>
      <line num="47" type="stmt" count="3"/>
      <line num="49" type="stmt" count="3"/>
      <line num="50" type="stmt" count="3"/>
      <line num="58" type="method" name="addClass" visibility="public" complexity="1" crap="1" count="13"/>
      <line num="59" type="stmt" count="13"/>
      <line num="60" type="stmt" count="13"/>
      <line num="68" type="method" name="setType" visibility="public" complexity="1" crap="1" count="6"/>
      <line num="69" type="stmt" count="6"/>
      <line num="70" type="stmt" count="6"/>
      <line num="85" type="method" name="getHtml" visibility="public" complexity="1" crap="1" count="19"/>
      <line num="86" type="stmt" count="19"/>
      <line num="93" type="method" name="render" visibility="public" complexity="1" crap="2" count="0"/>
      <line num="94" type="stmt" count="0"/>
      <line num="101" type="method" name="setName" visibility="public" complexity="1" crap="1" count="10"/>
      <line num="102" type="stmt" count="10"/>
      <line num="103" type="stmt" count="10"/>
      <line num="111" type="method" name="setOnclickFunction" visibility="public" complexity="1" crap="1" count="4"/>
      <line num="112" type="stmt" count="4"/>
      <line num="113" type="stmt" count="4"/>
      <metrics loc="116" ncloc="60" classes="1" methods="8" coveredmethods="6" conditionals="0" coveredconditionals="0" statements="21" coveredstatements="19" elements="29" coveredelements="25"/>
    </file>
    <file name="C:\Users\prote\Documents\software-devel\html\src\Ksfraser\HTML\Button\CloseButton.php">
      <class name="Ksfraser\HTML\Button\CloseButton" namespace="global">
        <metrics complexity="2" methods="1" coveredmethods="1" conditionals="0" coveredconditionals="0" statements="5" coveredstatements="5" elements="6" coveredelements="6"/>
      </class>
      <line num="20" type="method" name="__construct" visibility="public" complexity="2" crap="2" count="7"/>
      <line num="21" type="stmt" count="7"/>
      <line num="22" type="stmt" count="2"/>
      <line num="24" type="stmt" count="7"/>
      <line num="25" type="stmt" count="7"/>
      <line num="26" type="stmt" count="7"/>
      <metrics loc="30" ncloc="18" classes="1" methods="1" coveredmethods="1" conditionals="0" coveredconditionals="0" statements="5" coveredstatements="5" elements="6" coveredelements="6"/>
    </file>
    <file name="C:\Users\prote\Documents\software-devel\html\src\Ksfraser\HTML\Button\HtmlButton.php">
      <class name="Ksfraser\HTML\Button\HtmlButton" namespace="global">
        <metrics complexity="1" methods="1" coveredmethods="1" conditionals="0" coveredconditionals="0" statements="2" coveredstatements="2" elements="3" coveredelements="3"/>
      </class>
      <line num="20" type="method" name="__construct" visibility="public" complexity="1" crap="1" count="22"/>
      <line num="21" type="stmt" count="22"/>
      <line num="22" type="stmt" count="22"/>
      <metrics loc="25" ncloc="17" classes="1" methods="1" coveredmethods="1" conditionals="0" coveredconditionals="0" statements="2" coveredstatements="2" elements="3" coveredelements="3"/>
    </file>
    <file name="C:\Users\prote\Documents\software-devel\html\src\Ksfraser\HTML\Button\SubmitButton.php">
      <class name="Ksfraser\HTML\Button\SubmitButton" namespace="global">
        <metrics complexity="2" methods="1" coveredmethods="1" conditionals="0" coveredconditionals="0" statements="6" coveredstatements="6" elements="7" coveredelements="7"/>
      </class>
      <line num="20" type="method" name="__construct" visibility="public" complexity="2" crap="2" count="3"/>
      <line num="21" type="stmt" count="3"/>
      <line num="22" type="stmt" count="2"/>
      <line num="24" type="stmt" count="3"/>
      <line num="25" type="stmt" count="3"/>
      <line num="26" type="stmt" count="3"/>
      <line num="27" type="stmt" count="3"/>
      <metrics loc="31" ncloc="19" classes="1" methods="1" coveredmethods="1" conditionals="0" coveredconditionals="0" statements="6" coveredstatements="6" elements="7" coveredelements="7"/>
    </file>
    <file name="C:\Users\prote\Documents\software-devel\html\src\Ksfraser\HTML\Buttons\ActionButton.php">
      <class name="Ksfraser\HTML\Buttons\ActionButton" namespace="global">
        <metrics complexity="6" methods="6" coveredmethods="4" conditionals="0" coveredconditionals="0" statements="11" coveredstatements="9" elements="17" coveredelements="13"/>
      </class>
      <line num="281" type="method" name="__construct" visibility="public" complexity="1" crap="1" count="13"/>
      <line num="283" type="stmt" count="13"/>
      <line num="284" type="stmt" count="13"/>
      <line num="285" type="stmt" count="13"/>
      <line num="286" type="stmt" count="13"/>
      <line num="379" type="method" name="getActionId" visibility="public" complexity="1" crap="2" count="0"/>
      <line num="381" type="stmt" count="0"/>
      <line num="395" type="method" name="getActionName" visibility="public" complexity="1" crap="2" count="0"/>
      <line num="397" type="stmt" count="0"/>
      <line num="413" type="method" name="setCssClass" visibility="public" complexity="1" crap="1" count="12"/>
      <line num="415" type="stmt" count="12"/>
      <line num="433" type="method" name="addCssClass" visibility="public" complexity="1" crap="1" count="1"/>
      <line num="435" type="stmt" count="1"/>
      <line num="444" type="method" name="setOnclickFunction" visibility="public" complexity="1" crap="1" count="1"/>
      <line num="446" type="stmt" count="1"/>
      <line num="447" type="stmt" count="1"/>
      <line num="448" type="stmt" count="1"/>
      <metrics loc="454" ncloc="55" classes="1" methods="6" coveredmethods="4" conditionals="0" coveredconditionals="0" statements="11" coveredstatements="9" elements="17" coveredelements="13"/>
    </file>
    <file name="C:\Users\prote\Documents\software-devel\html\src\Ksfraser\HTML\Buttons\AddButton.php">
      <class name="Ksfraser\HTML\Buttons\AddButton" namespace="global">
        <metrics complexity="2" methods="2" coveredmethods="2" conditionals="0" coveredconditionals="0" statements="3" coveredstatements="3" elements="5" coveredelements="5"/>
      </class>
      <line num="40" type="method" name="__construct" visibility="public" complexity="1" crap="1" count="2"/>
      <line num="42" type="stmt" count="2"/>
      <line num="50" type="method" name="setupActionButton" visibility="protected" complexity="1" crap="1" count="2"/>
      <line num="52" type="stmt" count="2"/>
      <line num="53" type="stmt" count="2"/>
      <metrics loc="56" ncloc="20" classes="1" methods="2" coveredmethods="2" conditionals="0" coveredconditionals="0" statements="3" coveredstatements="3" elements="5" coveredelements="5"/>
    </file>
    <file name="C:\Users\prote\Documents\software-devel\html\src\Ksfraser\HTML\Buttons\CancelButton.php">
      <class name="Ksfraser\HTML\Buttons\CancelButton" namespace="global">
        <metrics complexity="4" methods="3" coveredmethods="3" conditionals="0" coveredconditionals="0" statements="6" coveredstatements="6" elements="9" coveredelements="9"/>
      </class>
      <line num="43" type="method" name="__construct" visibility="public" complexity="2" crap="2" count="2"/>
      <line num="45" type="stmt" count="2"/>
      <line num="46" type="stmt" count="2"/>
      <line num="48" type="stmt" count="2"/>
      <line num="56" type="method" name="setupActionButton" visibility="protected" complexity="1" crap="1" count="2"/>
      <line num="58" type="stmt" count="2"/>
      <line num="59" type="stmt" count="2"/>
      <line num="68" type="method" name="setGoBack" visibility="public" complexity="1" crap="1" count="1"/>
      <line num="70" type="stmt" count="1"/>
      <metrics loc="73" ncloc="29" classes="1" methods="3" coveredmethods="3" conditionals="0" coveredconditionals="0" statements="6" coveredstatements="6" elements="9" coveredelements="9"/>
    </file>
    <file name="C:\Users\prote\Documents\software-devel\html\src\Ksfraser\HTML\Buttons\CloseButton.php">
      <class name="Ksfraser\HTML\Buttons\CloseButton" namespace="global">
        <metrics complexity="4" methods="3" coveredmethods="3" conditionals="0" coveredconditionals="0" statements="7" coveredstatements="7" elements="10" coveredelements="10"/>
      </class>
      <line num="42" type="method" name="__construct" visibility="public" complexity="2" crap="2" count="2"/>
      <line num="44" type="stmt" count="2"/>
      <line num="45" type="stmt" count="2"/>
      <line num="47" type="stmt" count="2"/>
      <line num="55" type="method" name="setupActionButton" visibility="protected" complexity="1" crap="1" count="2"/>
      <line num="57" type="stmt" count="2"/>
      <line num="58" type="stmt" count="2"/>
      <line num="67" type="method" name="addClass" visibility="public" complexity="1" crap="1" count="1"/>
      <line num="69" type="stmt" count="1"/>
      <line num="70" type="stmt" count="1"/>
      <metrics loc="73" ncloc="32" classes="1" methods="3" coveredmethods="3" conditionals="0" coveredconditionals="0" statements="7" coveredstatements="7" elements="10" coveredelements="10"/>
    </file>
    <file name="C:\Users\prote\Documents\software-devel\html\src\Ksfraser\HTML\Buttons\DeleteButton.php">
      <class name="Ksfraser\HTML\Buttons\DeleteButton" namespace="global">
        <metrics complexity="4" methods="4" coveredmethods="3" conditionals="0" coveredconditionals="0" statements="10" coveredstatements="7" elements="14" coveredelements="10"/>
      </class>
      <line num="51" type="method" name="__construct" visibility="public" complexity="1" crap="1" count="2"/>
      <line num="53" type="stmt" count="2"/>
      <line num="61" type="method" name="setupActionButton" visibility="protected" complexity="1" crap="1" count="2"/>
      <line num="63" type="stmt" count="2"/>
      <line num="64" type="stmt" count="2"/>
      <line num="67" type="stmt" count="2"/>
      <line num="76" type="method" name="setConfirmation" visibility="public" complexity="1" crap="1" count="1"/>
      <line num="78" type="stmt" count="1"/>
      <line num="79" type="stmt" count="1"/>
      <line num="80" type="stmt" count="1"/>
      <line num="88" type="method" name="noConfirmation" visibility="public" complexity="1" crap="2" count="0"/>
      <line num="90" type="stmt" count="0"/>
      <line num="91" type="stmt" count="0"/>
      <line num="92" type="stmt" count="0"/>
      <metrics loc="95" ncloc="38" classes="1" methods="4" coveredmethods="3" conditionals="0" coveredconditionals="0" statements="10" coveredstatements="7" elements="14" coveredelements="10"/>
    </file>
    <file name="C:\Users\prote\Documents\software-devel\html\src\Ksfraser\HTML\Buttons\EditButton.php">
      <class name="Ksfraser\HTML\Buttons\EditButton" namespace="global">
        <metrics complexity="3" methods="2" coveredmethods="2" conditionals="0" coveredconditionals="0" statements="6" coveredstatements="6" elements="8" coveredelements="8"/>
      </class>
      <line num="54" type="method" name="__construct" visibility="public" complexity="1" crap="1" count="2"/>
      <line num="56" type="stmt" count="2"/>
      <line num="57" type="stmt" count="2"/>
      <line num="65" type="method" name="setupActionButton" visibility="protected" complexity="2" crap="2" count="2"/>
      <line num="67" type="stmt" count="2"/>
      <line num="69" type="stmt" count="2"/>
      <line num="70" type="stmt" count="1"/>
      <line num="73" type="stmt" count="2"/>
      <metrics loc="77" ncloc="29" classes="1" methods="2" coveredmethods="2" conditionals="0" coveredconditionals="0" statements="6" coveredstatements="6" elements="8" coveredelements="8"/>
    </file>
    <file name="C:\Users\prote\Documents\software-devel\html\src\Ksfraser\HTML\Buttons\SubmitButton.php">
      <class name="Ksfraser\HTML\Buttons\SubmitButton" namespace="global">
        <metrics complexity="3" methods="2" coveredmethods="2" conditionals="0" coveredconditionals="0" statements="6" coveredstatements="6" elements="8" coveredelements="8"/>
      </class>
      <line num="41" type="method" name="__construct" visibility="public" complexity="2" crap="2" count="2"/>
      <line num="43" type="stmt" count="2"/>
      <line num="44" type="stmt" count="2"/>
      <line num="46" type="stmt" count="2"/>
      <line num="54" type="method" name="setupActionButton" visibility="protected" complexity="1" crap="1" count="2"/>
      <line num="56" type="stmt" count="2"/>
      <line num="57" type="stmt" count="2"/>
      <line num="58" type="stmt" count="2"/>
      <metrics loc="62" ncloc="26" classes="1" methods="2" coveredmethods="2" conditionals="0" coveredconditionals="0" statements="6" coveredstatements="6" elements="8" coveredelements="8"/>
    </file>
    <file name="C:\Users\prote\Documents\software-devel\html\src\Ksfraser\HTML\CSS\CSSManager.php">
      <class name="Ksfraser\HTML\CSS\CSSManager" namespace="global">
        <metrics complexity="23" methods="16" coveredmethods="0" conditionals="0" coveredconditionals="0" statements="47" coveredstatements="0" elements="63" coveredelements="0"/>
      </class>
      <line num="17" type="method" name="registerProvider" visibility="public" complexity="1" crap="2" count="0"/>
      <line num="18" type="stmt" count="0"/>
      <line num="24" type="method" name="getProvider" visibility="public" complexity="1" crap="2" count="0"/>
      <line num="25" type="stmt" count="0"/>
      <line num="31" type="method" name="setTheme" visibility="public" complexity="1" crap="2" count="0"/>
      <line num="32" type="stmt" count="0"/>
      <line num="33" type="stmt" count="0"/>
      <line num="39" type="method" name="getCurrentTheme" visibility="public" complexity="1" crap="2" count="0"/>
      <line num="40" type="stmt" count="0"/>
      <line num="46" type="method" name="getAllCSS" visibility="public" complexity="5" crap="30" count="0"/>
      <line num="47" type="stmt" count="0"/>
      <line num="49" type="stmt" count="0"/>
      <line num="50" type="stmt" count="0"/>
      <line num="53" type="stmt" count="0"/>
      <line num="56" type="stmt" count="0"/>
      <line num="57" type="stmt" count="0"/>
      <line num="58" type="stmt" count="0"/>
      <line num="62" type="stmt" count="0"/>
      <line num="63" type="stmt" count="0"/>
      <line num="64" type="stmt" count="0"/>
      <line num="65" type="stmt" count="0"/>
      <line num="66" type="stmt" count="0"/>
      <line num="67" type="stmt" count="0"/>
      <line num="70" type="stmt" count="0"/>
      <line num="71" type="stmt" count="0"/>
      <line num="72" type="stmt" count="0"/>
      <line num="76" type="stmt" count="0"/>
      <line num="77" type="stmt" count="0"/>
      <line num="83" type="method" name="getBaseCSS" visibility="public" complexity="1" crap="2" count="0"/>
      <line num="84" type="stmt" count="0"/>
      <line num="105" type="stmt" count="0"/>
      <line num="111" type="method" name="getNavigationCSS" visibility="public" complexity="1" crap="2" count="0"/>
      <line num="112" type="stmt" count="0"/>
      <line num="157" type="stmt" count="0"/>
      <line num="163" type="method" name="getFormCSS" visibility="public" complexity="1" crap="2" count="0"/>
      <line num="164" type="stmt" count="0"/>
      <line num="200" type="stmt" count="0"/>
      <line num="206" type="method" name="getTableCSS" visibility="public" complexity="1" crap="2" count="0"/>
      <line num="207" type="stmt" count="0"/>
      <line num="230" type="stmt" count="0"/>
      <line num="236" type="method" name="getCardCSS" visibility="public" complexity="1" crap="2" count="0"/>
      <line num="237" type="stmt" count="0"/>
      <line num="271" type="stmt" count="0"/>
      <line num="277" type="method" name="getUtilityCSS" visibility="public" complexity="1" crap="2" count="0"/>
      <line num="278" type="stmt" count="0"/>
      <line num="359" type="stmt" count="0"/>
      <line num="365" type="method" name="getThemeCSS" visibility="public" complexity="4" crap="20" count="0"/>
      <line num="366" type="stmt" count="0"/>
      <line num="367" type="stmt" count="0"/>
      <line num="368" type="stmt" count="0"/>
      <line num="369" type="stmt" count="0"/>
      <line num="370" type="stmt" count="0"/>
      <line num="372" type="stmt" count="0"/>
      <line num="379" type="method" name="getDarkThemeCSS" visibility="private" complexity="1" crap="2" count="0"/>
      <line num="380" type="stmt" count="0"/>
      <line num="399" type="stmt" count="0"/>
      <line num="405" type="method" name="getLightThemeCSS" visibility="private" complexity="1" crap="2" count="0"/>
      <line num="406" type="stmt" count="0"/>
      <line num="416" type="stmt" count="0"/>
      <line num="422" type="method" name="renderCSS" visibility="public" complexity="1" crap="2" count="0"/>
      <line num="423" type="stmt" count="0"/>
      <line num="429" type="method" name="getCSS" visibility="public" complexity="1" crap="2" count="0"/>
      <line num="430" type="stmt" count="0"/>
      <metrics loc="433" ncloc="377" classes="1" methods="16" coveredmethods="0" conditionals="0" coveredconditionals="0" statements="47" coveredstatements="0" elements="63" coveredelements="0"/>
    </file>
    <file name="C:\Users\prote\Documents\software-devel\html\src\Ksfraser\HTML\CSS\CSSProviderInterface.php">
      <metrics loc="25" ncloc="12" classes="0" methods="0" coveredmethods="0" conditionals="0" coveredconditionals="0" statements="0" coveredstatements="0" elements="0" coveredelements="0"/>
    </file>
    <file name="C:\Users\prote\Documents\software-devel\html\src\Ksfraser\HTML\CSS\Themes\DefaultThemeProvider.php">
      <class name="Ksfraser\HTML\CSS\Themes\DefaultThemeProvider" namespace="global">
        <metrics complexity="4" methods="3" coveredmethods="0" conditionals="0" coveredconditionals="0" statements="4" coveredstatements="0" elements="7" coveredelements="0"/>
      </class>
      <line num="13" type="method" name="getName" visibility="public" complexity="1" crap="2" count="0"/>
      <line num="14" type="stmt" count="0"/>
      <line num="17" type="method" name="supportsTheme" visibility="public" complexity="2" crap="6" count="0"/>
      <line num="18" type="stmt" count="0"/>
      <line num="21" type="method" name="getCSS" visibility="public" complexity="1" crap="2" count="0"/>
      <line num="22" type="stmt" count="0"/>
      <line num="48" type="stmt" count="0"/>
      <metrics loc="51" ncloc="47" classes="1" methods="3" coveredmethods="0" conditionals="0" coveredconditionals="0" statements="4" coveredstatements="0" elements="7" coveredelements="0"/>
    </file>
    <file name="C:\Users\prote\Documents\software-devel\html\src\Ksfraser\HTML\Cells\AmountTableCell.php">
      <class name="Ksfraser\HTML\Cells\AmountTableCell" namespace="global">
        <metrics complexity="2" methods="1" coveredmethods="0" conditionals="0" coveredconditionals="0" statements="7" coveredstatements="6" elements="8" coveredelements="6"/>
      </class>
      <line num="21" type="method" name="build" visibility="public" complexity="2" crap="2.01" count="1"/>
      <line num="22" type="stmt" count="1"/>
      <line num="23" type="stmt" count="1"/>
      <line num="24" type="stmt" count="0"/>
      <line num="26" type="stmt" count="1"/>
      <line num="27" type="stmt" count="1"/>
      <line num="28" type="stmt" count="1"/>
      <line num="30" type="stmt" count="1"/>
      <metrics loc="33" ncloc="19" classes="1" methods="1" coveredmethods="0" conditionals="0" coveredconditionals="0" statements="7" coveredstatements="6" elements="8" coveredelements="6"/>
    </file>
    <file name="C:\Users\prote\Documents\software-devel\html\src\Ksfraser\HTML\Cells\BaseTableCell.php">
      <class name="Ksfraser\HTML\Cells\BaseTableCell" namespace="global">
        <metrics complexity="9" methods="5" coveredmethods="5" conditionals="0" coveredconditionals="0" statements="17" coveredstatements="17" elements="22" coveredelements="22"/>
      </class>
      <line num="40" type="method" name="setId" visibility="public" complexity="1" crap="1" count="3"/>
      <line num="41" type="stmt" count="3"/>
      <line num="42" type="stmt" count="3"/>
      <line num="52" type="method" name="setAttribute" visibility="public" complexity="1" crap="1" count="3"/>
      <line num="53" type="stmt" count="3"/>
      <line num="54" type="stmt" count="3"/>
      <line num="63" type="method" name="setDblClickHandler" visibility="public" complexity="1" crap="1" count="3"/>
      <line num="64" type="stmt" count="3"/>
      <line num="65" type="stmt" count="3"/>
      <line num="74" type="method" name="setEditable" visibility="public" complexity="1" crap="1" count="3"/>
      <line num="75" type="stmt" count="3"/>
      <line num="76" type="stmt" count="3"/>
      <line num="94" type="method" name="applyAttributes" visibility="protected" complexity="5" crap="5" count="3"/>
      <line num="95" type="stmt" count="3"/>
      <line num="96" type="stmt" count="3"/>
      <line num="99" type="stmt" count="3"/>
      <line num="100" type="stmt" count="3"/>
      <line num="103" type="stmt" count="3"/>
      <line num="104" type="stmt" count="3"/>
      <line num="107" type="stmt" count="3"/>
      <line num="108" type="stmt" count="3"/>
      <line num="111" type="stmt" count="3"/>
      <metrics loc="114" ncloc="55" classes="1" methods="5" coveredmethods="5" conditionals="0" coveredconditionals="0" statements="17" coveredstatements="17" elements="22" coveredelements="22"/>
    </file>
    <file name="C:\Users\prote\Documents\software-devel\html\src\Ksfraser\HTML\Cells\BorrowerTableCell.php">
      <class name="Ksfraser\HTML\Cells\BorrowerTableCell" namespace="global">
        <metrics complexity="1" methods="1" coveredmethods="1" conditionals="0" coveredconditionals="0" statements="4" coveredstatements="4" elements="5" coveredelements="5"/>
      </class>
      <line num="21" type="method" name="build" visibility="public" complexity="1" crap="1" count="1"/>
      <line num="22" type="stmt" count="1"/>
      <line num="23" type="stmt" count="1"/>
      <line num="24" type="stmt" count="1"/>
      <line num="26" type="stmt" count="1"/>
      <metrics loc="29" ncloc="15" classes="1" methods="1" coveredmethods="1" conditionals="0" coveredconditionals="0" statements="4" coveredstatements="4" elements="5" coveredelements="5"/>
    </file>
    <file name="C:\Users\prote\Documents\software-devel\html\src\Ksfraser\HTML\Cells\DescriptionTableCell.php">
      <class name="Ksfraser\HTML\Cells\DescriptionTableCell" namespace="global">
        <metrics complexity="1" methods="1" coveredmethods="1" conditionals="0" coveredconditionals="0" statements="4" coveredstatements="4" elements="5" coveredelements="5"/>
      </class>
      <line num="21" type="method" name="build" visibility="public" complexity="1" crap="1" count="2"/>
      <line num="22" type="stmt" count="2"/>
      <line num="23" type="stmt" count="2"/>
      <line num="24" type="stmt" count="2"/>
      <line num="26" type="stmt" count="2"/>
      <metrics loc="29" ncloc="15" classes="1" methods="1" coveredmethods="1" conditionals="0" coveredconditionals="0" statements="4" coveredstatements="4" elements="5" coveredelements="5"/>
    </file>
    <file name="C:\Users\prote\Documents\software-devel\html\src\Ksfraser\HTML\Cells\EditableFrequencyDescriptionCell.php">
      <class name="Ksfraser\HTML\Cells\EditableFrequencyDescriptionCell" namespace="global">
        <metrics complexity="1" methods="1" coveredmethods="1" conditionals="0" coveredconditionals="0" statements="6" coveredstatements="6" elements="7" coveredelements="7"/>
      </class>
      <line num="23" type="method" name="buildEditable" visibility="public" complexity="1" crap="1" count="1"/>
      <line num="24" type="stmt" count="1"/>
      <line num="25" type="stmt" count="1"/>
      <line num="26" type="stmt" count="1"/>
      <line num="27" type="stmt" count="1"/>
      <line num="28" type="stmt" count="1"/>
      <line num="30" type="stmt" count="1"/>
      <metrics loc="33" ncloc="17" classes="1" methods="1" coveredmethods="1" conditionals="0" coveredconditionals="0" statements="6" coveredstatements="6" elements="7" coveredelements="7"/>
    </file>
    <file name="C:\Users\prote\Documents\software-devel\html\src\Ksfraser\HTML\Cells\EditableFrequencyNameCell.php">
      <class name="Ksfraser\HTML\Cells\EditableFrequencyNameCell" namespace="global">
        <metrics complexity="1" methods="1" coveredmethods="1" conditionals="0" coveredconditionals="0" statements="6" coveredstatements="6" elements="7" coveredelements="7"/>
      </class>
      <line num="23" type="method" name="buildEditable" visibility="public" complexity="1" crap="1" count="1"/>
      <line num="24" type="stmt" count="1"/>
      <line num="25" type="stmt" count="1"/>
      <line num="26" type="stmt" count="1"/>
      <line num="27" type="stmt" count="1"/>
      <line num="28" type="stmt" count="1"/>
      <line num="30" type="stmt" count="1"/>
      <metrics loc="33" ncloc="17" classes="1" methods="1" coveredmethods="1" conditionals="0" coveredconditionals="0" statements="6" coveredstatements="6" elements="7" coveredelements="7"/>
    </file>
    <file name="C:\Users\prote\Documents\software-devel\html\src\Ksfraser\HTML\Cells\EditableLoanAmountCell.php">
      <class name="Ksfraser\HTML\Cells\EditableLoanAmountCell" namespace="global">
        <metrics complexity="1" methods="1" coveredmethods="1" conditionals="0" coveredconditionals="0" statements="6" coveredstatements="6" elements="7" coveredelements="7"/>
      </class>
      <line num="23" type="method" name="buildEditable" visibility="public" complexity="1" crap="1" count="1"/>
      <line num="24" type="stmt" count="1"/>
      <line num="25" type="stmt" count="1"/>
      <line num="26" type="stmt" count="1"/>
      <line num="27" type="stmt" count="1"/>
      <line num="28" type="stmt" count="1"/>
      <line num="30" type="stmt" count="1"/>
      <metrics loc="33" ncloc="17" classes="1" methods="1" coveredmethods="1" conditionals="0" coveredconditionals="0" statements="6" coveredstatements="6" elements="7" coveredelements="7"/>
    </file>
    <file name="C:\Users\prote\Documents\software-devel\html\src\Ksfraser\HTML\Cells\EditableLoanBorrowerCell.php">
      <class name="Ksfraser\HTML\Cells\EditableLoanBorrowerCell" namespace="global">
        <metrics complexity="1" methods="1" coveredmethods="1" conditionals="0" coveredconditionals="0" statements="6" coveredstatements="6" elements="7" coveredelements="7"/>
      </class>
      <line num="23" type="method" name="buildEditable" visibility="public" complexity="1" crap="1" count="1"/>
      <line num="24" type="stmt" count="1"/>
      <line num="25" type="stmt" count="1"/>
      <line num="26" type="stmt" count="1"/>
      <line num="27" type="stmt" count="1"/>
      <line num="28" type="stmt" count="1"/>
      <line num="30" type="stmt" count="1"/>
      <metrics loc="33" ncloc="17" classes="1" methods="1" coveredmethods="1" conditionals="0" coveredconditionals="0" statements="6" coveredstatements="6" elements="7" coveredelements="7"/>
    </file>
    <file name="C:\Users\prote\Documents\software-devel\html\src\Ksfraser\HTML\Cells\EditableLoanStatusCell.php">
      <class name="Ksfraser\HTML\Cells\EditableLoanStatusCell" namespace="global">
        <metrics complexity="1" methods="1" coveredmethods="1" conditionals="0" coveredconditionals="0" statements="6" coveredstatements="6" elements="7" coveredelements="7"/>
      </class>
      <line num="23" type="method" name="buildEditable" visibility="public" complexity="1" crap="1" count="1"/>
      <line num="24" type="stmt" count="1"/>
      <line num="25" type="stmt" count="1"/>
      <line num="26" type="stmt" count="1"/>
      <line num="27" type="stmt" count="1"/>
      <line num="28" type="stmt" count="1"/>
      <line num="30" type="stmt" count="1"/>
      <metrics loc="33" ncloc="17" classes="1" methods="1" coveredmethods="1" conditionals="0" coveredconditionals="0" statements="6" coveredstatements="6" elements="7" coveredelements="7"/>
    </file>
    <file name="C:\Users\prote\Documents\software-devel\html\src\Ksfraser\HTML\Cells\EditableTypeDescriptionCell.php">
      <class name="Ksfraser\HTML\Cells\EditableTypeDescriptionCell" namespace="global">
        <metrics complexity="1" methods="1" coveredmethods="1" conditionals="0" coveredconditionals="0" statements="6" coveredstatements="6" elements="7" coveredelements="7"/>
      </class>
      <line num="23" type="method" name="buildEditable" visibility="public" complexity="1" crap="1" count="1"/>
      <line num="24" type="stmt" count="1"/>
      <line num="25" type="stmt" count="1"/>
      <line num="26" type="stmt" count="1"/>
      <line num="27" type="stmt" count="1"/>
      <line num="28" type="stmt" count="1"/>
      <line num="30" type="stmt" count="1"/>
      <metrics loc="33" ncloc="17" classes="1" methods="1" coveredmethods="1" conditionals="0" coveredconditionals="0" statements="6" coveredstatements="6" elements="7" coveredelements="7"/>
    </file>
    <file name="C:\Users\prote\Documents\software-devel\html\src\Ksfraser\HTML\Cells\EditableTypeNameCell.php">
      <class name="Ksfraser\HTML\Cells\EditableTypeNameCell" namespace="global">
        <metrics complexity="1" methods="1" coveredmethods="1" conditionals="0" coveredconditionals="0" statements="6" coveredstatements="6" elements="7" coveredelements="7"/>
      </class>
      <line num="23" type="method" name="buildEditable" visibility="public" complexity="1" crap="1" count="1"/>
      <line num="24" type="stmt" count="1"/>
      <line num="25" type="stmt" count="1"/>
      <line num="26" type="stmt" count="1"/>
      <line num="27" type="stmt" count="1"/>
      <line num="28" type="stmt" count="1"/>
      <line num="30" type="stmt" count="1"/>
      <metrics loc="33" ncloc="17" classes="1" methods="1" coveredmethods="1" conditionals="0" coveredconditionals="0" statements="6" coveredstatements="6" elements="7" coveredelements="7"/>
    </file>
    <file name="C:\Users\prote\Documents\software-devel\html\src\Ksfraser\HTML\Cells\IdFrequencyTableCell.php">
      <class name="Ksfraser\HTML\Cells\IdFrequencyTableCell" namespace="global">
        <metrics complexity="1" methods="1" coveredmethods="1" conditionals="0" coveredconditionals="0" statements="4" coveredstatements="4" elements="5" coveredelements="5"/>
      </class>
      <line num="22" type="method" name="build" visibility="public" complexity="1" crap="1" count="1"/>
      <line num="23" type="stmt" count="1"/>
      <line num="24" type="stmt" count="1"/>
      <line num="25" type="stmt" count="1"/>
      <line num="26" type="stmt" count="1"/>
      <metrics loc="29" ncloc="14" classes="1" methods="1" coveredmethods="1" conditionals="0" coveredconditionals="0" statements="4" coveredstatements="4" elements="5" coveredelements="5"/>
    </file>
    <file name="C:\Users\prote\Documents\software-devel\html\src\Ksfraser\HTML\Cells\IdLoanTableCell.php">
      <class name="Ksfraser\HTML\Cells\IdLoanTableCell" namespace="global">
        <metrics complexity="1" methods="1" coveredmethods="1" conditionals="0" coveredconditionals="0" statements="4" coveredstatements="4" elements="5" coveredelements="5"/>
      </class>
      <line num="22" type="method" name="build" visibility="public" complexity="1" crap="1" count="1"/>
      <line num="23" type="stmt" count="1"/>
      <line num="24" type="stmt" count="1"/>
      <line num="25" type="stmt" count="1"/>
      <line num="26" type="stmt" count="1"/>
      <metrics loc="29" ncloc="14" classes="1" methods="1" coveredmethods="1" conditionals="0" coveredconditionals="0" statements="4" coveredstatements="4" elements="5" coveredelements="5"/>
    </file>
    <file name="C:\Users\prote\Documents\software-devel\html\src\Ksfraser\HTML\Cells\IdTableCell.php">
      <class name="Ksfraser\HTML\Cells\IdTableCell" namespace="global">
        <metrics complexity="1" methods="1" coveredmethods="1" conditionals="0" coveredconditionals="0" statements="4" coveredstatements="4" elements="5" coveredelements="5"/>
      </class>
      <line num="21" type="method" name="build" visibility="public" complexity="1" crap="1" count="3"/>
      <line num="22" type="stmt" count="3"/>
      <line num="23" type="stmt" count="3"/>
      <line num="24" type="stmt" count="3"/>
      <line num="26" type="stmt" count="3"/>
      <metrics loc="29" ncloc="15" classes="1" methods="1" coveredmethods="1" conditionals="0" coveredconditionals="0" statements="4" coveredstatements="4" elements="5" coveredelements="5"/>
    </file>
    <file name="C:\Users\prote\Documents\software-devel\html\src\Ksfraser\HTML\Cells\IdTypeTableCell.php">
      <class name="Ksfraser\HTML\Cells\IdTypeTableCell" namespace="global">
        <metrics complexity="1" methods="1" coveredmethods="1" conditionals="0" coveredconditionals="0" statements="4" coveredstatements="4" elements="5" coveredelements="5"/>
      </class>
      <line num="22" type="method" name="build" visibility="public" complexity="1" crap="1" count="1"/>
      <line num="23" type="stmt" count="1"/>
      <line num="24" type="stmt" count="1"/>
      <line num="25" type="stmt" count="1"/>
      <line num="26" type="stmt" count="1"/>
      <metrics loc="29" ncloc="14" classes="1" methods="1" coveredmethods="1" conditionals="0" coveredconditionals="0" statements="4" coveredstatements="4" elements="5" coveredelements="5"/>
    </file>
    <file name="C:\Users\prote\Documents\software-devel\html\src\Ksfraser\HTML\Cells\NameTableCell.php">
      <class name="Ksfraser\HTML\Cells\NameTableCell" namespace="global">
        <metrics complexity="1" methods="1" coveredmethods="1" conditionals="0" coveredconditionals="0" statements="4" coveredstatements="4" elements="5" coveredelements="5"/>
      </class>
      <line num="21" type="method" name="build" visibility="public" complexity="1" crap="1" count="2"/>
      <line num="22" type="stmt" count="2"/>
      <line num="23" type="stmt" count="2"/>
      <line num="24" type="stmt" count="2"/>
      <line num="26" type="stmt" count="2"/>
      <metrics loc="29" ncloc="15" classes="1" methods="1" coveredmethods="1" conditionals="0" coveredconditionals="0" statements="4" coveredstatements="4" elements="5" coveredelements="5"/>
    </file>
    <file name="C:\Users\prote\Documents\software-devel\html\src\Ksfraser\HTML\Cells\StatusTableCell.php">
      <class name="Ksfraser\HTML\Cells\StatusTableCell" namespace="global">
        <metrics complexity="1" methods="1" coveredmethods="1" conditionals="0" coveredconditionals="0" statements="6" coveredstatements="6" elements="7" coveredelements="7"/>
      </class>
      <line num="21" type="method" name="build" visibility="public" complexity="1" crap="1" count="1"/>
      <line num="22" type="stmt" count="1"/>
      <line num="23" type="stmt" count="1"/>
      <line num="25" type="stmt" count="1"/>
      <line num="26" type="stmt" count="1"/>
      <line num="27" type="stmt" count="1"/>
      <line num="29" type="stmt" count="1"/>
      <metrics loc="32" ncloc="18" classes="1" methods="1" coveredmethods="1" conditionals="0" coveredconditionals="0" statements="6" coveredstatements="6" elements="7" coveredelements="7"/>
    </file>
    <file name="C:\Users\prote\Documents\software-devel\html\src\Ksfraser\HTML\Composites\HTML_ROW.php">
      <class name="Ksfraser\HTML\Composites\HTML_ROW" namespace="global">
        <metrics complexity="4" methods="3" coveredmethods="0" conditionals="0" coveredconditionals="0" statements="4" coveredstatements="0" elements="7" coveredelements="0"/>
      </class>
      <line num="35" type="method" name="__construct" visibility="public" complexity="2" crap="6" count="0"/>
      <line num="37" type="stmt" count="0"/>
      <line num="38" type="stmt" count="0"/>
      <line num="46" type="method" name="toHTML" visibility="public" complexity="1" crap="2" count="0"/>
      <line num="48" type="stmt" count="0"/>
      <line num="56" type="method" name="getHtml" visibility="public" complexity="1" crap="2" count="0"/>
      <line num="58" type="stmt" count="0"/>
      <metrics loc="61" ncloc="29" classes="1" methods="3" coveredmethods="0" conditionals="0" coveredconditionals="0" statements="4" coveredstatements="0" elements="7" coveredelements="0"/>
    </file>
    <file name="C:\Users\prote\Documents\software-devel\html\src\Ksfraser\HTML\Composites\HTML_ROW_LABEL.php">
      <class name="Ksfraser\HTML\Composites\HTML_ROW_LABEL" namespace="global">
        <metrics complexity="4" methods="3" coveredmethods="0" conditionals="0" coveredconditionals="0" statements="8" coveredstatements="0" elements="11" coveredelements="0"/>
      </class>
      <line num="43" type="method" name="__construct" visibility="public" complexity="2" crap="6" count="0"/>
      <line num="46" type="stmt" count="0"/>
      <line num="47" type="stmt" count="0"/>
      <line num="50" type="stmt" count="0"/>
      <line num="53" type="stmt" count="0"/>
      <line num="54" type="stmt" count="0"/>
      <line num="56" type="stmt" count="0"/>
      <line num="70" type="method" name="toHtml" visibility="public" complexity="1" crap="2" count="0"/>
      <line num="72" type="stmt" count="0"/>
      <line num="80" type="method" name="getHtml" visibility="public" complexity="1" crap="2" count="0"/>
      <line num="82" type="stmt" count="0"/>
      <metrics loc="86" ncloc="37" classes="1" methods="3" coveredmethods="0" conditionals="0" coveredconditionals="0" statements="8" coveredstatements="0" elements="11" coveredelements="0"/>
    </file>
    <file name="C:\Users\prote\Documents\software-devel\html\src\Ksfraser\HTML\Composites\HTML_ROW_LABELDecorator.php">
      <class name="Ksfraser\HTML\Composites\HTML_ROW_LABELDecorator" namespace="global">
        <metrics complexity="3" methods="3" coveredmethods="0" conditionals="0" coveredconditionals="0" statements="3" coveredstatements="0" elements="6" coveredelements="0"/>
      </class>
      <line num="13" type="method" name="__construct" visibility="public" complexity="1" crap="2" count="0"/>
      <line num="15" type="stmt" count="0"/>
      <line num="18" type="method" name="toHtml" visibility="public" complexity="1" crap="2" count="0"/>
      <line num="20" type="stmt" count="0"/>
      <line num="23" type="method" name="getHtml" visibility="public" complexity="1" crap="2" count="0"/>
      <line num="25" type="stmt" count="0"/>
      <metrics loc="28" ncloc="28" classes="1" methods="3" coveredmethods="0" conditionals="0" coveredconditionals="0" statements="3" coveredstatements="0" elements="6" coveredelements="0"/>
    </file>
    <file name="C:\Users\prote\Documents\software-devel\html\src\Ksfraser\HTML\Composites\HTML_TABLE.php">
      <class name="Ksfraser\HTML\Composites\HTML_TABLE" namespace="global">
        <metrics complexity="9" methods="4" coveredmethods="0" conditionals="0" coveredconditionals="0" statements="20" coveredstatements="0" elements="24" coveredelements="0"/>
      </class>
      <line num="57" type="method" name="__construct" visibility="public" complexity="1" crap="2" count="0"/>
      <line num="59" type="stmt" count="0"/>
      <line num="60" type="stmt" count="0"/>
      <line num="61" type="stmt" count="0"/>
      <line num="74" type="method" name="appendRow" visibility="public" complexity="5" crap="30" count="0"/>
      <line num="76" type="stmt" count="0"/>
      <line num="77" type="stmt" count="0"/>
      <line num="78" type="stmt" count="0"/>
      <line num="79" type="stmt" count="0"/>
      <line num="81" type="stmt" count="0"/>
      <line num="83" type="stmt" count="0"/>
      <line num="85" type="stmt" count="0"/>
      <line num="86" type="stmt" count="0"/>
      <line num="87" type="stmt" count="0"/>
      <line num="89" type="stmt" count="0"/>
      <line num="100" type="method" name="toHtml" visibility="public" complexity="2" crap="6" count="0"/>
      <line num="103" type="stmt" count="0"/>
      <line num="106" type="stmt" count="0"/>
      <line num="107" type="stmt" count="0"/>
      <line num="111" type="stmt" count="0"/>
      <line num="122" type="method" name="getHtml" visibility="public" complexity="1" crap="2" count="0"/>
      <line num="124" type="stmt" count="0"/>
      <line num="125" type="stmt" count="0"/>
      <line num="126" type="stmt" count="0"/>
      <metrics loc="129" ncloc="61" classes="1" methods="4" coveredmethods="0" conditionals="0" coveredconditionals="0" statements="20" coveredstatements="0" elements="24" coveredelements="0"/>
    </file>
    <file name="C:\Users\prote\Documents\software-devel\html\src\Ksfraser\HTML\Composites\HtmlLabelRow.php">
      <class name="Ksfraser\HTML\Composites\HtmlLabelRow" namespace="global">
        <metrics complexity="9" methods="7" coveredmethods="0" conditionals="0" coveredconditionals="0" statements="20" coveredstatements="0" elements="27" coveredelements="0"/>
      </class>
      <line num="67" type="method" name="__construct" visibility="public" complexity="1" crap="2" count="0"/>
      <line num="70" type="stmt" count="0"/>
      <line num="71" type="stmt" count="0"/>
      <line num="72" type="stmt" count="0"/>
      <line num="75" type="stmt" count="0"/>
      <line num="84" type="method" name="setLabelWidth" visibility="public" complexity="1" crap="2" count="0"/>
      <line num="87" type="stmt" count="0"/>
      <line num="88" type="stmt" count="0"/>
      <line num="97" type="method" name="setLabelClass" visibility="public" complexity="1" crap="2" count="0"/>
      <line num="100" type="stmt" count="0"/>
      <line num="101" type="stmt" count="0"/>
      <line num="111" type="method" name="setContentCellAttributes" visibility="public" complexity="3" crap="12" count="0"/>
      <line num="115" type="stmt" count="0"/>
      <line num="116" type="stmt" count="0"/>
      <line num="117" type="stmt" count="0"/>
      <line num="120" type="stmt" count="0"/>
      <line num="130" type="method" name="addContentCellAttribute" visibility="public" complexity="1" crap="2" count="0"/>
      <line num="132" type="stmt" count="0"/>
      <line num="133" type="stmt" count="0"/>
      <line num="144" type="method" name="getHtml" visibility="public" complexity="1" crap="2" count="0"/>
      <line num="147" type="stmt" count="0"/>
      <line num="148" type="stmt" count="0"/>
      <line num="149" type="stmt" count="0"/>
      <line num="150" type="stmt" count="0"/>
      <line num="152" type="stmt" count="0"/>
      <line num="160" type="method" name="toHtml" visibility="public" complexity="1" crap="2" count="0"/>
      <line num="162" type="stmt" count="0"/>
      <metrics loc="165" ncloc="68" classes="1" methods="7" coveredmethods="0" conditionals="0" coveredconditionals="0" statements="20" coveredstatements="0" elements="27" coveredelements="0"/>
    </file>
    <file name="C:\Users\prote\Documents\software-devel\html\src\Ksfraser\HTML\Composites\LabelRowBase.php">
      <class name="Ksfraser\HTML\Composites\LabelRowBase" namespace="global">
        <metrics complexity="7" methods="3" coveredmethods="0" conditionals="0" coveredconditionals="0" statements="7" coveredstatements="0" elements="10" coveredelements="0"/>
      </class>
      <line num="59" type="method" name="__construct" visibility="public" complexity="5" crap="30" count="0"/>
      <line num="63" type="stmt" count="0"/>
      <line num="65" type="stmt" count="0"/>
      <line num="67" type="stmt" count="0"/>
      <line num="69" type="stmt" count="0"/>
      <line num="71" type="stmt" count="0"/>
      <line num="79" type="method" name="getHtml" visibility="public" complexity="1" crap="2" count="0"/>
      <line num="81" type="stmt" count="0"/>
      <line num="89" type="method" name="toHtml" visibility="public" complexity="1" crap="2" count="0"/>
      <line num="91" type="stmt" count="0"/>
      <metrics loc="94" ncloc="40" classes="1" methods="3" coveredmethods="0" conditionals="0" coveredconditionals="0" statements="7" coveredstatements="0" elements="10" coveredelements="0"/>
    </file>
    <file name="C:\Users\prote\Documents\software-devel\html\src\Ksfraser\HTML\Crud\CrudField.php">
      <class name="Ksfraser\HTML\Crud\CrudField" namespace="global">
        <metrics complexity="1" methods="1" coveredmethods="0" conditionals="0" coveredconditionals="0" statements="7" coveredstatements="0" elements="8" coveredelements="0"/>
      </class>
      <line num="45" type="method" name="__construct" visibility="public" complexity="1" crap="2" count="0"/>
      <line num="54" type="stmt" count="0"/>
      <line num="55" type="stmt" count="0"/>
      <line num="56" type="stmt" count="0"/>
      <line num="57" type="stmt" count="0"/>
      <line num="58" type="stmt" count="0"/>
      <line num="59" type="stmt" count="0"/>
      <line num="60" type="stmt" count="0"/>
      <metrics loc="63" ncloc="39" classes="1" methods="1" coveredmethods="0" conditionals="0" coveredconditionals="0" statements="7" coveredstatements="0" elements="8" coveredelements="0"/>
    </file>
    <file name="C:\Users\prote\Documents\software-devel\html\src\Ksfraser\HTML\Crud\LegacyFieldsArrayCrudDescriptor.php">
      <class name="Ksfraser\HTML\Crud\LegacyFieldsArrayCrudDescriptor" namespace="global">
        <metrics complexity="60" methods="9" coveredmethods="0" conditionals="0" coveredconditionals="0" statements="93" coveredstatements="0" elements="102" coveredelements="0"/>
      </class>
      <line num="31" type="method" name="__construct" visibility="public" complexity="1" crap="2" count="0"/>
      <line num="33" type="stmt" count="0"/>
      <line num="34" type="stmt" count="0"/>
      <line num="35" type="stmt" count="0"/>
      <line num="45" type="method" name="fromLegacy" visibility="public" complexity="6" crap="42" count="0"/>
      <line num="47" type="stmt" count="0"/>
      <line num="48" type="stmt" count="0"/>
      <line num="50" type="stmt" count="0"/>
      <line num="51" type="stmt" count="0"/>
      <line num="52" type="stmt" count="0"/>
      <line num="54" type="stmt" count="0"/>
      <line num="55" type="stmt" count="0"/>
      <line num="59" type="stmt" count="0"/>
      <line num="63" type="method" name="getTitle" visibility="public" complexity="4" crap="20" count="0"/>
      <line num="65" type="stmt" count="0"/>
      <line num="66" type="stmt" count="0"/>
      <line num="69" type="stmt" count="0"/>
      <line num="70" type="stmt" count="0"/>
      <line num="71" type="stmt" count="0"/>
      <line num="74" type="stmt" count="0"/>
      <line num="78" type="method" name="getTableName" visibility="public" complexity="3" crap="12" count="0"/>
      <line num="80" type="stmt" count="0"/>
      <line num="81" type="stmt" count="0"/>
      <line num="83" type="stmt" count="0"/>
      <line num="84" type="stmt" count="0"/>
      <line num="86" type="stmt" count="0"/>
      <line num="90" type="method" name="getPrimaryKey" visibility="public" complexity="3" crap="12" count="0"/>
      <line num="92" type="stmt" count="0"/>
      <line num="93" type="stmt" count="0"/>
      <line num="95" type="stmt" count="0"/>
      <line num="103" type="method" name="getFields" visibility="public" complexity="17" crap="306" count="0"/>
      <line num="105" type="stmt" count="0"/>
      <line num="106" type="stmt" count="0"/>
      <line num="107" type="stmt" count="0"/>
      <line num="109" type="stmt" count="0"/>
      <line num="110" type="stmt" count="0"/>
      <line num="111" type="stmt" count="0"/>
      <line num="112" type="stmt" count="0"/>
      <line num="115" type="stmt" count="0"/>
      <line num="116" type="stmt" count="0"/>
      <line num="117" type="stmt" count="0"/>
      <line num="119" type="stmt" count="0"/>
      <line num="120" type="stmt" count="0"/>
      <line num="122" type="stmt" count="0"/>
      <line num="123" type="stmt" count="0"/>
      <line num="124" type="stmt" count="0"/>
      <line num="127" type="stmt" count="0"/>
      <line num="128" type="stmt" count="0"/>
      <line num="129" type="stmt" count="0"/>
      <line num="132" type="stmt" count="0"/>
      <line num="134" type="stmt" count="0"/>
      <line num="135" type="stmt" count="0"/>
      <line num="136" type="stmt" count="0"/>
      <line num="137" type="stmt" count="0"/>
      <line num="140" type="stmt" count="0"/>
      <line num="143" type="stmt" count="0"/>
      <line num="144" type="stmt" count="0"/>
      <line num="145" type="stmt" count="0"/>
      <line num="146" type="stmt" count="0"/>
      <line num="147" type="stmt" count="0"/>
      <line num="150" type="stmt" count="0"/>
      <line num="156" type="method" name="getListColumns" visibility="public" complexity="12" crap="156" count="0"/>
      <line num="158" type="stmt" count="0"/>
      <line num="159" type="stmt" count="0"/>
      <line num="163" type="stmt" count="0"/>
      <line num="165" type="stmt" count="0"/>
      <line num="166" type="stmt" count="0"/>
      <line num="167" type="stmt" count="0"/>
      <line num="170" type="stmt" count="0"/>
      <line num="171" type="stmt" count="0"/>
      <line num="172" type="stmt" count="0"/>
      <line num="175" type="stmt" count="0"/>
      <line num="176" type="stmt" count="0"/>
      <line num="177" type="stmt" count="0"/>
      <line num="180" type="stmt" count="0"/>
      <line num="181" type="stmt" count="0"/>
      <line num="182" type="stmt" count="0"/>
      <line num="185" type="stmt" count="0"/>
      <line num="186" type="stmt" count="0"/>
      <line num="187" type="stmt" count="0"/>
      <line num="191" type="stmt" count="0"/>
      <line num="201" type="method" name="inferInputType" visibility="private" complexity="12" crap="156" count="0"/>
      <line num="203" type="stmt" count="0"/>
      <line num="204" type="stmt" count="0"/>
      <line num="206" type="stmt" count="0"/>
      <line num="207" type="stmt" count="0"/>
      <line num="210" type="stmt" count="0"/>
      <line num="211" type="stmt" count="0"/>
      <line num="214" type="stmt" count="0"/>
      <line num="215" type="stmt" count="0"/>
      <line num="218" type="stmt" count="0"/>
      <line num="219" type="stmt" count="0"/>
      <line num="222" type="stmt" count="0"/>
      <line num="225" type="stmt" count="0"/>
      <line num="228" type="stmt" count="0"/>
      <line num="229" type="stmt" count="0"/>
      <line num="232" type="stmt" count="0"/>
      <line num="233" type="stmt" count="0"/>
      <line num="236" type="stmt" count="0"/>
      <line num="243" type="method" name="isProbablyLargeText" visibility="private" complexity="2" crap="6" count="0"/>
      <line num="245" type="stmt" count="0"/>
      <line num="246" type="stmt" count="0"/>
      <metrics loc="249" ncloc="199" classes="1" methods="9" coveredmethods="0" conditionals="0" coveredconditionals="0" statements="93" coveredstatements="0" elements="102" coveredelements="0"/>
    </file>
    <file name="C:\Users\prote\Documents\software-devel\html\src\Ksfraser\HTML\Crud\SchemaArrayCrudDescriptor.php">
      <class name="Ksfraser\HTML\Crud\SchemaArrayCrudDescriptor" namespace="global">
        <metrics complexity="58" methods="7" coveredmethods="0" conditionals="0" coveredconditionals="0" statements="78" coveredstatements="0" elements="85" coveredelements="0"/>
      </class>
      <line num="19" type="method" name="__construct" visibility="public" complexity="1" crap="2" count="0"/>
      <line num="21" type="stmt" count="0"/>
      <line num="25" type="method" name="getTitle" visibility="public" complexity="5" crap="30" count="0"/>
      <line num="27" type="stmt" count="0"/>
      <line num="28" type="stmt" count="0"/>
      <line num="30" type="stmt" count="0"/>
      <line num="31" type="stmt" count="0"/>
      <line num="33" type="stmt" count="0"/>
      <line num="37" type="method" name="getTable" visibility="public" complexity="2" crap="6" count="0"/>
      <line num="39" type="stmt" count="0"/>
      <line num="43" type="method" name="getPrimaryKey" visibility="public" complexity="3" crap="12" count="0"/>
      <line num="45" type="stmt" count="0"/>
      <line num="46" type="stmt" count="0"/>
      <line num="48" type="stmt" count="0"/>
      <line num="54" type="method" name="getFields" visibility="public" complexity="20" crap="420" count="0"/>
      <line num="56" type="stmt" count="0"/>
      <line num="58" type="stmt" count="0"/>
      <line num="59" type="stmt" count="0"/>
      <line num="60" type="stmt" count="0"/>
      <line num="62" type="stmt" count="0"/>
      <line num="63" type="stmt" count="0"/>
      <line num="66" type="stmt" count="0"/>
      <line num="67" type="stmt" count="0"/>
      <line num="68" type="stmt" count="0"/>
      <line num="71" type="stmt" count="0"/>
      <line num="72" type="stmt" count="0"/>
      <line num="74" type="stmt" count="0"/>
      <line num="75" type="stmt" count="0"/>
      <line num="77" type="stmt" count="0"/>
      <line num="78" type="stmt" count="0"/>
      <line num="79" type="stmt" count="0"/>
      <line num="82" type="stmt" count="0"/>
      <line num="83" type="stmt" count="0"/>
      <line num="84" type="stmt" count="0"/>
      <line num="87" type="stmt" count="0"/>
      <line num="89" type="stmt" count="0"/>
      <line num="91" type="stmt" count="0"/>
      <line num="92" type="stmt" count="0"/>
      <line num="93" type="stmt" count="0"/>
      <line num="94" type="stmt" count="0"/>
      <line num="96" type="stmt" count="0"/>
      <line num="97" type="stmt" count="0"/>
      <line num="100" type="stmt" count="0"/>
      <line num="103" type="stmt" count="0"/>
      <line num="104" type="stmt" count="0"/>
      <line num="105" type="stmt" count="0"/>
      <line num="106" type="stmt" count="0"/>
      <line num="107" type="stmt" count="0"/>
      <line num="110" type="stmt" count="0"/>
      <line num="116" type="method" name="getListColumns" visibility="public" complexity="14" crap="210" count="0"/>
      <line num="118" type="stmt" count="0"/>
      <line num="119" type="stmt" count="0"/>
      <line num="122" type="stmt" count="0"/>
      <line num="123" type="stmt" count="0"/>
      <line num="124" type="stmt" count="0"/>
      <line num="125" type="stmt" count="0"/>
      <line num="128" type="stmt" count="0"/>
      <line num="129" type="stmt" count="0"/>
      <line num="130" type="stmt" count="0"/>
      <line num="131" type="stmt" count="0"/>
      <line num="133" type="stmt" count="0"/>
      <line num="134" type="stmt" count="0"/>
      <line num="135" type="stmt" count="0"/>
      <line num="137" type="stmt" count="0"/>
      <line num="138" type="stmt" count="0"/>
      <line num="139" type="stmt" count="0"/>
      <line num="144" type="stmt" count="0"/>
      <line num="152" type="method" name="inferInputType" visibility="private" complexity="13" crap="182" count="0"/>
      <line num="154" type="stmt" count="0"/>
      <line num="155" type="stmt" count="0"/>
      <line num="157" type="stmt" count="0"/>
      <line num="158" type="stmt" count="0"/>
      <line num="161" type="stmt" count="0"/>
      <line num="162" type="stmt" count="0"/>
      <line num="165" type="stmt" count="0"/>
      <line num="166" type="stmt" count="0"/>
      <line num="169" type="stmt" count="0"/>
      <line num="170" type="stmt" count="0"/>
      <line num="173" type="stmt" count="0"/>
      <line num="174" type="stmt" count="0"/>
      <line num="177" type="stmt" count="0"/>
      <line num="178" type="stmt" count="0"/>
      <line num="181" type="stmt" count="0"/>
      <line num="182" type="stmt" count="0"/>
      <line num="185" type="stmt" count="0"/>
      <metrics loc="188" ncloc="164" classes="1" methods="7" coveredmethods="0" conditionals="0" coveredconditionals="0" statements="78" coveredstatements="0" elements="85" coveredelements="0"/>
    </file>
    <file name="C:\Users\prote\Documents\software-devel\html\src\Ksfraser\HTML\Elements\AjaxSelectPopulator.php">
      <class name="Ksfraser\HTML\Elements\AjaxSelectPopulator" namespace="global">
        <metrics complexity="11" methods="10" coveredmethods="0" conditionals="0" coveredconditionals="0" statements="49" coveredstatements="0" elements="59" coveredelements="0"/>
      </class>
      <line num="116" type="method" name="__construct" visibility="public" complexity="1" crap="2" count="0"/>
      <line num="118" type="stmt" count="0"/>
      <line num="127" type="method" name="setFunctionName" visibility="public" complexity="1" crap="2" count="0"/>
      <line num="129" type="stmt" count="0"/>
      <line num="130" type="stmt" count="0"/>
      <line num="139" type="method" name="setSourceFieldId" visibility="public" complexity="1" crap="2" count="0"/>
      <line num="141" type="stmt" count="0"/>
      <line num="142" type="stmt" count="0"/>
      <line num="151" type="method" name="setTargetFieldId" visibility="public" complexity="1" crap="2" count="0"/>
      <line num="153" type="stmt" count="0"/>
      <line num="154" type="stmt" count="0"/>
      <line num="163" type="method" name="setEndpoint" visibility="public" complexity="1" crap="2" count="0"/>
      <line num="165" type="stmt" count="0"/>
      <line num="166" type="stmt" count="0"/>
      <line num="175" type="method" name="setQueryParam" visibility="public" complexity="1" crap="2" count="0"/>
      <line num="177" type="stmt" count="0"/>
      <line num="178" type="stmt" count="0"/>
      <line num="191" type="method" name="setPlaceholder" visibility="public" complexity="1" crap="2" count="0"/>
      <line num="193" type="stmt" count="0"/>
      <line num="194" type="stmt" count="0"/>
      <line num="203" type="method" name="setShowLoadingState" visibility="public" complexity="1" crap="2" count="0"/>
      <line num="205" type="stmt" count="0"/>
      <line num="206" type="stmt" count="0"/>
      <line num="214" type="method" name="generateJSFunction" visibility="protected" complexity="2" crap="6" count="0"/>
      <line num="216" type="stmt" count="0"/>
      <line num="217" type="stmt" count="0"/>
      <line num="218" type="stmt" count="0"/>
      <line num="220" type="stmt" count="0"/>
      <line num="221" type="stmt" count="0"/>
      <line num="222" type="stmt" count="0"/>
      <line num="225" type="stmt" count="0"/>
      <line num="226" type="stmt" count="0"/>
      <line num="227" type="stmt" count="0"/>
      <line num="228" type="stmt" count="0"/>
      <line num="229" type="stmt" count="0"/>
      <line num="230" type="stmt" count="0"/>
      <line num="231" type="stmt" count="0"/>
      <line num="232" type="stmt" count="0"/>
      <line num="233" type="stmt" count="0"/>
      <line num="234" type="stmt" count="0"/>
      <line num="235" type="stmt" count="0"/>
      <line num="236" type="stmt" count="0"/>
      <line num="237" type="stmt" count="0"/>
      <line num="238" type="stmt" count="0"/>
      <line num="239" type="stmt" count="0"/>
      <line num="240" type="stmt" count="0"/>
      <line num="241" type="stmt" count="0"/>
      <line num="242" type="stmt" count="0"/>
      <line num="243" type="stmt" count="0"/>
      <line num="244" type="stmt" count="0"/>
      <line num="245" type="stmt" count="0"/>
      <line num="246" type="stmt" count="0"/>
      <line num="247" type="stmt" count="0"/>
      <line num="248" type="stmt" count="0"/>
      <line num="249" type="stmt" count="0"/>
      <line num="251" type="stmt" count="0"/>
      <line num="259" type="method" name="getHtml" visibility="public" complexity="1" crap="2" count="0"/>
      <line num="261" type="stmt" count="0"/>
      <line num="262" type="stmt" count="0"/>
      <metrics loc="265" ncloc="116" classes="1" methods="10" coveredmethods="0" conditionals="0" coveredconditionals="0" statements="49" coveredstatements="0" elements="59" coveredelements="0"/>
    </file>
    <file name="C:\Users\prote\Documents\software-devel\html\src\Ksfraser\HTML\Elements\Div.php">
      <class name="Ksfraser\HTML\Elements\Div" namespace="global">
        <metrics complexity="15" methods="9" coveredmethods="8" conditionals="0" coveredconditionals="0" statements="24" coveredstatements="19" elements="33" coveredelements="27"/>
      </class>
      <line num="24" type="method" name="__construct" visibility="public" complexity="1" crap="1" count="18"/>
      <line num="25" type="stmt" count="18"/>
      <line num="26" type="stmt" count="18"/>
      <line num="34" type="method" name="getHtmlElement" visibility="public" complexity="1" crap="1" count="14"/>
      <line num="35" type="stmt" count="14"/>
      <line num="44" type="method" name="setText" visibility="public" complexity="2" crap="6" count="0"/>
      <line num="46" type="stmt" count="0"/>
      <line num="47" type="stmt" count="0"/>
      <line num="50" type="stmt" count="0"/>
      <line num="51" type="stmt" count="0"/>
      <line num="54" type="stmt" count="0"/>
      <line num="63" type="method" name="addClass" visibility="public" complexity="3" crap="3" count="18"/>
      <line num="64" type="stmt" count="18"/>
      <line num="65" type="stmt" count="18"/>
      <line num="67" type="stmt" count="18"/>
      <line num="68" type="stmt" count="18"/>
      <line num="70" type="stmt" count="18"/>
      <line num="79" type="method" name="setId" visibility="public" complexity="1" crap="1" count="14"/>
      <line num="80" type="stmt" count="14"/>
      <line num="89" type="method" name="append" visibility="public" complexity="4" crap="4" count="14"/>
      <line num="90" type="stmt" count="14"/>
      <line num="91" type="stmt" count="14"/>
      <line num="92" type="stmt" count="9"/>
      <line num="93" type="stmt" count="11"/>
      <line num="94" type="stmt" count="11"/>
      <line num="97" type="stmt" count="14"/>
      <line num="107" type="method" name="setAttribute" visibility="public" complexity="1" crap="1" count="14"/>
      <line num="108" type="stmt" count="14"/>
      <line num="109" type="stmt" count="14"/>
      <line num="117" type="method" name="getHtml" visibility="public" complexity="1" crap="1" count="14"/>
      <line num="118" type="stmt" count="14"/>
      <line num="126" type="method" name="render" visibility="public" complexity="1" crap="1" count="14"/>
      <line num="127" type="stmt" count="14"/>
      <metrics loc="130" ncloc="69" classes="1" methods="9" coveredmethods="8" conditionals="0" coveredconditionals="0" statements="24" coveredstatements="19" elements="33" coveredelements="27"/>
    </file>
    <file name="C:\Users\prote\Documents\software-devel\html\src\Ksfraser\HTML\Elements\FaCell.php">
      <class name="Ksfraser\HTML\Elements\FaCell" namespace="global">
        <metrics complexity="6" methods="3" coveredmethods="0" conditionals="0" coveredconditionals="0" statements="11" coveredstatements="0" elements="14" coveredelements="0"/>
      </class>
      <line num="29" type="method" name="__construct" visibility="public" complexity="1" crap="2" count="0"/>
      <line num="31" type="stmt" count="0"/>
      <line num="32" type="stmt" count="0"/>
      <line num="35" type="stmt" count="0"/>
      <line num="41" type="method" name="setCellAttributes" visibility="private" complexity="2" crap="6" count="0"/>
      <line num="43" type="stmt" count="0"/>
      <line num="44" type="stmt" count="0"/>
      <line num="51" type="method" name="parseExtraAttributes" visibility="private" complexity="3" crap="12" count="0"/>
      <line num="54" type="stmt" count="0"/>
      <line num="55" type="stmt" count="0"/>
      <line num="56" type="stmt" count="0"/>
      <line num="57" type="stmt" count="0"/>
      <line num="58" type="stmt" count="0"/>
      <line num="59" type="stmt" count="0"/>
      <metrics loc="63" ncloc="39" classes="1" methods="3" coveredmethods="0" conditionals="0" coveredconditionals="0" statements="11" coveredstatements="0" elements="14" coveredelements="0"/>
    </file>
    <file name="C:\Users\prote\Documents\software-devel\html\src\Ksfraser\HTML\Elements\FaTable.php">
      <class name="Ksfraser\HTML\Elements\FaTable" namespace="global">
        <metrics complexity="13" methods="5" coveredmethods="0" conditionals="0" coveredconditionals="0" statements="25" coveredstatements="0" elements="30" coveredelements="0"/>
      </class>
      <line num="32" type="method" name="__construct" visibility="public" complexity="1" crap="2" count="0"/>
      <line num="34" type="stmt" count="0"/>
      <line num="35" type="stmt" count="0"/>
      <line num="36" type="stmt" count="0"/>
      <line num="39" type="stmt" count="0"/>
      <line num="45" type="method" name="setTableAttributes" visibility="private" complexity="3" crap="12" count="0"/>
      <line num="48" type="stmt" count="0"/>
      <line num="49" type="stmt" count="0"/>
      <line num="50" type="stmt" count="0"/>
      <line num="54" type="stmt" count="0"/>
      <line num="55" type="stmt" count="0"/>
      <line num="58" type="stmt" count="0"/>
      <line num="59" type="stmt" count="0"/>
      <line num="66" type="method" name="getClassName" visibility="private" complexity="5" crap="30" count="0"/>
      <line num="68" type="stmt" count="0"/>
      <line num="69" type="stmt" count="0"/>
      <line num="70" type="stmt" count="0"/>
      <line num="71" type="stmt" count="0"/>
      <line num="72" type="stmt" count="0"/>
      <line num="79" type="method" name="parseExtraAttributes" visibility="private" complexity="3" crap="12" count="0"/>
      <line num="82" type="stmt" count="0"/>
      <line num="83" type="stmt" count="0"/>
      <line num="84" type="stmt" count="0"/>
      <line num="85" type="stmt" count="0"/>
      <line num="86" type="stmt" count="0"/>
      <line num="87" type="stmt" count="0"/>
      <line num="95" type="method" name="toHtml" visibility="public" complexity="1" crap="2" count="0"/>
      <line num="97" type="stmt" count="0"/>
      <line num="98" type="stmt" count="0"/>
      <line num="99" type="stmt" count="0"/>
      <metrics loc="101" ncloc="65" classes="1" methods="5" coveredmethods="0" conditionals="0" coveredconditionals="0" statements="25" coveredstatements="0" elements="30" coveredelements="0"/>
    </file>
    <file name="C:\Users\prote\Documents\software-devel\html\src\Ksfraser\HTML\Elements\Form.php">
      <class name="Ksfraser\HTML\Elements\Form" namespace="global">
        <metrics complexity="6" methods="5" coveredmethods="0" conditionals="0" coveredconditionals="0" statements="7" coveredstatements="0" elements="12" coveredelements="0"/>
      </class>
      <line num="19" type="method" name="__construct" visibility="public" complexity="1" crap="2" count="0"/>
      <line num="20" type="stmt" count="0"/>
      <line num="23" type="method" name="getHtmlElement" visibility="public" complexity="1" crap="2" count="0"/>
      <line num="24" type="stmt" count="0"/>
      <line num="27" type="method" name="__call" visibility="public" complexity="2" crap="6" count="0"/>
      <line num="29" type="stmt" count="0"/>
      <line num="30" type="stmt" count="0"/>
      <line num="32" type="stmt" count="0"/>
      <line num="35" type="method" name="getHtml" visibility="public" complexity="1" crap="2" count="0"/>
      <line num="36" type="stmt" count="0"/>
      <line num="45" type="method" name="render" visibility="public" complexity="1" crap="2" count="0"/>
      <line num="46" type="stmt" count="0"/>
      <metrics loc="49" ncloc="33" classes="1" methods="5" coveredmethods="0" conditionals="0" coveredconditionals="0" statements="7" coveredstatements="0" elements="12" coveredelements="0"/>
    </file>
    <file name="C:\Users\prote\Documents\software-devel\html\src\Ksfraser\HTML\Elements\Heading.php">
      <class name="Ksfraser\HTML\Elements\Heading" namespace="global">
        <metrics complexity="8" methods="6" coveredmethods="3" conditionals="0" coveredconditionals="0" statements="15" coveredstatements="8" elements="21" coveredelements="11"/>
      </class>
      <line num="30" type="method" name="__construct" visibility="public" complexity="1" crap="1" count="2"/>
      <line num="31" type="stmt" count="2"/>
      <line num="32" type="stmt" count="2"/>
      <line num="34" type="stmt" count="2"/>
      <line num="42" type="method" name="getHtmlElement" visibility="public" complexity="1" crap="1" count="2"/>
      <line num="43" type="stmt" count="2"/>
      <line num="52" type="method" name="setText" visibility="public" complexity="1" crap="1" count="2"/>
      <line num="53" type="stmt" count="2"/>
      <line num="55" type="stmt" count="2"/>
      <line num="56" type="stmt" count="2"/>
      <line num="57" type="stmt" count="2"/>
      <line num="66" type="method" name="addClass" visibility="public" complexity="3" crap="12" count="0"/>
      <line num="67" type="stmt" count="0"/>
      <line num="68" type="stmt" count="0"/>
      <line num="70" type="stmt" count="0"/>
      <line num="71" type="stmt" count="0"/>
      <line num="73" type="stmt" count="0"/>
      <line num="81" type="method" name="getHtml" visibility="public" complexity="1" crap="2" count="0"/>
      <line num="82" type="stmt" count="0"/>
      <line num="90" type="method" name="render" visibility="public" complexity="1" crap="2" count="0"/>
      <line num="91" type="stmt" count="0"/>
      <metrics loc="94" ncloc="48" classes="1" methods="6" coveredmethods="3" conditionals="0" coveredconditionals="0" statements="15" coveredstatements="8" elements="21" coveredelements="11"/>
    </file>
    <file name="C:\Users\prote\Documents\software-devel\html\src\Ksfraser\HTML\Elements\Hidden.php">
      <class name="Ksfraser\HTML\Elements\Hidden" namespace="global">
        <metrics complexity="0" methods="0" coveredmethods="0" conditionals="0" coveredconditionals="0" statements="0" coveredstatements="0" elements="0" coveredelements="0"/>
      </class>
      <metrics loc="36" ncloc="8" classes="0" methods="0" coveredmethods="0" conditionals="0" coveredconditionals="0" statements="0" coveredstatements="0" elements="0" coveredelements="0"/>
    </file>
    <file name="C:\Users\prote\Documents\software-devel\html\src\Ksfraser\HTML\Elements\HtmlA.php">
      <class name="Ksfraser\HTML\Elements\HtmlA" namespace="global">
[...]
      <line num="742" type="method" name="applyBorderRight" visibility="public" complexity="2" crap="6" count="0"/>
      <line num="744" type="stmt" count="0"/>
      <line num="745" type="stmt" count="0"/>
      <line num="747" type="stmt" count="0"/>
      <line num="757" type="method" name="applyBorderRadius" visibility="public" complexity="3" crap="12" count="0"/>
      <line num="759" type="stmt" count="0"/>
      <line num="760" type="stmt" count="0"/>
      <line num="761" type="stmt" count="0"/>
      <line num="763" type="stmt" count="0"/>
      <line num="766" type="stmt" count="0"/>
      <line num="780" type="method" name="applyShadow" visibility="public" complexity="4" crap="20" count="0"/>
      <line num="782" type="stmt" count="0"/>
      <line num="783" type="stmt" count="0"/>
      <line num="784" type="stmt" count="0"/>
      <line num="785" type="stmt" count="0"/>
      <line num="786" type="stmt" count="0"/>
      <line num="788" type="stmt" count="0"/>
      <line num="791" type="stmt" count="0"/>
      <metrics loc="794" ncloc="415" classes="1" methods="45" coveredmethods="3" conditionals="0" coveredconditionals="0" statements="154" coveredstatements="9" elements="199" coveredelements="12"/>
    </file>
    <file name="C:\Users\prote\Documents\software-devel\html\src\Ksfraser\HTML\Traits\SemanticElementsTrait.php">
      <class name="Ksfraser\HTML\Traits\SemanticElementsTrait" namespace="global">
        <metrics complexity="106" methods="74" coveredmethods="47" conditionals="0" coveredconditionals="0" statements="166" coveredstatements="111" elements="240" coveredelements="158"/>
      </class>
      <line num="51" type="method" name="div" visibility="public" complexity="1" crap="1" count="4"/>
      <line num="53" type="stmt" count="4"/>
      <line num="61" type="method" name="header" visibility="public" complexity="1" crap="1" count="1"/>
      <line num="63" type="stmt" count="1"/>
      <line num="71" type="method" name="nav" visibility="public" complexity="1" crap="1" count="1"/>
      <line num="73" type="stmt" count="1"/>
      <line num="81" type="method" name="main" visibility="public" complexity="1" crap="1" count="1"/>
      <line num="83" type="stmt" count="1"/>
      <line num="92" type="method" name="section" visibility="public" complexity="2" crap="2.06" count="1"/>
      <line num="94" type="stmt" count="1"/>
      <line num="95" type="stmt" count="1"/>
      <line num="96" type="stmt" count="0"/>
      <line num="98" type="stmt" count="1"/>
      <line num="106" type="method" name="article" visibility="public" complexity="1" crap="1" count="1"/>
      <line num="108" type="stmt" count="1"/>
      <line num="116" type="method" name="aside" visibility="public" complexity="1" crap="1" count="1"/>
      <line num="118" type="stmt" count="1"/>
      <line num="126" type="method" name="footer" visibility="public" complexity="1" crap="1" count="1"/>
      <line num="128" type="stmt" count="1"/>
      <line num="142" type="method" name="heading" visibility="public" complexity="1" crap="2" count="0"/>
      <line num="144" type="stmt" count="0"/>
      <line num="145" type="stmt" count="0"/>
      <line num="154" type="method" name="paragraph" visibility="public" complexity="1" crap="2" count="0"/>
      <line num="156" type="stmt" count="0"/>
      <line num="165" type="method" name="strong" visibility="public" complexity="1" crap="1" count="1"/>
      <line num="167" type="stmt" count="1"/>
      <line num="176" type="method" name="em" visibility="public" complexity="1" crap="1" count="1"/>
      <line num="178" type="stmt" count="1"/>
      <line num="187" type="method" name="mark" visibility="public" complexity="1" crap="1" count="1"/>
      <line num="189" type="stmt" count="1"/>
      <line num="198" type="method" name="code" visibility="public" complexity="1" crap="1" count="1"/>
      <line num="200" type="stmt" count="1"/>
      <line num="209" type="method" name="pre" visibility="public" complexity="2" crap="2" count="1"/>
      <line num="211" type="stmt" count="1"/>
      <line num="212" type="stmt" count="1"/>
      <line num="214" type="stmt" count="1"/>
      <line num="216" type="stmt" count="1"/>
      <line num="225" type="method" name="small" visibility="public" complexity="1" crap="1" count="1"/>
      <line num="227" type="stmt" count="1"/>
      <line num="237" type="method" name="blockquote" visibility="public" complexity="2" crap="2" count="2"/>
      <line num="239" type="stmt" count="2"/>
      <line num="240" type="stmt" count="2"/>
      <line num="241" type="stmt" count="1"/>
      <line num="243" type="stmt" count="2"/>
      <line num="252" type="method" name="cite" visibility="public" complexity="1" crap="1" count="1"/>
      <line num="254" type="stmt" count="1"/>
      <line num="263" type="method" name="address" visibility="public" complexity="1" crap="1" count="1"/>
      <line num="265" type="stmt" count="1"/>
      <line num="275" type="method" name="time" visibility="public" complexity="2" crap="2" count="2"/>
      <line num="277" type="stmt" count="2"/>
      <line num="278" type="stmt" count="2"/>
      <line num="279" type="stmt" count="1"/>
      <line num="281" type="stmt" count="2"/>
      <line num="293" type="method" name="figure" visibility="public" complexity="1" crap="1" count="1"/>
      <line num="295" type="stmt" count="1"/>
      <line num="304" type="method" name="figcaption" visibility="public" complexity="1" crap="1" count="1"/>
      <line num="306" type="stmt" count="1"/>
      <line num="316" type="method" name="image" visibility="public" complexity="2" crap="6" count="0"/>
      <line num="318" type="stmt" count="0"/>
      <line num="319" type="stmt" count="0"/>
      <line num="320" type="stmt" count="0"/>
      <line num="321" type="stmt" count="0"/>
      <line num="323" type="stmt" count="0"/>
      <line num="333" type="method" name="imageResponsive" visibility="public" complexity="1" crap="2" count="0"/>
      <line num="335" type="stmt" count="0"/>
      <line num="336" type="stmt" count="0"/>
      <line num="337" type="stmt" count="0"/>
      <line num="347" type="method" name="imageThumbnail" visibility="public" complexity="1" crap="2" count="0"/>
      <line num="349" type="stmt" count="0"/>
      <line num="350" type="stmt" count="0"/>
      <line num="351" type="stmt" count="0"/>
      <line num="359" type="method" name="picture" visibility="public" complexity="1" crap="2" count="0"/>
      <line num="361" type="stmt" count="0"/>
      <line num="371" type="method" name="audio" visibility="public" complexity="3" crap="3" count="2"/>
      <line num="373" type="stmt" count="2"/>
      <line num="374" type="stmt" count="2"/>
      <line num="375" type="stmt" count="2"/>
      <line num="377" type="stmt" count="2"/>
      <line num="378" type="stmt" count="1"/>
      <line num="380" type="stmt" count="2"/>
      <line num="391" type="method" name="video" visibility="public" complexity="4" crap="4" count="3"/>
      <line num="393" type="stmt" count="3"/>
      <line num="394" type="stmt" count="3"/>
      <line num="395" type="stmt" count="3"/>
      <line num="397" type="stmt" count="3"/>
      <line num="398" type="stmt" count="1"/>
      <line num="400" type="stmt" count="3"/>
      <line num="401" type="stmt" count="1"/>
      <line num="403" type="stmt" count="3"/>
      <line num="413" type="method" name="source" visibility="public" complexity="1" crap="1" count="1"/>
      <line num="415" type="stmt" count="1"/>
      <line num="416" type="stmt" count="1"/>
      <line num="417" type="stmt" count="1"/>
      <line num="418" type="stmt" count="1"/>
      <line num="431" type="method" name="details" visibility="public" complexity="2" crap="2.06" count="1"/>
      <line num="433" type="stmt" count="1"/>
      <line num="434" type="stmt" count="1"/>
      <line num="435" type="stmt" count="0"/>
      <line num="437" type="stmt" count="1"/>
      <line num="446" type="method" name="summary" visibility="public" complexity="1" crap="1" count="1"/>
      <line num="448" type="stmt" count="1"/>
      <line num="457" type="method" name="dialog" visibility="public" complexity="2" crap="2" count="2"/>
      <line num="459" type="stmt" count="2"/>
      <line num="460" type="stmt" count="2"/>
      <line num="461" type="stmt" count="1"/>
      <line num="463" type="stmt" count="2"/>
      <line num="477" type="method" name="progress" visibility="public" complexity="3" crap="12" count="0"/>
      <line num="479" type="stmt" count="0"/>
      <line num="480" type="stmt" count="0"/>
      <line num="481" type="stmt" count="0"/>
      <line num="483" type="stmt" count="0"/>
      <line num="484" type="stmt" count="0"/>
      <line num="486" type="stmt" count="0"/>
      <line num="499" type="method" name="meter" visibility="public" complexity="6" crap="42" count="0"/>
      <line num="501" type="stmt" count="0"/>
      <line num="502" type="stmt" count="0"/>
      <line num="503" type="stmt" count="0"/>
      <line num="505" type="stmt" count="0"/>
      <line num="506" type="stmt" count="0"/>
      <line num="508" type="stmt" count="0"/>
      <line num="509" type="stmt" count="0"/>
      <line num="511" type="stmt" count="0"/>
      <line num="512" type="stmt" count="0"/>
      <line num="514" type="stmt" count="0"/>
      <line num="515" type="stmt" count="0"/>
      <line num="517" type="stmt" count="0"/>
      <line num="529" type="method" name="unorderedList" visibility="public" complexity="1" crap="2" count="0"/>
      <line num="531" type="stmt" count="0"/>
      <line num="540" type="method" name="orderedList" visibility="public" complexity="2" crap="6" count="0"/>
      <line num="542" type="stmt" count="0"/>
      <line num="543" type="stmt" count="0"/>
      <line num="544" type="stmt" count="0"/>
      <line num="546" type="stmt" count="0"/>
      <line num="555" type="method" name="listItem" visibility="public" complexity="1" crap="2" count="0"/>
      <line num="557" type="stmt" count="0"/>
      <line num="565" type="method" name="definitionList" visibility="public" complexity="1" crap="2" count="0"/>
      <line num="567" type="stmt" count="0"/>
      <line num="576" type="method" name="definitionTerm" visibility="public" complexity="1" crap="2" count="0"/>
      <line num="578" type="stmt" count="0"/>
      <line num="587" type="method" name="definitionDescription" visibility="public" complexity="1" crap="2" count="0"/>
      <line num="589" type="stmt" count="0"/>
      <line num="601" type="method" name="table" visibility="public" complexity="1" crap="2" count="0"/>
      <line num="603" type="stmt" count="0"/>
      <line num="611" type="method" name="tableHead" visibility="public" complexity="1" crap="2" count="0"/>
      <line num="613" type="stmt" count="0"/>
      <line num="621" type="method" name="tableBody" visibility="public" complexity="1" crap="2" count="0"/>
      <line num="623" type="stmt" count="0"/>
      <line num="631" type="method" name="tableFoot" visibility="public" complexity="1" crap="2" count="0"/>
      <line num="633" type="stmt" count="0"/>
      <line num="641" type="method" name="tableRow" visibility="public" complexity="1" crap="2" count="0"/>
      <line num="643" type="stmt" count="0"/>
      <line num="652" type="method" name="tableData" visibility="public" complexity="1" crap="2" count="0"/>
      <line num="654" type="stmt" count="0"/>
      <line num="663" type="method" name="tableHeader" visibility="public" complexity="1" crap="2" count="0"/>
      <line num="665" type="stmt" count="0"/>
      <line num="674" type="method" name="tableCaption" visibility="public" complexity="1" crap="2" count="0"/>
      <line num="676" type="stmt" count="0"/>
      <line num="684" type="method" name="tableColumn" visibility="public" complexity="1" crap="2" count="0"/>
      <line num="686" type="stmt" count="0"/>
      <line num="694" type="method" name="tableColumnGroup" visibility="public" complexity="1" crap="2" count="0"/>
      <line num="696" type="stmt" count="0"/>
      <line num="705" type="method" name="legend" visibility="public" complexity="1" crap="2" count="0"/>
      <line num="707" type="stmt" count="0"/>
      <line num="721" type="method" name="kbd" visibility="public" complexity="1" crap="1" count="1"/>
      <line num="723" type="stmt" count="1"/>
      <line num="733" type="method" name="samp" visibility="public" complexity="1" crap="1" count="1"/>
      <line num="735" type="stmt" count="1"/>
      <line num="745" type="method" name="var" visibility="public" complexity="1" crap="1" count="1"/>
      <line num="747" type="stmt" count="1"/>
      <line num="757" type="method" name="del" visibility="public" complexity="1" crap="1" count="1"/>
      <line num="759" type="stmt" count="1"/>
      <line num="769" type="method" name="ins" visibility="public" complexity="1" crap="1" count="1"/>
      <line num="771" type="stmt" count="1"/>
      <line num="781" type="method" name="sub" visibility="public" complexity="1" crap="1" count="1"/>
      <line num="783" type="stmt" count="1"/>
      <line num="793" type="method" name="sup" visibility="public" complexity="1" crap="1" count="1"/>
      <line num="795" type="stmt" count="1"/>
      <line num="806" type="method" name="abbr" visibility="public" complexity="2" crap="2" count="1"/>
      <line num="808" type="stmt" count="1"/>
      <line num="809" type="stmt" count="1"/>
      <line num="810" type="stmt" count="1"/>
      <line num="812" type="stmt" count="1"/>
      <line num="823" type="method" name="track" visibility="public" complexity="3" crap="3" count="1"/>
      <line num="825" type="stmt" count="1"/>
      <line num="826" type="stmt" count="1"/>
      <line num="827" type="stmt" count="1"/>
      <line num="829" type="stmt" count="1"/>
      <line num="830" type="stmt" count="1"/>
      <line num="832" type="stmt" count="1"/>
      <line num="845" type="method" name="descriptionList" visibility="public" complexity="1" crap="1" count="1"/>
      <line num="847" type="stmt" count="1"/>
      <line num="857" type="method" name="descriptionTerm" visibility="public" complexity="1" crap="1" count="1"/>
      <line num="859" type="stmt" count="1"/>
      <line num="869" type="method" name="descriptionDefinition" visibility="public" complexity="1" crap="1" count="1"/>
      <line num="871" type="stmt" count="1"/>
      <line num="885" type="method" name="noscript" visibility="public" complexity="1" crap="1" count="1"/>
      <line num="887" type="stmt" count="1"/>
      <line num="898" type="method" name="canvas" visibility="public" complexity="3" crap="3" count="2"/>
      <line num="900" type="stmt" count="2"/>
      <line num="901" type="stmt" count="2"/>
      <line num="902" type="stmt" count="1"/>
      <line num="904" type="stmt" count="2"/>
      <line num="905" type="stmt" count="1"/>
      <line num="907" type="stmt" count="2"/>
      <line num="921" type="method" name="htmlElement" visibility="public" complexity="1" crap="1" count="1"/>
      <line num="923" type="stmt" count="1"/>
      <line num="924" type="stmt" count="1"/>
      <line num="925" type="stmt" count="1"/>
      <line num="934" type="method" name="head" visibility="public" complexity="1" crap="1" count="1"/>
      <line num="936" type="stmt" count="1"/>
      <line num="945" type="method" name="body" visibility="public" complexity="1" crap="1" count="1"/>
      <line num="947" type="stmt" count="1"/>
      <line num="957" type="method" name="title" visibility="public" complexity="1" crap="1" count="1"/>
      <line num="959" type="stmt" count="1"/>
      <line num="970" type="method" name="meta" visibility="public" complexity="3" crap="3" count="1"/>
      <line num="972" type="stmt" count="1"/>
      <line num="973" type="stmt" count="1"/>
      <line num="974" type="stmt" count="1"/>
      <line num="976" type="stmt" count="1"/>
      <line num="977" type="stmt" count="1"/>
      <line num="979" type="stmt" count="1"/>
      <line num="990" type="method" name="link" visibility="public" complexity="3" crap="3" count="1"/>
      <line num="992" type="stmt" count="1"/>
      <line num="993" type="stmt" count="1"/>
      <line num="994" type="stmt" count="1"/>
      <line num="996" type="stmt" count="1"/>
      <line num="997" type="stmt" count="1"/>
      <line num="999" type="stmt" count="1"/>
      <line num="1009" type="method" name="script" visibility="public" complexity="2" crap="2" count="1"/>
      <line num="1011" type="stmt" count="1"/>
      <line num="1012" type="stmt" count="1"/>
      <line num="1013" type="stmt" count="1"/>
      <line num="1015" type="stmt" count="1"/>
      <line num="1025" type="method" name="style" visibility="public" complexity="1" crap="1" count="1"/>
      <line num="1027" type="stmt" count="1"/>
      <line num="1038" type="method" name="svg" visibility="public" complexity="3" crap="3" count="2"/>
      <line num="1040" type="stmt" count="2"/>
      <line num="1041" type="stmt" count="2"/>
      <line num="1042" type="stmt" count="1"/>
      <line num="1044" type="stmt" count="2"/>
      <metrics loc="1047" ncloc="513" classes="1" methods="74" coveredmethods="47" conditionals="0" coveredconditionals="0" statements="166" coveredstatements="111" elements="240" coveredelements="158"/>
    </file>
    <file name="C:\Users\prote\Documents\software-devel\html\src\Ksfraser\HTML\Typescript\HtmlTypeScriptString.php">
      <class name="Ksfraser\HTML\Typescript\HtmlTypeScriptString" namespace="global">
        <metrics complexity="1" methods="1" coveredmethods="1" conditionals="0" coveredconditionals="0" statements="1" coveredstatements="1" elements="2" coveredelements="2"/>
      </class>
      <line num="13" type="method" name="getHtml" visibility="public" complexity="1" crap="1" count="1"/>
      <line num="15" type="stmt" count="1"/>
      <metrics loc="18" ncloc="12" classes="1" methods="1" coveredmethods="1" conditionals="0" coveredconditionals="0" statements="1" coveredstatements="1" elements="2" coveredelements="2"/>
    </file>
    <file name="C:\Users\prote\Documents\software-devel\html\src\Ksfraser\HTML\VBScript\HtmlVBScriptString.php">
      <class name="Ksfraser\HTML\VBScript\HtmlVBScriptString" namespace="global">
        <metrics complexity="1" methods="1" coveredmethods="1" conditionals="0" coveredconditionals="0" statements="1" coveredstatements="1" elements="2" coveredelements="2"/>
      </class>
      <line num="13" type="method" name="getHtml" visibility="public" complexity="1" crap="1" count="1"/>
      <line num="15" type="stmt" count="1"/>
      <metrics loc="18" ncloc="12" classes="1" methods="1" coveredmethods="1" conditionals="0" coveredconditionals="0" statements="1" coveredstatements="1" elements="2" coveredelements="2"/>
    </file>
    <file name="C:\Users\prote\Documents\software-devel\html\src\Ksfraser\HTML\js\HtmlJsEventTrait.php">
      <class name="Ksfraser\HTML\JS\HtmlJsEventTrait" namespace="global">
        <metrics complexity="1" methods="1" coveredmethods="1" conditionals="0" coveredconditionals="0" statements="2" coveredstatements="2" elements="3" coveredelements="3"/>
      </class>
      <line num="16" type="method" name="setOnclick" visibility="public" complexity="1" crap="1" count="2"/>
      <line num="17" type="stmt" count="2"/>
      <line num="18" type="stmt" count="2"/>
      <metrics loc="23" ncloc="13" classes="1" methods="1" coveredmethods="1" conditionals="0" coveredconditionals="0" statements="2" coveredstatements="2" elements="3" coveredelements="3"/>
    </file>
    <metrics files="261" loc="18290" ncloc="9938" classes="225" methods="884" coveredmethods="496" conditionals="0" coveredconditionals="0" statements="2820" coveredstatements="1669" elements="3704" coveredelements="2165"/>
  </project>
</coverage>
