<?xml version="1.0" encoding="UTF-8"?>
<testsuites>
  <testsuite name="" tests="733" assertions="1192" errors="104" warnings="0" failures="17" skipped="0" time="1.437808">
    <testsuite name="html" tests="733" assertions="1192" errors="104" warnings="0" failures="17" skipped="0" time="1.437808">
      <testsuite name="ActionButtonTest" file="C:\Users\prote\Documents\software-devel\html\tests\ActionButtonTest.php" tests="1" assertions="1" errors="0" warnings="0" failures="0" skipped="0" time="0.030398">
        <testcase name="testCanInstantiate" class="ActionButtonTest" classname="ActionButtonTest" file="C:\Users\prote\Documents\software-devel\html\tests\ActionButtonTest.php" line="16" assertions="1" time="0.030398"/>
      </testsuite>
      <testsuite name="ActionLinkTest" file="C:\Users\prote\Documents\software-devel\html\tests\ActionLinkTest.php" tests="11" assertions="22" errors="0" warnings="0" failures="0" skipped="0" time="0.011841">
        <testcase name="testSetActionWithNoParams" class="ActionLinkTest" classname="ActionLinkTest" file="C:\Users\prote\Documents\software-devel\html\tests\ActionLinkTest.php" line="8" assertions="1" time="0.002241"/>
        <testcase name="testSetActionWithParams" class="ActionLinkTest" classname="ActionLinkTest" file="C:\Users\prote\Documents\software-devel\html\tests\ActionLinkTest.php" line="17" assertions="3" time="0.001066"/>
        <testcase name="testCreateStaticMethod" class="ActionLinkTest" classname="ActionLinkTest" file="C:\Users\prote\Documents\software-devel\html\tests\ActionLinkTest.php" line="28" assertions="2" time="0.000913"/>
        <testcase name="testCreateWithCustomText" class="ActionLinkTest" classname="ActionLinkTest" file="C:\Users\prote\Documents\software-devel\html\tests\ActionLinkTest.php" line="37" assertions="1" time="0.000802"/>
        <testcase name="testEditStaticMethod" class="ActionLinkTest" classname="ActionLinkTest" file="C:\Users\prote\Documents\software-devel\html\tests\ActionLinkTest.php" line="45" assertions="3" time="0.000866"/>
        <testcase name="testViewStaticMethod" class="ActionLinkTest" classname="ActionLinkTest" file="C:\Users\prote\Documents\software-devel\html\tests\ActionLinkTest.php" line="55" assertions="2" time="0.001274"/>
        <testcase name="testDeleteStaticMethod" class="ActionLinkTest" classname="ActionLinkTest" file="C:\Users\prote\Documents\software-devel\html\tests\ActionLinkTest.php" line="64" assertions="4" time="0.001036"/>
        <testcase name="testListAllStaticMethod" class="ActionLinkTest" classname="ActionLinkTest" file="C:\Users\prote\Documents\software-devel\html\tests\ActionLinkTest.php" line="75" assertions="1" time="0.000767"/>
        <testcase name="testAdminStaticMethod" class="ActionLinkTest" classname="ActionLinkTest" file="C:\Users\prote\Documents\software-devel\html\tests\ActionLinkTest.php" line="83" assertions="1" time="0.000785"/>
        <testcase name="testAdminWithSubAction" class="ActionLinkTest" classname="ActionLinkTest" file="C:\Users\prote\Documents\software-devel\html\tests\ActionLinkTest.php" line="91" assertions="1" time="0.001203"/>
        <testcase name="testCustomStaticMethod" class="ActionLinkTest" classname="ActionLinkTest" file="C:\Users\prote\Documents\software-devel\html\tests\ActionLinkTest.php" line="99" assertions="3" time="0.000890"/>
      </testsuite>
      <testsuite name="AddButtonTest" file="C:\Users\prote\Documents\software-devel\html\tests\AddButtonTest.php" tests="2" assertions="2" errors="0" warnings="0" failures="0" skipped="0" time="0.004252">
        <testcase name="testDefaultLabel" class="AddButtonTest" classname="AddButtonTest" file="C:\Users\prote\Documents\software-devel\html\tests\AddButtonTest.php" line="7" assertions="1" time="0.003213"/>
        <testcase name="testCssClass" class="AddButtonTest" classname="AddButtonTest" file="C:\Users\prote\Documents\software-devel\html\tests\AddButtonTest.php" line="11" assertions="1" time="0.001038"/>
      </testsuite>
      <testsuite name="Ksfraser\HTML\Tests\AriaAttributeTraitTest" file="C:\Users\prote\Documents\software-devel\html\tests\AriaAttributeTraitTest.php" tests="53" assertions="89" errors="0" warnings="0" failures="0" skipped="0" time="0.058827">
        <testcase name="testSetAriaLabel" class="Ksfraser\HTML\Tests\AriaAttributeTraitTest" classname="Ksfraser.HTML.Tests.AriaAttributeTraitTest" file="C:\Users\prote\Documents\software-devel\html\tests\AriaAttributeTraitTest.php" line="40" assertions="2" time="0.001606"/>
        <testcase name="testSetAriaLabelRendersInHtml" class="Ksfraser\HTML\Tests\AriaAttributeTraitTest" classname="Ksfraser.HTML.Tests.AriaAttributeTraitTest" file="C:\Users\prote\Documents\software-devel\html\tests\AriaAttributeTraitTest.php" line="52" assertions="1" time="0.000762"/>
        <testcase name="testSetRole" class="Ksfraser\HTML\Tests\AriaAttributeTraitTest" classname="Ksfraser.HTML.Tests.AriaAttributeTraitTest" file="C:\Users\prote\Documents\software-devel\html\tests\AriaAttributeTraitTest.php" line="64" assertions="2" time="0.002456"/>
        <testcase name="testSetRoleRendersInHtml" class="Ksfraser\HTML\Tests\AriaAttributeTraitTest" classname="Ksfraser.HTML.Tests.AriaAttributeTraitTest" file="C:\Users\prote\Documents\software-devel\html\tests\AriaAttributeTraitTest.php" line="76" assertions="1" time="0.000779"/>
        <testcase name="testSetAriaDescribedBy" class="Ksfraser\HTML\Tests\AriaAttributeTraitTest" classname="Ksfraser.HTML.Tests.AriaAttributeTraitTest" file="C:\Users\prote\Documents\software-devel\html\tests\AriaAttributeTraitTest.php" line="88" assertions="2" time="0.000717"/>
        <testcase name="testSetMultipleAriaAttributes" class="Ksfraser\HTML\Tests\AriaAttributeTraitTest" classname="Ksfraser.HTML.Tests.AriaAttributeTraitTest" file="C:\Users\prote\Documents\software-devel\html\tests\AriaAttributeTraitTest.php" line="100" assertions="3" time="0.001087"/>
        <testcase name="testGetAllAriaAttributes" class="Ksfraser\HTML\Tests\AriaAttributeTraitTest" classname="Ksfraser.HTML.Tests.AriaAttributeTraitTest" file="C:\Users\prote\Documents\software-devel\html\tests\AriaAttributeTraitTest.php" line="117" assertions="4" time="0.001486"/>
        <testcase name="testSetAriaHidden" class="Ksfraser\HTML\Tests\AriaAttributeTraitTest" classname="Ksfraser.HTML.Tests.AriaAttributeTraitTest" file="C:\Users\prote\Documents\software-devel\html\tests\AriaAttributeTraitTest.php" line="137" assertions="2" time="0.000908"/>
        <testcase name="testSetAriaDisabled" class="Ksfraser\HTML\Tests\AriaAttributeTraitTest" classname="Ksfraser.HTML.Tests.AriaAttributeTraitTest" file="C:\Users\prote\Documents\software-devel\html\tests\AriaAttributeTraitTest.php" line="153" assertions="1" time="0.000732"/>
        <testcase name="testSetAriaPressed" class="Ksfraser\HTML\Tests\AriaAttributeTraitTest" classname="Ksfraser.HTML.Tests.AriaAttributeTraitTest" file="C:\Users\prote\Documents\software-devel\html\tests\AriaAttributeTraitTest.php" line="165" assertions="2" time="0.001008"/>
        <testcase name="testSetAriaChecked" class="Ksfraser\HTML\Tests\AriaAttributeTraitTest" classname="Ksfraser.HTML.Tests.AriaAttributeTraitTest" file="C:\Users\prote\Documents\software-devel\html\tests\AriaAttributeTraitTest.php" line="181" assertions="2" time="0.001011"/>
        <testcase name="testSetAriaSelected" class="Ksfraser\HTML\Tests\AriaAttributeTraitTest" classname="Ksfraser.HTML.Tests.AriaAttributeTraitTest" file="C:\Users\prote\Documents\software-devel\html\tests\AriaAttributeTraitTest.php" line="197" assertions="1" time="0.000765"/>
        <testcase name="testSetAriaExpanded" class="Ksfraser\HTML\Tests\AriaAttributeTraitTest" classname="Ksfraser.HTML.Tests.AriaAttributeTraitTest" file="C:\Users\prote\Documents\software-devel\html\tests\AriaAttributeTraitTest.php" line="209" assertions="2" time="0.002226"/>
        <testcase name="testSetAriaBusy" class="Ksfraser\HTML\Tests\AriaAttributeTraitTest" classname="Ksfraser.HTML.Tests.AriaAttributeTraitTest" file="C:\Users\prote\Documents\software-devel\html\tests\AriaAttributeTraitTest.php" line="225" assertions="1" time="0.000873"/>
        <testcase name="testSetAriaModal" class="Ksfraser\HTML\Tests\AriaAttributeTraitTest" classname="Ksfraser.HTML.Tests.AriaAttributeTraitTest" file="C:\Users\prote\Documents\software-devel\html\tests\AriaAttributeTraitTest.php" line="237" assertions="1" time="0.000801"/>
        <testcase name="testSetAriaLive" class="Ksfraser\HTML\Tests\AriaAttributeTraitTest" classname="Ksfraser.HTML.Tests.AriaAttributeTraitTest" file="C:\Users\prote\Documents\software-devel\html\tests\AriaAttributeTraitTest.php" line="251" assertions="2" time="0.000911"/>
        <testcase name="testSetAriaAtomic" class="Ksfraser\HTML\Tests\AriaAttributeTraitTest" classname="Ksfraser.HTML.Tests.AriaAttributeTraitTest" file="C:\Users\prote\Documents\software-devel\html\tests\AriaAttributeTraitTest.php" line="267" assertions="1" time="0.000789"/>
        <testcase name="testSetAriaRelevant" class="Ksfraser\HTML\Tests\AriaAttributeTraitTest" classname="Ksfraser.HTML.Tests.AriaAttributeTraitTest" file="C:\Users\prote\Documents\software-devel\html\tests\AriaAttributeTraitTest.php" line="279" assertions="1" time="0.000837"/>
        <testcase name="testSetAriaLabelledBy" class="Ksfraser\HTML\Tests\AriaAttributeTraitTest" classname="Ksfraser.HTML.Tests.AriaAttributeTraitTest" file="C:\Users\prote\Documents\software-devel\html\tests\AriaAttributeTraitTest.php" line="293" assertions="1" time="0.000793"/>
        <testcase name="testSetAriaOwns" class="Ksfraser\HTML\Tests\AriaAttributeTraitTest" classname="Ksfraser.HTML.Tests.AriaAttributeTraitTest" file="C:\Users\prote\Documents\software-devel\html\tests\AriaAttributeTraitTest.php" line="305" assertions="1" time="0.000858"/>
        <testcase name="testSetAriaActivedescendant" class="Ksfraser\HTML\Tests\AriaAttributeTraitTest" classname="Ksfraser.HTML.Tests.AriaAttributeTraitTest" file="C:\Users\prote\Documents\software-devel\html\tests\AriaAttributeTraitTest.php" line="317" assertions="1" time="0.000831"/>
        <testcase name="testSetAriaFlowto" class="Ksfraser\HTML\Tests\AriaAttributeTraitTest" classname="Ksfraser.HTML.Tests.AriaAttributeTraitTest" file="C:\Users\prote\Documents\software-devel\html\tests\AriaAttributeTraitTest.php" line="329" assertions="1" time="0.000768"/>
        <testcase name="testSetAriaValuemin" class="Ksfraser\HTML\Tests\AriaAttributeTraitTest" classname="Ksfraser.HTML.Tests.AriaAttributeTraitTest" file="C:\Users\prote\Documents\software-devel\html\tests\AriaAttributeTraitTest.php" line="343" assertions="1" time="0.000763"/>
        <testcase name="testSetAriaValuemax" class="Ksfraser\HTML\Tests\AriaAttributeTraitTest" classname="Ksfraser.HTML.Tests.AriaAttributeTraitTest" file="C:\Users\prote\Documents\software-devel\html\tests\AriaAttributeTraitTest.php" line="355" assertions="1" time="0.000742"/>
        <testcase name="testSetAriaValuenow" class="Ksfraser\HTML\Tests\AriaAttributeTraitTest" classname="Ksfraser.HTML.Tests.AriaAttributeTraitTest" file="C:\Users\prote\Documents\software-devel\html\tests\AriaAttributeTraitTest.php" line="367" assertions="1" time="0.000741"/>
        <testcase name="testSetAriaValuetext" class="Ksfraser\HTML\Tests\AriaAttributeTraitTest" classname="Ksfraser.HTML.Tests.AriaAttributeTraitTest" file="C:\Users\prote\Documents\software-devel\html\tests\AriaAttributeTraitTest.php" line="379" assertions="1" time="0.002263"/>
        <testcase name="testSetAriaPlaceholder" class="Ksfraser\HTML\Tests\AriaAttributeTraitTest" classname="Ksfraser.HTML.Tests.AriaAttributeTraitTest" file="C:\Users\prote\Documents\software-devel\html\tests\AriaAttributeTraitTest.php" line="391" assertions="1" time="0.000825"/>
        <testcase name="testSetAriaOrientation" class="Ksfraser\HTML\Tests\AriaAttributeTraitTest" classname="Ksfraser.HTML.Tests.AriaAttributeTraitTest" file="C:\Users\prote\Documents\software-devel\html\tests\AriaAttributeTraitTest.php" line="403" assertions="2" time="0.001087"/>
        <testcase name="testSetAriaMultiline" class="Ksfraser\HTML\Tests\AriaAttributeTraitTest" classname="Ksfraser.HTML.Tests.AriaAttributeTraitTest" file="C:\Users\prote\Documents\software-devel\html\tests\AriaAttributeTraitTest.php" line="419" assertions="1" time="0.000860"/>
        <testcase name="testSetAriaReadonly" class="Ksfraser\HTML\Tests\AriaAttributeTraitTest" classname="Ksfraser.HTML.Tests.AriaAttributeTraitTest" file="C:\Users\prote\Documents\software-devel\html\tests\AriaAttributeTraitTest.php" line="431" assertions="1" time="0.000805"/>
        <testcase name="testSetAriaRequired" class="Ksfraser\HTML\Tests\AriaAttributeTraitTest" classname="Ksfraser.HTML.Tests.AriaAttributeTraitTest" file="C:\Users\prote\Documents\software-devel\html\tests\AriaAttributeTraitTest.php" line="443" assertions="1" time="0.000822"/>
        <testcase name="testSetAriaWithCustomName" class="Ksfraser\HTML\Tests\AriaAttributeTraitTest" classname="Ksfraser.HTML.Tests.AriaAttributeTraitTest" file="C:\Users\prote\Documents\software-devel\html\tests\AriaAttributeTraitTest.php" line="457" assertions="1" time="0.000758"/>
        <testcase name="testGetAriaCustomAttribute" class="Ksfraser\HTML\Tests\AriaAttributeTraitTest" classname="Ksfraser.HTML.Tests.AriaAttributeTraitTest" file="C:\Users\prote\Documents\software-devel\html\tests\AriaAttributeTraitTest.php" line="469" assertions="1" time="0.001285"/>
        <testcase name="testHasAriaCustomAttribute" class="Ksfraser\HTML\Tests\AriaAttributeTraitTest" classname="Ksfraser.HTML.Tests.AriaAttributeTraitTest" file="C:\Users\prote\Documents\software-devel\html\tests\AriaAttributeTraitTest.php" line="480" assertions="2" time="0.001939"/>
        <testcase name="testAriaLabelEscapesSpecialCharacters" class="Ksfraser\HTML\Tests\AriaAttributeTraitTest" classname="Ksfraser.HTML.Tests.AriaAttributeTraitTest" file="C:\Users\prote\Documents\software-devel\html\tests\AriaAttributeTraitTest.php" line="494" assertions="2" time="0.001166"/>
        <testcase name="testAriaDescriptionEscapesHtmlTags" class="Ksfraser\HTML\Tests\AriaAttributeTraitTest" classname="Ksfraser.HTML.Tests.AriaAttributeTraitTest" file="C:\Users\prote\Documents\software-devel\html\tests\AriaAttributeTraitTest.php" line="507" assertions="2" time="0.000915"/>
        <testcase name="testRemoveAriaAttribute" class="Ksfraser\HTML\Tests\AriaAttributeTraitTest" classname="Ksfraser.HTML.Tests.AriaAttributeTraitTest" file="C:\Users\prote\Documents\software-devel\html\tests\AriaAttributeTraitTest.php" line="522" assertions="2" time="0.000777"/>
        <testcase name="testRemoveNonExistentAriaAttribute" class="Ksfraser\HTML\Tests\AriaAttributeTraitTest" classname="Ksfraser.HTML.Tests.AriaAttributeTraitTest" file="C:\Users\prote\Documents\software-devel\html\tests\AriaAttributeTraitTest.php" line="536" assertions="1" time="0.000664"/>
        <testcase name="testClearAllAriaAttributes" class="Ksfraser\HTML\Tests\AriaAttributeTraitTest" classname="Ksfraser.HTML.Tests.AriaAttributeTraitTest" file="C:\Users\prote\Documents\software-devel\html\tests\AriaAttributeTraitTest.php" line="548" assertions="2" time="0.002253"/>
        <testcase name="testAriaMethodsReturnSelf" class="Ksfraser\HTML\Tests\AriaAttributeTraitTest" classname="Ksfraser.HTML.Tests.AriaAttributeTraitTest" file="C:\Users\prote\Documents\software-devel\html\tests\AriaAttributeTraitTest.php" line="568" assertions="1" time="0.001489"/>
        <testcase name="testChainMultipleAriaMethodCalls" class="Ksfraser\HTML\Tests\AriaAttributeTraitTest" classname="Ksfraser.HTML.Tests.AriaAttributeTraitTest" file="C:\Users\prote\Documents\software-devel\html\tests\AriaAttributeTraitTest.php" line="579" assertions="4" time="0.000956"/>
        <testcase name="testChainAriaWithOtherMethods" class="Ksfraser\HTML\Tests\AriaAttributeTraitTest" classname="Ksfraser.HTML.Tests.AriaAttributeTraitTest" file="C:\Users\prote\Documents\software-devel\html\tests\AriaAttributeTraitTest.php" line="599" assertions="4" time="0.001282"/>
        <testcase name="testRemoveAriaReturnsSelf" class="Ksfraser\HTML\Tests\AriaAttributeTraitTest" classname="Ksfraser.HTML.Tests.AriaAttributeTraitTest" file="C:\Users\prote\Documents\software-devel\html\tests\AriaAttributeTraitTest.php" line="620" assertions="1" time="0.000644"/>
        <testcase name="testClearAriaReturnsSelf" class="Ksfraser\HTML\Tests\AriaAttributeTraitTest" classname="Ksfraser.HTML.Tests.AriaAttributeTraitTest" file="C:\Users\prote\Documents\software-devel\html\tests\AriaAttributeTraitTest.php" line="632" assertions="1" time="0.000633"/>
        <testcase name="testButtonAccessibilityPattern" class="Ksfraser\HTML\Tests\AriaAttributeTraitTest" classname="Ksfraser.HTML.Tests.AriaAttributeTraitTest" file="C:\Users\prote\Documents\software-devel\html\tests\AriaAttributeTraitTest.php" line="645" assertions="2" time="0.000964"/>
        <testcase name="testMenuAccessibilityPattern" class="Ksfraser\HTML\Tests\AriaAttributeTraitTest" classname="Ksfraser.HTML.Tests.AriaAttributeTraitTest" file="C:\Users\prote\Documents\software-devel\html\tests\AriaAttributeTraitTest.php" line="668" assertions="2" time="0.001709"/>
        <testcase name="testProgressBarPattern" class="Ksfraser\HTML\Tests\AriaAttributeTraitTest" classname="Ksfraser.HTML.Tests.AriaAttributeTraitTest" file="C:\Users\prote\Documents\software-devel\html\tests\AriaAttributeTraitTest.php" line="690" assertions="5" time="0.001219"/>
        <testcase name="testLiveRegionPattern" class="Ksfraser\HTML\Tests\AriaAttributeTraitTest" classname="Ksfraser.HTML.Tests.AriaAttributeTraitTest" file="C:\Users\prote\Documents\software-devel\html\tests\AriaAttributeTraitTest.php" line="719" assertions="3" time="0.001079"/>
        <testcase name="testModalDialogPattern" class="Ksfraser\HTML\Tests\AriaAttributeTraitTest" classname="Ksfraser.HTML.Tests.AriaAttributeTraitTest" file="C:\Users\prote\Documents\software-devel\html\tests\AriaAttributeTraitTest.php" line="743" assertions="3" time="0.001018"/>
        <testcase name="testUpdateAriaAttribute" class="Ksfraser\HTML\Tests\AriaAttributeTraitTest" classname="Ksfraser.HTML.Tests.AriaAttributeTraitTest" file="C:\Users\prote\Documents\software-devel\html\tests\AriaAttributeTraitTest.php" line="771" assertions="2" time="0.000716"/>
        <testcase name="testGetNonExistentAriaAttribute" class="Ksfraser\HTML\Tests\AriaAttributeTraitTest" classname="Ksfraser.HTML.Tests.AriaAttributeTraitTest" file="C:\Users\prote\Documents\software-devel\html\tests\AriaAttributeTraitTest.php" line="785" assertions="1" time="0.001078"/>
        <testcase name="testAriaAttributeWithEmptyValue" class="Ksfraser\HTML\Tests\AriaAttributeTraitTest" classname="Ksfraser.HTML.Tests.AriaAttributeTraitTest" file="C:\Users\prote\Documents\software-devel\html\tests\AriaAttributeTraitTest.php" line="796" assertions="1" time="0.003543"/>
        <testcase name="testAriaAttributeWithUnicodeValue" class="Ksfraser\HTML\Tests\AriaAttributeTraitTest" classname="Ksfraser.HTML.Tests.AriaAttributeTraitTest" file="C:\Users\prote\Documents\software-devel\html\tests\AriaAttributeTraitTest.php" line="809" assertions="1" time="0.000828"/>
      </testsuite>
      <testsuite name="ButtonsTest" file="C:\Users\prote\Documents\software-devel\html\tests\ButtonsTest.php" tests="6" assertions="9" errors="0" warnings="0" failures="0" skipped="0" time="0.011461">
        <testcase name="testCloseButtonDefaultLabel" class="ButtonsTest" classname="ButtonsTest" file="C:\Users\prote\Documents\software-devel\html\tests\ButtonsTest.php" line="10" assertions="2" time="0.002911"/>
        <testcase name="testCloseButtonCustomLabel" class="ButtonsTest" classname="ButtonsTest" file="C:\Users\prote\Documents\software-devel\html\tests\ButtonsTest.php" line="19" assertions="1" time="0.001231"/>
        <testcase name="testCloseButtonSetOnclickFunction" class="ButtonsTest" classname="ButtonsTest" file="C:\Users\prote\Documents\software-devel\html\tests\ButtonsTest.php" line="27" assertions="1" time="0.001806"/>
        <testcase name="testSubmitButtonDefaultLabel" class="ButtonsTest" classname="ButtonsTest" file="C:\Users\prote\Documents\software-devel\html\tests\ButtonsTest.php" line="36" assertions="3" time="0.002143"/>
        <testcase name="testSubmitButtonCustomLabel" class="ButtonsTest" classname="ButtonsTest" file="C:\Users\prote\Documents\software-devel\html\tests\ButtonsTest.php" line="46" assertions="1" time="0.001917"/>
        <testcase name="testSubmitButtonSetOnclickFunction" class="ButtonsTest" classname="ButtonsTest" file="C:\Users\prote\Documents\software-devel\html\tests\ButtonsTest.php" line="54" assertions="1" time="0.001453"/>
      </testsuite>
      <testsuite name="Ksfraser\HTML\Tests\CSSManagementTraitTest" file="C:\Users\prote\Documents\software-devel\html\tests\CSSManagementTraitTest.php" tests="48" assertions="0" errors="48" warnings="0" failures="0" skipped="0" time="0.041516">
        <testcase name="testAddSingleCSSClassReturnsElement" class="Ksfraser\HTML\Tests\CSSManagementTraitTest" classname="Ksfraser.HTML.Tests.CSSManagementTraitTest" file="C:\Users\prote\Documents\software-devel\html\tests\CSSManagementTraitTest.php" line="35" assertions="0" time="0.002167">
          <error type="Error">Ksfraser\HTML\Tests\CSSManagementTraitTest::testAddSingleCSSClassReturnsElement
Error: Class "Ksfraser\HTML\HtmlDiv" not found

C:\Users\prote\Documents\software-devel\html\tests\CSSManagementTraitTest.php:25</error>
        </testcase>
        <testcase name="testAddSingleCSSClassRendersCorrectly" class="Ksfraser\HTML\Tests\CSSManagementTraitTest" classname="Ksfraser.HTML.Tests.CSSManagementTraitTest" file="C:\Users\prote\Documents\software-devel\html\tests\CSSManagementTraitTest.php" line="46" assertions="0" time="0.000681">
          <error type="Error">Ksfraser\HTML\Tests\CSSManagementTraitTest::testAddSingleCSSClassRendersCorrectly
Error: Class "Ksfraser\HTML\HtmlDiv" not found

C:\Users\prote\Documents\software-devel\html\tests\CSSManagementTraitTest.php:25</error>
        </testcase>
        <testcase name="testAddMultipleCSSClassesIndividually" class="Ksfraser\HTML\Tests\CSSManagementTraitTest" classname="Ksfraser.HTML.Tests.CSSManagementTraitTest" file="C:\Users\prote\Documents\software-devel\html\tests\CSSManagementTraitTest.php" line="57" assertions="0" time="0.000727">
          <error type="Error">Ksfraser\HTML\Tests\CSSManagementTraitTest::testAddMultipleCSSClassesIndividually
Error: Class "Ksfraser\HTML\HtmlDiv" not found

C:\Users\prote\Documents\software-devel\html\tests\CSSManagementTraitTest.php:25</error>
        </testcase>
        <testcase name="testAddCSSClassesBatchOperation" class="Ksfraser\HTML\Tests\CSSManagementTraitTest" classname="Ksfraser.HTML.Tests.CSSManagementTraitTest" file="C:\Users\prote\Documents\software-devel\html\tests\CSSManagementTraitTest.php" line="74" assertions="0" time="0.000657">
          <error type="Error">Ksfraser\HTML\Tests\CSSManagementTraitTest::testAddCSSClassesBatchOperation
Error: Class "Ksfraser\HTML\HtmlDiv" not found

C:\Users\prote\Documents\software-devel\html\tests\CSSManagementTraitTest.php:25</error>
        </testcase>
        <testcase name="testAddCSSClassesBatchReturnsElement" class="Ksfraser\HTML\Tests\CSSManagementTraitTest" classname="Ksfraser.HTML.Tests.CSSManagementTraitTest" file="C:\Users\prote\Documents\software-devel\html\tests\CSSManagementTraitTest.php" line="90" assertions="0" time="0.000634">
          <error type="Error">Ksfraser\HTML\Tests\CSSManagementTraitTest::testAddCSSClassesBatchReturnsElement
Error: Class "Ksfraser\HTML\HtmlDiv" not found

C:\Users\prote\Documents\software-devel\html\tests\CSSManagementTraitTest.php:25</error>
        </testcase>
        <testcase name="testConditionalCSSClassWithTrueCondition" class="Ksfraser\HTML\Tests\CSSManagementTraitTest" classname="Ksfraser.HTML.Tests.CSSManagementTraitTest" file="C:\Users\prote\Documents\software-devel\html\tests\CSSManagementTraitTest.php" line="101" assertions="0" time="0.000910">
          <error type="Error">Ksfraser\HTML\Tests\CSSManagementTraitTest::testConditionalCSSClassWithTrueCondition
Error: Class "Ksfraser\HTML\HtmlDiv" not found

C:\Users\prote\Documents\software-devel\html\tests\CSSManagementTraitTest.php:25</error>
        </testcase>
        <testcase name="testConditionalCSSClassWithFalseCondition" class="Ksfraser\HTML\Tests\CSSManagementTraitTest" classname="Ksfraser.HTML.Tests.CSSManagementTraitTest" file="C:\Users\prote\Documents\software-devel\html\tests\CSSManagementTraitTest.php" line="112" assertions="0" time="0.000682">
          <error type="Error">Ksfraser\HTML\Tests\CSSManagementTraitTest::testConditionalCSSClassWithFalseCondition
Error: Class "Ksfraser\HTML\HtmlDiv" not found

C:\Users\prote\Documents\software-devel\html\tests\CSSManagementTraitTest.php:25</error>
        </testcase>
        <testcase name="testConditionalCSSClassWithExpressionTrue" class="Ksfraser\HTML\Tests\CSSManagementTraitTest" classname="Ksfraser.HTML.Tests.CSSManagementTraitTest" file="C:\Users\prote\Documents\software-devel\html\tests\CSSManagementTraitTest.php" line="123" assertions="0" time="0.000717">
          <error type="Error">Ksfraser\HTML\Tests\CSSManagementTraitTest::testConditionalCSSClassWithExpressionTrue
Error: Class "Ksfraser\HTML\HtmlDiv" not found

C:\Users\prote\Documents\software-devel\html\tests\CSSManagementTraitTest.php:25</error>
        </testcase>
        <testcase name="testConditionalCSSClassWithExpressionFalse" class="Ksfraser\HTML\Tests\CSSManagementTraitTest" classname="Ksfraser.HTML.Tests.CSSManagementTraitTest" file="C:\Users\prote\Documents\software-devel\html\tests\CSSManagementTraitTest.php" line="135" assertions="0" time="0.000651">
          <error type="Error">Ksfraser\HTML\Tests\CSSManagementTraitTest::testConditionalCSSClassWithExpressionFalse
Error: Class "Ksfraser\HTML\HtmlDiv" not found

C:\Users\prote\Documents\software-devel\html\tests\CSSManagementTraitTest.php:25</error>
        </testcase>
        <testcase name="testRemoveCSSClassRemovesPresent" class="Ksfraser\HTML\Tests\CSSManagementTraitTest" classname="Ksfraser.HTML.Tests.CSSManagementTraitTest" file="C:\Users\prote\Documents\software-devel\html\tests\CSSManagementTraitTest.php" line="147" assertions="0" time="0.000669">
          <error type="Error">Ksfraser\HTML\Tests\CSSManagementTraitTest::testRemoveCSSClassRemovesPresent
Error: Class "Ksfraser\HTML\HtmlDiv" not found

C:\Users\prote\Documents\software-devel\html\tests\CSSManagementTraitTest.php:25</error>
        </testcase>
        <testcase name="testRemoveCSSClassReturnsElement" class="Ksfraser\HTML\Tests\CSSManagementTraitTest" classname="Ksfraser.HTML.Tests.CSSManagementTraitTest" file="C:\Users\prote\Documents\software-devel\html\tests\CSSManagementTraitTest.php" line="162" assertions="0" time="0.000762">
          <error type="Error">Ksfraser\HTML\Tests\CSSManagementTraitTest::testRemoveCSSClassReturnsElement
Error: Class "Ksfraser\HTML\HtmlDiv" not found

C:\Users\prote\Documents\software-devel\html\tests\CSSManagementTraitTest.php:25</error>
        </testcase>
        <testcase name="testRemoveNonExistentCSSClassDoesNotError" class="Ksfraser\HTML\Tests\CSSManagementTraitTest" classname="Ksfraser.HTML.Tests.CSSManagementTraitTest" file="C:\Users\prote\Documents\software-devel\html\tests\CSSManagementTraitTest.php" line="174" assertions="0" time="0.000656">
          <error type="Error">Ksfraser\HTML\Tests\CSSManagementTraitTest::testRemoveNonExistentCSSClassDoesNotError
Error: Class "Ksfraser\HTML\HtmlDiv" not found

C:\Users\prote\Documents\software-devel\html\tests\CSSManagementTraitTest.php:25</error>
        </testcase>
        <testcase name="testToggleCSSClassOnAdds" class="Ksfraser\HTML\Tests\CSSManagementTraitTest" classname="Ksfraser.HTML.Tests.CSSManagementTraitTest" file="C:\Users\prote\Documents\software-devel\html\tests\CSSManagementTraitTest.php" line="186" assertions="0" time="0.000698">
          <error type="Error">Ksfraser\HTML\Tests\CSSManagementTraitTest::testToggleCSSClassOnAdds
Error: Class "Ksfraser\HTML\HtmlDiv" not found

C:\Users\prote\Documents\software-devel\html\tests\CSSManagementTraitTest.php:25</error>
        </testcase>
        <testcase name="testToggleCSSClassOnRemoves" class="Ksfraser\HTML\Tests\CSSManagementTraitTest" classname="Ksfraser.HTML.Tests.CSSManagementTraitTest" file="C:\Users\prote\Documents\software-devel\html\tests\CSSManagementTraitTest.php" line="197" assertions="0" time="0.000688">
          <error type="Error">Ksfraser\HTML\Tests\CSSManagementTraitTest::testToggleCSSClassOnRemoves
Error: Class "Ksfraser\HTML\HtmlDiv" not found

C:\Users\prote\Documents\software-devel\html\tests\CSSManagementTraitTest.php:25</error>
        </testcase>
        <testcase name="testToggleCSSClassWithForceTrue" class="Ksfraser\HTML\Tests\CSSManagementTraitTest" classname="Ksfraser.HTML.Tests.CSSManagementTraitTest" file="C:\Users\prote\Documents\software-devel\html\tests\CSSManagementTraitTest.php" line="209" assertions="0" time="0.000669">
          <error type="Error">Ksfraser\HTML\Tests\CSSManagementTraitTest::testToggleCSSClassWithForceTrue
Error: Class "Ksfraser\HTML\HtmlDiv" not found

C:\Users\prote\Documents\software-devel\html\tests\CSSManagementTraitTest.php:25</error>
        </testcase>
        <testcase name="testToggleCSSClassWithForceFalse" class="Ksfraser\HTML\Tests\CSSManagementTraitTest" classname="Ksfraser.HTML.Tests.CSSManagementTraitTest" file="C:\Users\prote\Documents\software-devel\html\tests\CSSManagementTraitTest.php" line="220" assertions="0" time="0.000747">
          <error type="Error">Ksfraser\HTML\Tests\CSSManagementTraitTest::testToggleCSSClassWithForceFalse
Error: Class "Ksfraser\HTML\HtmlDiv" not found

C:\Users\prote\Documents\software-devel\html\tests\CSSManagementTraitTest.php:25</error>
        </testcase>
        <testcase name="testToggleCSSClassReturnsElement" class="Ksfraser\HTML\Tests\CSSManagementTraitTest" classname="Ksfraser.HTML.Tests.CSSManagementTraitTest" file="C:\Users\prote\Documents\software-devel\html\tests\CSSManagementTraitTest.php" line="232" assertions="0" time="0.000764">
          <error type="Error">Ksfraser\HTML\Tests\CSSManagementTraitTest::testToggleCSSClassReturnsElement
Error: Class "Ksfraser\HTML\HtmlDiv" not found

C:\Users\prote\Documents\software-devel\html\tests\CSSManagementTraitTest.php:25</error>
        </testcase>
        <testcase name="testHasCSSClassReturnsTrueWhenPresent" class="Ksfraser\HTML\Tests\CSSManagementTraitTest" classname="Ksfraser.HTML.Tests.CSSManagementTraitTest" file="C:\Users\prote\Documents\software-devel\html\tests\CSSManagementTraitTest.php" line="243" assertions="0" time="0.000644">
          <error type="Error">Ksfraser\HTML\Tests\CSSManagementTraitTest::testHasCSSClassReturnsTrueWhenPresent
Error: Class "Ksfraser\HTML\HtmlDiv" not found

C:\Users\prote\Documents\software-devel\html\tests\CSSManagementTraitTest.php:25</error>
        </testcase>
        <testcase name="testHasCSSClassReturnsFalseWhenAbsent" class="Ksfraser\HTML\Tests\CSSManagementTraitTest" classname="Ksfraser.HTML.Tests.CSSManagementTraitTest" file="C:\Users\prote\Documents\software-devel\html\tests\CSSManagementTraitTest.php" line="254" assertions="0" time="0.000631">
          <error type="Error">Ksfraser\HTML\Tests\CSSManagementTraitTest::testHasCSSClassReturnsFalseWhenAbsent
Error: Class "Ksfraser\HTML\HtmlDiv" not found

C:\Users\prote\Documents\software-devel\html\tests\CSSManagementTraitTest.php:25</error>
        </testcase>
        <testcase name="testGetCSSClassesReturnsArray" class="Ksfraser\HTML\Tests\CSSManagementTraitTest" classname="Ksfraser.HTML.Tests.CSSManagementTraitTest" file="C:\Users\prote\Documents\software-devel\html\tests\CSSManagementTraitTest.php" line="265" assertions="0" time="0.000639">
          <error type="Error">Ksfraser\HTML\Tests\CSSManagementTraitTest::testGetCSSClassesReturnsArray
Error: Class "Ksfraser\HTML\HtmlDiv" not found

C:\Users\prote\Documents\software-devel\html\tests\CSSManagementTraitTest.php:25</error>
        </testcase>
        <testcase name="testGetCSSClassesEmpty" class="Ksfraser\HTML\Tests\CSSManagementTraitTest" classname="Ksfraser.HTML.Tests.CSSManagementTraitTest" file="C:\Users\prote\Documents\software-devel\html\tests\CSSManagementTraitTest.php" line="282" assertions="0" time="0.002776">
          <error type="Error">Ksfraser\HTML\Tests\CSSManagementTraitTest::testGetCSSClassesEmpty
Error: Class "Ksfraser\HTML\HtmlDiv" not found

C:\Users\prote\Documents\software-devel\html\tests\CSSManagementTraitTest.php:25</error>
        </testcase>
        <testcase name="testAddDuplicateCSSClassDeduplicated" class="Ksfraser\HTML\Tests\CSSManagementTraitTest" classname="Ksfraser.HTML.Tests.CSSManagementTraitTest" file="C:\Users\prote\Documents\software-devel\html\tests\CSSManagementTraitTest.php" line="297" assertions="0" time="0.000666">
          <error type="Error">Ksfraser\HTML\Tests\CSSManagementTraitTest::testAddDuplicateCSSClassDeduplicated
Error: Class "Ksfraser\HTML\HtmlDiv" not found

C:\Users\prote\Documents\software-devel\html\tests\CSSManagementTraitTest.php:25</error>
        </testcase>
        <testcase name="testBatchAddWithDuplicatesDeduplicated" class="Ksfraser\HTML\Tests\CSSManagementTraitTest" classname="Ksfraser.HTML.Tests.CSSManagementTraitTest" file="C:\Users\prote\Documents\software-devel\html\tests\CSSManagementTraitTest.php" line="314" assertions="0" time="0.000678">
          <error type="Error">Ksfraser\HTML\Tests\CSSManagementTraitTest::testBatchAddWithDuplicatesDeduplicated
Error: Class "Ksfraser\HTML\HtmlDiv" not found

C:\Users\prote\Documents\software-devel\html\tests\CSSManagementTraitTest.php:25</error>
        </testcase>
        <testcase name="testExistingAndNewClassDeduplicated" class="Ksfraser\HTML\Tests\CSSManagementTraitTest" classname="Ksfraser.HTML.Tests.CSSManagementTraitTest" file="C:\Users\prote\Documents\software-devel\html\tests\CSSManagementTraitTest.php" line="330" assertions="0" time="0.000689">
          <error type="Error">Ksfraser\HTML\Tests\CSSManagementTraitTest::testExistingAndNewClassDeduplicated
Error: Class "Ksfraser\HTML\HtmlDiv" not found

C:\Users\prote\Documents\software-devel\html\tests\CSSManagementTraitTest.php:25</error>
        </testcase>
        <testcase name="testAddEmptyStringIgnored" class="Ksfraser\HTML\Tests\CSSManagementTraitTest" classname="Ksfraser.HTML.Tests.CSSManagementTraitTest" file="C:\Users\prote\Documents\software-devel\html\tests\CSSManagementTraitTest.php" line="347" assertions="0" time="0.000707">
          <error type="Error">Ksfraser\HTML\Tests\CSSManagementTraitTest::testAddEmptyStringIgnored
Error: Class "Ksfraser\HTML\HtmlDiv" not found

C:\Users\prote\Documents\software-devel\html\tests\CSSManagementTraitTest.php:25</error>
        </testcase>
        <testcase name="testAddWhitespaceOnlyIgnored" class="Ksfraser\HTML\Tests\CSSManagementTraitTest" classname="Ksfraser.HTML.Tests.CSSManagementTraitTest" file="C:\Users\prote\Documents\software-devel\html\tests\CSSManagementTraitTest.php" line="360" assertions="0" time="0.000744">
          <error type="Error">Ksfraser\HTML\Tests\CSSManagementTraitTest::testAddWhitespaceOnlyIgnored
Error: Class "Ksfraser\HTML\HtmlDiv" not found

C:\Users\prote\Documents\software-devel\html\tests\CSSManagementTraitTest.php:25</error>
        </testcase>
        <testcase name="testAddCSSClassWithLeadingTrailingWhitespace" class="Ksfraser\HTML\Tests\CSSManagementTraitTest" classname="Ksfraser.HTML.Tests.CSSManagementTraitTest" file="C:\Users\prote\Documents\software-devel\html\tests\CSSManagementTraitTest.php" line="373" assertions="0" time="0.000590">
          <error type="Error">Ksfraser\HTML\Tests\CSSManagementTraitTest::testAddCSSClassWithLeadingTrailingWhitespace
Error: Class "Ksfraser\HTML\HtmlDiv" not found

C:\Users\prote\Documents\software-devel\html\tests\CSSManagementTraitTest.php:25</error>
        </testcase>
        <testcase name="testAddValidCSSClassWithHyphens" class="Ksfraser\HTML\Tests\CSSManagementTraitTest" classname="Ksfraser.HTML.Tests.CSSManagementTraitTest" file="C:\Users\prote\Documents\software-devel\html\tests\CSSManagementTraitTest.php" line="388" assertions="0" time="0.001055">
          <error type="Error">Ksfraser\HTML\Tests\CSSManagementTraitTest::testAddValidCSSClassWithHyphens
Error: Class "Ksfraser\HTML\HtmlDiv" not found

C:\Users\prote\Documents\software-devel\html\tests\CSSManagementTraitTest.php:25</error>
        </testcase>
        <testcase name="testAddValidCSSClassWithNumbers" class="Ksfraser\HTML\Tests\CSSManagementTraitTest" classname="Ksfraser.HTML.Tests.CSSManagementTraitTest" file="C:\Users\prote\Documents\software-devel\html\tests\CSSManagementTraitTest.php" line="400" assertions="0" time="0.000656">
          <error type="Error">Ksfraser\HTML\Tests\CSSManagementTraitTest::testAddValidCSSClassWithNumbers
Error: Class "Ksfraser\HTML\HtmlDiv" not found

C:\Users\prote\Documents\software-devel\html\tests\CSSManagementTraitTest.php:25</error>
        </testcase>
        <testcase name="testAddValidCSSClassWithUnderscores" class="Ksfraser\HTML\Tests\CSSManagementTraitTest" classname="Ksfraser.HTML.Tests.CSSManagementTraitTest" file="C:\Users\prote\Documents\software-devel\html\tests\CSSManagementTraitTest.php" line="412" assertions="0" time="0.000609">
          <error type="Error">Ksfraser\HTML\Tests\CSSManagementTraitTest::testAddValidCSSClassWithUnderscores
Error: Class "Ksfraser\HTML\HtmlDiv" not found

C:\Users\prote\Documents\software-devel\html\tests\CSSManagementTraitTest.php:25</error>
        </testcase>
        <testcase name="testBatchAddWithEmptyStrings" class="Ksfraser\HTML\Tests\CSSManagementTraitTest" classname="Ksfraser.HTML.Tests.CSSManagementTraitTest" file="C:\Users\prote\Documents\software-devel\html\tests\CSSManagementTraitTest.php" line="424" assertions="0" time="0.000753">
          <error type="Error">Ksfraser\HTML\Tests\CSSManagementTraitTest::testBatchAddWithEmptyStrings
Error: Class "Ksfraser\HTML\HtmlDiv" not found

C:\Users\prote\Documents\software-devel\html\tests\CSSManagementTraitTest.php:25</error>
        </testcase>
        <testcase name="testLongCSSClassNameAccepted" class="Ksfraser\HTML\Tests\CSSManagementTraitTest" classname="Ksfraser.HTML.Tests.CSSManagementTraitTest" file="C:\Users\prote\Documents\software-devel\html\tests\CSSManagementTraitTest.php" line="440" assertions="0" time="0.000681">
          <error type="Error">Ksfraser\HTML\Tests\CSSManagementTraitTest::testLongCSSClassNameAccepted
Error: Class "Ksfraser\HTML\HtmlDiv" not found

C:\Users\prote\Documents\software-devel\html\tests\CSSManagementTraitTest.php:25</error>
        </testcase>
        <testcase name="testManyClassesPerformance" class="Ksfraser\HTML\Tests\CSSManagementTraitTest" classname="Ksfraser.HTML.Tests.CSSManagementTraitTest" file="C:\Users\prote\Documents\software-devel\html\tests\CSSManagementTraitTest.php" line="453" assertions="0" time="0.000725">
          <error type="Error">Ksfraser\HTML\Tests\CSSManagementTraitTest::testManyClassesPerformance
Error: Class "Ksfraser\HTML\HtmlDiv" not found

C:\Users\prote\Documents\software-devel\html\tests\CSSManagementTraitTest.php:25</error>
        </testcase>
        <testcase name="testAddInvalidCSSClassWithSpaceThrowsException" class="Ksfraser\HTML\Tests\CSSManagementTraitTest" classname="Ksfraser.HTML.Tests.CSSManagementTraitTest" file="C:\Users\prote\Documents\software-devel\html\tests\CSSManagementTraitTest.php" line="476" assertions="0" time="0.000735">
          <error type="Error">Ksfraser\HTML\Tests\CSSManagementTraitTest::testAddInvalidCSSClassWithSpaceThrowsException
Error: Class "Ksfraser\HTML\HtmlDiv" not found

C:\Users\prote\Documents\software-devel\html\tests\CSSManagementTraitTest.php:25</error>
        </testcase>
        <testcase name="testAddInvalidCSSClassWithCommaThrowsException" class="Ksfraser\HTML\Tests\CSSManagementTraitTest" classname="Ksfraser.HTML.Tests.CSSManagementTraitTest" file="C:\Users\prote\Documents\software-devel\html\tests\CSSManagementTraitTest.php" line="488" assertions="0" time="0.000606">
          <error type="Error">Ksfraser\HTML\Tests\CSSManagementTraitTest::testAddInvalidCSSClassWithCommaThrowsException
Error: Class "Ksfraser\HTML\HtmlDiv" not found

C:\Users\prote\Documents\software-devel\html\tests\CSSManagementTraitTest.php:25</error>
        </testcase>
        <testcase name="testAddInvalidCSSClassWithSpecialCharacterThrowsException" class="Ksfraser\HTML\Tests\CSSManagementTraitTest" classname="Ksfraser.HTML.Tests.CSSManagementTraitTest" file="C:\Users\prote\Documents\software-devel\html\tests\CSSManagementTraitTest.php" line="500" assertions="0" time="0.000655">
          <error type="Error">Ksfraser\HTML\Tests\CSSManagementTraitTest::testAddInvalidCSSClassWithSpecialCharacterThrowsException
Error: Class "Ksfraser\HTML\HtmlDiv" not found

C:\Users\prote\Documents\software-devel\html\tests\CSSManagementTraitTest.php:25</error>
        </testcase>
        <testcase name="testAddInvalidCSSClassWithSemicolonThrowsException" class="Ksfraser\HTML\Tests\CSSManagementTraitTest" classname="Ksfraser.HTML.Tests.CSSManagementTraitTest" file="C:\Users\prote\Documents\software-devel\html\tests\CSSManagementTraitTest.php" line="512" assertions="0" time="0.000670">
          <error type="Error">Ksfraser\HTML\Tests\CSSManagementTraitTest::testAddInvalidCSSClassWithSemicolonThrowsException
Error: Class "Ksfraser\HTML\HtmlDiv" not found

C:\Users\prote\Documents\software-devel\html\tests\CSSManagementTraitTest.php:25</error>
        </testcase>
        <testcase name="testBatchAddWithInvalidClassesThrowsException" class="Ksfraser\HTML\Tests\CSSManagementTraitTest" classname="Ksfraser.HTML.Tests.CSSManagementTraitTest" file="C:\Users\prote\Documents\software-devel\html\tests\CSSManagementTraitTest.php" line="524" assertions="0" time="0.000696">
          <error type="Error">Ksfraser\HTML\Tests\CSSManagementTraitTest::testBatchAddWithInvalidClassesThrowsException
Error: Class "Ksfraser\HTML\HtmlDiv" not found

C:\Users\prote\Documents\software-devel\html\tests\CSSManagementTraitTest.php:25</error>
        </testcase>
        <testcase name="testCSSPreservedWithOtherAttributes" class="Ksfraser\HTML\Tests\CSSManagementTraitTest" classname="Ksfraser.HTML.Tests.CSSManagementTraitTest" file="C:\Users\prote\Documents\software-devel\html\tests\CSSManagementTraitTest.php" line="538" assertions="0" time="0.002254">
          <error type="Error">Ksfraser\HTML\Tests\CSSManagementTraitTest::testCSSPreservedWithOtherAttributes
Error: Class "Ksfraser\HTML\HtmlDiv" not found

C:\Users\prote\Documents\software-devel\html\tests\CSSManagementTraitTest.php:25</error>
        </testcase>
        <testcase name="testMultipleCSSOperationsChained" class="Ksfraser\HTML\Tests\CSSManagementTraitTest" classname="Ksfraser.HTML.Tests.CSSManagementTraitTest" file="C:\Users\prote\Documents\software-devel\html\tests\CSSManagementTraitTest.php" line="558" assertions="0" time="0.000857">
          <error type="Error">Ksfraser\HTML\Tests\CSSManagementTraitTest::testMultipleCSSOperationsChained
Error: Class "Ksfraser\HTML\HtmlDiv" not found

C:\Users\prote\Documents\software-devel\html\tests\CSSManagementTraitTest.php:25</error>
        </testcase>
        <testcase name="testCSSWithNestedElements" class="Ksfraser\HTML\Tests\CSSManagementTraitTest" classname="Ksfraser.HTML.Tests.CSSManagementTraitTest" file="C:\Users\prote\Documents\software-devel\html\tests\CSSManagementTraitTest.php" line="583" assertions="0" time="0.000641">
          <error type="Error">Ksfraser\HTML\Tests\CSSManagementTraitTest::testCSSWithNestedElements
Error: Class "Ksfraser\HTML\HtmlDiv" not found

C:\Users\prote\Documents\software-devel\html\tests\CSSManagementTraitTest.php:25</error>
        </testcase>
        <testcase name="testCSSWithBootstrapPattern" class="Ksfraser\HTML\Tests\CSSManagementTraitTest" classname="Ksfraser.HTML.Tests.CSSManagementTraitTest" file="C:\Users\prote\Documents\software-devel\html\tests\CSSManagementTraitTest.php" line="603" assertions="0" time="0.001859">
          <error type="Error">Ksfraser\HTML\Tests\CSSManagementTraitTest::testCSSWithBootstrapPattern
Error: Class "Ksfraser\HTML\HtmlDiv" not found

C:\Users\prote\Documents\software-devel\html\tests\CSSManagementTraitTest.php:25</error>
        </testcase>
        <testcase name="testCSSWithTailwindPattern" class="Ksfraser\HTML\Tests\CSSManagementTraitTest" classname="Ksfraser.HTML.Tests.CSSManagementTraitTest" file="C:\Users\prote\Documents\software-devel\html\tests\CSSManagementTraitTest.php" line="622" assertions="0" time="0.000705">
          <error type="Error">Ksfraser\HTML\Tests\CSSManagementTraitTest::testCSSWithTailwindPattern
Error: Class "Ksfraser\HTML\HtmlDiv" not found

C:\Users\prote\Documents\software-devel\html\tests\CSSManagementTraitTest.php:25</error>
        </testcase>
        <testcase name="testConditionalCSSInComplexScenario" class="Ksfraser\HTML\Tests\CSSManagementTraitTest" classname="Ksfraser.HTML.Tests.CSSManagementTraitTest" file="C:\Users\prote\Documents\software-devel\html\tests\CSSManagementTraitTest.php" line="643" assertions="0" time="0.002364">
          <error type="Error">Ksfraser\HTML\Tests\CSSManagementTraitTest::testConditionalCSSInComplexScenario
Error: Class "Ksfraser\HTML\HtmlDiv" not found

C:\Users\prote\Documents\software-devel\html\tests\CSSManagementTraitTest.php:25</error>
        </testcase>
        <testcase name="testExistingSetAttributeStillWorks" class="Ksfraser\HTML\Tests\CSSManagementTraitTest" classname="Ksfraser.HTML.Tests.CSSManagementTraitTest" file="C:\Users\prote\Documents\software-devel\html\tests\CSSManagementTraitTest.php" line="670" assertions="0" time="0.000640">
          <error type="Error">Ksfraser\HTML\Tests\CSSManagementTraitTest::testExistingSetAttributeStillWorks
Error: Class "Ksfraser\HTML\HtmlDiv" not found

C:\Users\prote\Documents\software-devel\html\tests\CSSManagementTraitTest.php:25</error>
        </testcase>
        <testcase name="testExistingAddAttributeStillWorks" class="Ksfraser\HTML\Tests\CSSManagementTraitTest" classname="Ksfraser.HTML.Tests.CSSManagementTraitTest" file="C:\Users\prote\Documents\software-devel\html\tests\CSSManagementTraitTest.php" line="682" assertions="0" time="0.000642">
          <error type="Error">Ksfraser\HTML\Tests\CSSManagementTraitTest::testExistingAddAttributeStillWorks
Error: Class "Ksfraser\HTML\HtmlDiv" not found

C:\Users\prote\Documents\software-devel\html\tests\CSSManagementTraitTest.php:25</error>
        </testcase>
        <testcase name="testExistingAddCSSClassStillWorks" class="Ksfraser\HTML\Tests\CSSManagementTraitTest" classname="Ksfraser.HTML.Tests.CSSManagementTraitTest" file="C:\Users\prote\Documents\software-devel\html\tests\CSSManagementTraitTest.php" line="694" assertions="0" time="0.000771">
          <error type="Error">Ksfraser\HTML\Tests\CSSManagementTraitTest::testExistingAddCSSClassStillWorks
Error: Class "Ksfraser\HTML\HtmlDiv" not found

C:\Users\prote\Documents\software-devel\html\tests\CSSManagementTraitTest.php:25</error>
        </testcase>
        <testcase name="testBackwardCompatibilityWithSetAttributeClass" class="Ksfraser\HTML\Tests\CSSManagementTraitTest" classname="Ksfraser.HTML.Tests.CSSManagementTraitTest" file="C:\Users\prote\Documents\software-devel\html\tests\CSSManagementTraitTest.php" line="706" assertions="0" time="0.000697">
          <error type="Error">Ksfraser\HTML\Tests\CSSManagementTraitTest::testBackwardCompatibilityWithSetAttributeClass
Error: Class "Ksfraser\HTML\HtmlDiv" not found

C:\Users\prote\Documents\software-devel\html\tests\CSSManagementTraitTest.php:25</error>
        </testcase>
      </testsuite>
      <testsuite name="CancelButtonTest" file="C:\Users\prote\Documents\software-devel\html\tests\CancelButtonTest.php" tests="2" assertions="2" errors="0" warnings="0" failures="0" skipped="0" time="0.003928">
        <testcase name="testDefaultLabel" class="CancelButtonTest" classname="CancelButtonTest" file="C:\Users\prote\Documents\software-devel\html\tests\CancelButtonTest.php" line="7" assertions="1" time="0.002447"/>
        <testcase name="testSetGoBack" class="CancelButtonTest" classname="CancelButtonTest" file="C:\Users\prote\Documents\software-devel\html\tests\CancelButtonTest.php" line="11" assertions="1" time="0.001481"/>
      </testsuite>
      <testsuite name="CloseButtonTest" file="C:\Users\prote\Documents\software-devel\html\tests\CloseButtonTest.php" tests="2" assertions="2" errors="0" warnings="0" failures="0" skipped="0" time="0.002830">
        <testcase name="testDefaultLabel" class="CloseButtonTest" classname="CloseButtonTest" file="C:\Users\prote\Documents\software-devel\html\tests\CloseButtonTest.php" line="7" assertions="1" time="0.001630"/>
        <testcase name="testAddClass" class="CloseButtonTest" classname="CloseButtonTest" file="C:\Users\prote\Documents\software-devel\html\tests\CloseButtonTest.php" line="11" assertions="1" time="0.001200"/>
      </testsuite>
      <testsuite name="Tests\ComponentFactoryTraitTest" file="C:\Users\prote\Documents\software-devel\html\tests\ComponentFactoryTraitTest.php" tests="62" assertions="108" errors="0" warnings="0" failures="0" skipped="0" time="0.091590">
        <testcase name="button_primary_creates_button_with_correct_classes" class="Tests\ComponentFactoryTraitTest" classname="Tests.ComponentFactoryTraitTest" file="C:\Users\prote\Documents\software-devel\html\tests\ComponentFactoryTraitTest.php" line="28" assertions="3" time="0.001209"/>
        <testcase name="button_primary_defaults_to_button_type" class="Tests\ComponentFactoryTraitTest" classname="Tests.ComponentFactoryTraitTest" file="C:\Users\prote\Documents\software-devel\html\tests\ComponentFactoryTraitTest.php" line="42" assertions="1" time="0.001042"/>
        <testcase name="button_success_creates_button_with_success_class" class="Tests\ComponentFactoryTraitTest" classname="Tests.ComponentFactoryTraitTest" file="C:\Users\prote\Documents\software-devel\html\tests\ComponentFactoryTraitTest.php" line="54" assertions="2" time="0.001113"/>
        <testcase name="button_danger_creates_button_with_danger_class" class="Tests\ComponentFactoryTraitTest" classname="Tests.ComponentFactoryTraitTest" file="C:\Users\prote\Documents\software-devel\html\tests\ComponentFactoryTraitTest.php" line="67" assertions="2" time="0.001165"/>
        <testcase name="button_warning_creates_button_with_warning_class" class="Tests\ComponentFactoryTraitTest" classname="Tests.ComponentFactoryTraitTest" file="C:\Users\prote\Documents\software-devel\html\tests\ComponentFactoryTraitTest.php" line="80" assertions="2" time="0.003582"/>
        <testcase name="button_info_creates_button_with_info_class" class="Tests\ComponentFactoryTraitTest" classname="Tests.ComponentFactoryTraitTest" file="C:\Users\prote\Documents\software-devel\html\tests\ComponentFactoryTraitTest.php" line="93" assertions="2" time="0.003478"/>
        <testcase name="button_secondary_creates_button_with_secondary_class" class="Tests\ComponentFactoryTraitTest" classname="Tests.ComponentFactoryTraitTest" file="C:\Users\prote\Documents\software-devel\html\tests\ComponentFactoryTraitTest.php" line="106" assertions="2" time="0.001198"/>
        <testcase name="button_large_adds_size_class" class="Tests\ComponentFactoryTraitTest" classname="Tests.ComponentFactoryTraitTest" file="C:\Users\prote\Documents\software-devel\html\tests\ComponentFactoryTraitTest.php" line="119" assertions="1" time="0.001184"/>
        <testcase name="button_small_adds_size_class" class="Tests\ComponentFactoryTraitTest" classname="Tests.ComponentFactoryTraitTest" file="C:\Users\prote\Documents\software-devel\html\tests\ComponentFactoryTraitTest.php" line="132" assertions="1" time="0.002804"/>
        <testcase name="button_submit_type_sets_correct_type_attribute" class="Tests\ComponentFactoryTraitTest" classname="Tests.ComponentFactoryTraitTest" file="C:\Users\prote\Documents\software-devel\html\tests\ComponentFactoryTraitTest.php" line="145" assertions="1" time="0.001030"/>
        <testcase name="card_creates_card_container_with_correct_classes" class="Tests\ComponentFactoryTraitTest" classname="Tests.ComponentFactoryTraitTest" file="C:\Users\prote\Documents\software-devel\html\tests\ComponentFactoryTraitTest.php" line="161" assertions="2" time="0.000870"/>
        <testcase name="card_header_creates_header_element" class="Tests\ComponentFactoryTraitTest" classname="Tests.ComponentFactoryTraitTest" file="C:\Users\prote\Documents\software-devel\html\tests\ComponentFactoryTraitTest.php" line="174" assertions="2" time="0.000818"/>
        <testcase name="card_body_creates_body_element" class="Tests\ComponentFactoryTraitTest" classname="Tests.ComponentFactoryTraitTest" file="C:\Users\prote\Documents\software-devel\html\tests\ComponentFactoryTraitTest.php" line="187" assertions="2" time="0.000794"/>
        <testcase name="card_footer_creates_footer_element" class="Tests\ComponentFactoryTraitTest" classname="Tests.ComponentFactoryTraitTest" file="C:\Users\prote\Documents\software-devel\html\tests\ComponentFactoryTraitTest.php" line="200" assertions="2" time="0.000850"/>
        <testcase name="card_with_image_adds_image_class" class="Tests\ComponentFactoryTraitTest" classname="Tests.ComponentFactoryTraitTest" file="C:\Users\prote\Documents\software-devel\html\tests\ComponentFactoryTraitTest.php" line="213" assertions="3" time="0.001040"/>
        <testcase name="card_text_creates_text_element" class="Tests\ComponentFactoryTraitTest" classname="Tests.ComponentFactoryTraitTest" file="C:\Users\prote\Documents\software-devel\html\tests\ComponentFactoryTraitTest.php" line="227" assertions="2" time="0.002972"/>
        <testcase name="card_title_creates_title_element" class="Tests\ComponentFactoryTraitTest" classname="Tests.ComponentFactoryTraitTest" file="C:\Users\prote\Documents\software-devel\html\tests\ComponentFactoryTraitTest.php" line="240" assertions="1" time="0.000903"/>
        <testcase name="card_subtitle_creates_subtitle_element" class="Tests\ComponentFactoryTraitTest" classname="Tests.ComponentFactoryTraitTest" file="C:\Users\prote\Documents\software-devel\html\tests\ComponentFactoryTraitTest.php" line="252" assertions="1" time="0.000831"/>
        <testcase name="alert_primary_creates_alert_with_correct_classes" class="Tests\ComponentFactoryTraitTest" classname="Tests.ComponentFactoryTraitTest" file="C:\Users\prote\Documents\software-devel\html\tests\ComponentFactoryTraitTest.php" line="268" assertions="3" time="0.001328"/>
        <testcase name="alert_success_creates_alert_with_success_class" class="Tests\ComponentFactoryTraitTest" classname="Tests.ComponentFactoryTraitTest" file="C:\Users\prote\Documents\software-devel\html\tests\ComponentFactoryTraitTest.php" line="282" assertions="2" time="0.001161"/>
        <testcase name="alert_warning_creates_alert_with_warning_class" class="Tests\ComponentFactoryTraitTest" classname="Tests.ComponentFactoryTraitTest" file="C:\Users\prote\Documents\software-devel\html\tests\ComponentFactoryTraitTest.php" line="295" assertions="2" time="0.001453"/>
        <testcase name="alert_danger_creates_alert_with_danger_class" class="Tests\ComponentFactoryTraitTest" classname="Tests.ComponentFactoryTraitTest" file="C:\Users\prote\Documents\software-devel\html\tests\ComponentFactoryTraitTest.php" line="308" assertions="2" time="0.002896"/>
        <testcase name="alert_info_creates_alert_with_info_class" class="Tests\ComponentFactoryTraitTest" classname="Tests.ComponentFactoryTraitTest" file="C:\Users\prote\Documents\software-devel\html\tests\ComponentFactoryTraitTest.php" line="321" assertions="2" time="0.001170"/>
        <testcase name="alert_dismissible_adds_dismissible_class" class="Tests\ComponentFactoryTraitTest" classname="Tests.ComponentFactoryTraitTest" file="C:\Users\prote\Documents\software-devel\html\tests\ComponentFactoryTraitTest.php" line="334" assertions="1" time="0.001538"/>
        <testcase name="alert_sets_role_attribute" class="Tests\ComponentFactoryTraitTest" classname="Tests.ComponentFactoryTraitTest" file="C:\Users\prote\Documents\software-devel\html\tests\ComponentFactoryTraitTest.php" line="346" assertions="1" time="0.001005"/>
        <testcase name="badge_primary_creates_badge_with_correct_classes" class="Tests\ComponentFactoryTraitTest" classname="Tests.ComponentFactoryTraitTest" file="C:\Users\prote\Documents\software-devel\html\tests\ComponentFactoryTraitTest.php" line="362" assertions="3" time="0.001072"/>
        <testcase name="badge_success_creates_badge_with_success_class" class="Tests\ComponentFactoryTraitTest" classname="Tests.ComponentFactoryTraitTest" file="C:\Users\prote\Documents\software-devel\html\tests\ComponentFactoryTraitTest.php" line="376" assertions="2" time="0.001140"/>
        <testcase name="badge_danger_creates_badge_with_danger_class" class="Tests\ComponentFactoryTraitTest" classname="Tests.ComponentFactoryTraitTest" file="C:\Users\prote\Documents\software-devel\html\tests\ComponentFactoryTraitTest.php" line="389" assertions="2" time="0.001297"/>
        <testcase name="badge_warning_creates_badge_with_warning_class" class="Tests\ComponentFactoryTraitTest" classname="Tests.ComponentFactoryTraitTest" file="C:\Users\prote\Documents\software-devel\html\tests\ComponentFactoryTraitTest.php" line="402" assertions="2" time="0.001292"/>
        <testcase name="badge_info_creates_badge_with_info_class" class="Tests\ComponentFactoryTraitTest" classname="Tests.ComponentFactoryTraitTest" file="C:\Users\prote\Documents\software-devel\html\tests\ComponentFactoryTraitTest.php" line="415" assertions="2" time="0.002340"/>
        <testcase name="badge_secondary_creates_badge_with_secondary_class" class="Tests\ComponentFactoryTraitTest" classname="Tests.ComponentFactoryTraitTest" file="C:\Users\prote\Documents\software-devel\html\tests\ComponentFactoryTraitTest.php" line="428" assertions="2" time="0.001534"/>
        <testcase name="badge_pill_adds_pill_class" class="Tests\ComponentFactoryTraitTest" classname="Tests.ComponentFactoryTraitTest" file="C:\Users\prote\Documents\software-devel\html\tests\ComponentFactoryTraitTest.php" line="441" assertions="1" time="0.001498"/>
        <testcase name="modal_creates_modal_container_with_correct_classes" class="Tests\ComponentFactoryTraitTest" classname="Tests.ComponentFactoryTraitTest" file="C:\Users\prote\Documents\software-devel\html\tests\ComponentFactoryTraitTest.php" line="457" assertions="3" time="0.001107"/>
        <testcase name="modal_sets_role_attribute" class="Tests\ComponentFactoryTraitTest" classname="Tests.ComponentFactoryTraitTest" file="C:\Users\prote\Documents\software-devel\html\tests\ComponentFactoryTraitTest.php" line="471" assertions="1" time="0.002656"/>
        <testcase name="modal_dialog_creates_dialog_wrapper" class="Tests\ComponentFactoryTraitTest" classname="Tests.ComponentFactoryTraitTest" file="C:\Users\prote\Documents\software-devel\html\tests\ComponentFactoryTraitTest.php" line="483" assertions="2" time="0.000921"/>
        <testcase name="modal_content_creates_content_wrapper" class="Tests\ComponentFactoryTraitTest" classname="Tests.ComponentFactoryTraitTest" file="C:\Users\prote\Documents\software-devel\html\tests\ComponentFactoryTraitTest.php" line="496" assertions="2" time="0.000911"/>
        <testcase name="modal_header_creates_header_element" class="Tests\ComponentFactoryTraitTest" classname="Tests.ComponentFactoryTraitTest" file="C:\Users\prote\Documents\software-devel\html\tests\ComponentFactoryTraitTest.php" line="509" assertions="2" time="0.000988"/>
        <testcase name="modal_body_creates_body_element" class="Tests\ComponentFactoryTraitTest" classname="Tests.ComponentFactoryTraitTest" file="C:\Users\prote\Documents\software-devel\html\tests\ComponentFactoryTraitTest.php" line="522" assertions="2" time="0.000945"/>
        <testcase name="modal_footer_creates_footer_element" class="Tests\ComponentFactoryTraitTest" classname="Tests.ComponentFactoryTraitTest" file="C:\Users\prote\Documents\software-devel\html\tests\ComponentFactoryTraitTest.php" line="535" assertions="2" time="0.000946"/>
        <testcase name="modal_xlarge_adds_xlarge_class" class="Tests\ComponentFactoryTraitTest" classname="Tests.ComponentFactoryTraitTest" file="C:\Users\prote\Documents\software-devel\html\tests\ComponentFactoryTraitTest.php" line="548" assertions="1" time="0.001086"/>
        <testcase name="modal_large_adds_large_class" class="Tests\ComponentFactoryTraitTest" classname="Tests.ComponentFactoryTraitTest" file="C:\Users\prote\Documents\software-devel\html\tests\ComponentFactoryTraitTest.php" line="560" assertions="1" time="0.010884"/>
        <testcase name="modal_small_adds_small_class" class="Tests\ComponentFactoryTraitTest" classname="Tests.ComponentFactoryTraitTest" file="C:\Users\prote\Documents\software-devel\html\tests\ComponentFactoryTraitTest.php" line="572" assertions="1" time="0.001040"/>
        <testcase name="navbar_creates_navbar_with_correct_classes" class="Tests\ComponentFactoryTraitTest" classname="Tests.ComponentFactoryTraitTest" file="C:\Users\prote\Documents\software-devel\html\tests\ComponentFactoryTraitTest.php" line="588" assertions="2" time="0.001187"/>
        <testcase name="navbar_dark_adds_dark_class" class="Tests\ComponentFactoryTraitTest" classname="Tests.ComponentFactoryTraitTest" file="C:\Users\prote\Documents\software-devel\html\tests\ComponentFactoryTraitTest.php" line="601" assertions="1" time="0.001065"/>
        <testcase name="navbar_light_adds_light_class" class="Tests\ComponentFactoryTraitTest" classname="Tests.ComponentFactoryTraitTest" file="C:\Users\prote\Documents\software-devel\html\tests\ComponentFactoryTraitTest.php" line="613" assertions="1" time="0.001061"/>
        <testcase name="navbar_bg_primary_adds_background_class" class="Tests\ComponentFactoryTraitTest" classname="Tests.ComponentFactoryTraitTest" file="C:\Users\prote\Documents\software-devel\html\tests\ComponentFactoryTraitTest.php" line="625" assertions="1" time="0.001170"/>
        <testcase name="navbar_brand_creates_brand_element" class="Tests\ComponentFactoryTraitTest" classname="Tests.ComponentFactoryTraitTest" file="C:\Users\prote\Documents\software-devel\html\tests\ComponentFactoryTraitTest.php" line="637" assertions="2" time="0.000897"/>
        <testcase name="navbar_nav_creates_nav_list" class="Tests\ComponentFactoryTraitTest" classname="Tests.ComponentFactoryTraitTest" file="C:\Users\prote\Documents\software-devel\html\tests\ComponentFactoryTraitTest.php" line="650" assertions="2" time="0.000882"/>
        <testcase name="navbar_item_creates_list_item" class="Tests\ComponentFactoryTraitTest" classname="Tests.ComponentFactoryTraitTest" file="C:\Users\prote\Documents\software-devel\html\tests\ComponentFactoryTraitTest.php" line="663" assertions="2" time="0.000941"/>
        <testcase name="navbar_link_creates_navigation_link" class="Tests\ComponentFactoryTraitTest" classname="Tests.ComponentFactoryTraitTest" file="C:\Users\prote\Documents\software-devel\html\tests\ComponentFactoryTraitTest.php" line="676" assertions="3" time="0.001116"/>
        <testcase name="navbar_link_active_adds_active_class" class="Tests\ComponentFactoryTraitTest" classname="Tests.ComponentFactoryTraitTest" file="C:\Users\prote\Documents\software-devel\html\tests\ComponentFactoryTraitTest.php" line="690" assertions="1" time="0.001017"/>
        <testcase name="navbar_toggler_creates_toggle_button" class="Tests\ComponentFactoryTraitTest" classname="Tests.ComponentFactoryTraitTest" file="C:\Users\prote\Documents\software-devel\html\tests\ComponentFactoryTraitTest.php" line="702" assertions="3" time="0.001253"/>
        <testcase name="pagination_creates_pagination_element" class="Tests\ComponentFactoryTraitTest" classname="Tests.ComponentFactoryTraitTest" file="C:\Users\prote\Documents\software-devel\html\tests\ComponentFactoryTraitTest.php" line="720" assertions="1" time="0.000697"/>
        <testcase name="pagination_list_creates_list_element" class="Tests\ComponentFactoryTraitTest" classname="Tests.ComponentFactoryTraitTest" file="C:\Users\prote\Documents\software-devel\html\tests\ComponentFactoryTraitTest.php" line="732" assertions="2" time="0.000928"/>
        <testcase name="pagination_item_creates_list_item" class="Tests\ComponentFactoryTraitTest" classname="Tests.ComponentFactoryTraitTest" file="C:\Users\prote\Documents\software-devel\html\tests\ComponentFactoryTraitTest.php" line="745" assertions="2" time="0.000995"/>
        <testcase name="pagination_item_active_adds_active_class" class="Tests\ComponentFactoryTraitTest" classname="Tests.ComponentFactoryTraitTest" file="C:\Users\prote\Documents\software-devel\html\tests\ComponentFactoryTraitTest.php" line="758" assertions="1" time="0.001012"/>
        <testcase name="pagination_item_disabled_adds_disabled_class" class="Tests\ComponentFactoryTraitTest" classname="Tests.ComponentFactoryTraitTest" file="C:\Users\prote\Documents\software-devel\html\tests\ComponentFactoryTraitTest.php" line="770" assertions="1" time="0.001581"/>
        <testcase name="pagination_link_creates_link_element" class="Tests\ComponentFactoryTraitTest" classname="Tests.ComponentFactoryTraitTest" file="C:\Users\prote\Documents\software-devel\html\tests\ComponentFactoryTraitTest.php" line="782" assertions="3" time="0.001521"/>
        <testcase name="pagination_link_previous_creates_previous_link" class="Tests\ComponentFactoryTraitTest" classname="Tests.ComponentFactoryTraitTest" file="C:\Users\prote\Documents\software-devel\html\tests\ComponentFactoryTraitTest.php" line="796" assertions="1" time="0.001470"/>
        <testcase name="pagination_link_next_creates_next_link" class="Tests\ComponentFactoryTraitTest" classname="Tests.ComponentFactoryTraitTest" file="C:\Users\prote\Documents\software-devel\html\tests\ComponentFactoryTraitTest.php" line="808" assertions="1" time="0.001357"/>
        <testcase name="pagination_large_adds_size_class" class="Tests\ComponentFactoryTraitTest" classname="Tests.ComponentFactoryTraitTest" file="C:\Users\prote\Documents\software-devel\html\tests\ComponentFactoryTraitTest.php" line="820" assertions="1" time="0.001042"/>
        <testcase name="pagination_small_adds_size_class" class="Tests\ComponentFactoryTraitTest" classname="Tests.ComponentFactoryTraitTest" file="C:\Users\prote\Documents\software-devel\html\tests\ComponentFactoryTraitTest.php" line="832" assertions="1" time="0.001309"/>
      </testsuite>
      <testsuite name="Ksfraser\HTML\Tests\DataAttributeTraitTest" file="C:\Users\prote\Documents\software-devel\html\tests\DataAttributeTraitTest.php" tests="51" assertions="84" errors="0" warnings="0" failures="0" skipped="0" time="0.073745">
        <testcase name="testSetSingleDataAttribute" class="Ksfraser\HTML\Tests\DataAttributeTraitTest" classname="Ksfraser.HTML.Tests.DataAttributeTraitTest" file="C:\Users\prote\Documents\software-devel\html\tests\DataAttributeTraitTest.php" line="40" assertions="2" time="0.000688"/>
        <testcase name="testSetMultipleDataAttributes" class="Ksfraser\HTML\Tests\DataAttributeTraitTest" classname="Ksfraser.HTML.Tests.DataAttributeTraitTest" file="C:\Users\prote\Documents\software-devel\html\tests\DataAttributeTraitTest.php" line="52" assertions="3" time="0.000662"/>
        <testcase name="testSetDataAttributeWithBatch" class="Ksfraser\HTML\Tests\DataAttributeTraitTest" classname="Ksfraser.HTML.Tests.DataAttributeTraitTest" file="C:\Users\prote\Documents\software-devel\html\tests\DataAttributeTraitTest.php" line="68" assertions="3" time="0.000739"/>
        <testcase name="testGetAllDataAttributes" class="Ksfraser\HTML\Tests\DataAttributeTraitTest" classname="Ksfraser.HTML.Tests.DataAttributeTraitTest" file="C:\Users\prote\Documents\software-devel\html\tests\DataAttributeTraitTest.php" line="87" assertions="4" time="0.000749"/>
        <testcase name="testDataAttributeInHtmlOutput" class="Ksfraser\HTML\Tests\DataAttributeTraitTest" classname="Ksfraser.HTML.Tests.DataAttributeTraitTest" file="C:\Users\prote\Documents\software-devel\html\tests\DataAttributeTraitTest.php" line="105" assertions="1" time="0.000742"/>
        <testcase name="testSetDataWithStringValue" class="Ksfraser\HTML\Tests\DataAttributeTraitTest" classname="Ksfraser.HTML.Tests.DataAttributeTraitTest" file="C:\Users\prote\Documents\software-devel\html\tests\DataAttributeTraitTest.php" line="120" assertions="1" time="0.000607"/>
        <testcase name="testSetDataWithIntegerValue" class="Ksfraser\HTML\Tests\DataAttributeTraitTest" classname="Ksfraser.HTML.Tests.DataAttributeTraitTest" file="C:\Users\prote\Documents\software-devel\html\tests\DataAttributeTraitTest.php" line="131" assertions="1" time="0.000834"/>
        <testcase name="testSetDataWithBooleanValue" class="Ksfraser\HTML\Tests\DataAttributeTraitTest" classname="Ksfraser.HTML.Tests.DataAttributeTraitTest" file="C:\Users\prote\Documents\software-devel\html\tests\DataAttributeTraitTest.php" line="143" assertions="2" time="0.000907"/>
        <testcase name="testSetDataWithArrayValue" class="Ksfraser\HTML\Tests\DataAttributeTraitTest" classname="Ksfraser.HTML.Tests.DataAttributeTraitTest" file="C:\Users\prote\Documents\software-devel\html\tests\DataAttributeTraitTest.php" line="158" assertions="1" time="0.000718"/>
        <testcase name="testSetDataWithJsonSerializableObject" class="Ksfraser\HTML\Tests\DataAttributeTraitTest" classname="Ksfraser.HTML.Tests.DataAttributeTraitTest" file="C:\Users\prote\Documents\software-devel\html\tests\DataAttributeTraitTest.php" line="172" assertions="1" time="0.000692"/>
        <testcase name="testSetDataWithFloatValue" class="Ksfraser\HTML\Tests\DataAttributeTraitTest" classname="Ksfraser.HTML.Tests.DataAttributeTraitTest" file="C:\Users\prote\Documents\software-devel\html\tests\DataAttributeTraitTest.php" line="188" assertions="1" time="0.000836"/>
        <testcase name="testSetDataWithEmptyString" class="Ksfraser\HTML\Tests\DataAttributeTraitTest" classname="Ksfraser.HTML.Tests.DataAttributeTraitTest" file="C:\Users\prote\Documents\software-devel\html\tests\DataAttributeTraitTest.php" line="200" assertions="1" time="0.000627"/>
        <testcase name="testSetDataWithNull" class="Ksfraser\HTML\Tests\DataAttributeTraitTest" classname="Ksfraser.HTML.Tests.DataAttributeTraitTest" file="C:\Users\prote\Documents\software-devel\html\tests\DataAttributeTraitTest.php" line="211" assertions="1" time="0.000668"/>
        <testcase name="testDataAttributeEscapesDoubleQuotes" class="Ksfraser\HTML\Tests\DataAttributeTraitTest" classname="Ksfraser.HTML.Tests.DataAttributeTraitTest" file="C:\Users\prote\Documents\software-devel\html\tests\DataAttributeTraitTest.php" line="226" assertions="2" time="0.028843"/>
        <testcase name="testDataAttributeEscapesLessThan" class="Ksfraser\HTML\Tests\DataAttributeTraitTest" classname="Ksfraser.HTML.Tests.DataAttributeTraitTest" file="C:\Users\prote\Documents\software-devel\html\tests\DataAttributeTraitTest.php" line="239" assertions="1" time="0.000750"/>
        <testcase name="testDataAttributeEscapesGreaterThan" class="Ksfraser\HTML\Tests\DataAttributeTraitTest" classname="Ksfraser.HTML.Tests.DataAttributeTraitTest" file="C:\Users\prote\Documents\software-devel\html\tests\DataAttributeTraitTest.php" line="251" assertions="1" time="0.000753"/>
        <testcase name="testDataAttributeEscapesAmpersand" class="Ksfraser\HTML\Tests\DataAttributeTraitTest" classname="Ksfraser.HTML.Tests.DataAttributeTraitTest" file="C:\Users\prote\Documents\software-devel\html\tests\DataAttributeTraitTest.php" line="263" assertions="1" time="0.000732"/>
        <testcase name="testDataAttributeEscapesSingleQuote" class="Ksfraser\HTML\Tests\DataAttributeTraitTest" classname="Ksfraser.HTML.Tests.DataAttributeTraitTest" file="C:\Users\prote\Documents\software-devel\html\tests\DataAttributeTraitTest.php" line="275" assertions="1" time="0.002221"/>
        <testcase name="testDataAttributeEscapesJsonWithSpecialChars" class="Ksfraser\HTML\Tests\DataAttributeTraitTest" classname="Ksfraser.HTML.Tests.DataAttributeTraitTest" file="C:\Users\prote\Documents\software-devel\html\tests\DataAttributeTraitTest.php" line="288" assertions="2" time="0.000841"/>
        <testcase name="testRemoveDataAttribute" class="Ksfraser\HTML\Tests\DataAttributeTraitTest" classname="Ksfraser.HTML.Tests.DataAttributeTraitTest" file="C:\Users\prote\Documents\software-devel\html\tests\DataAttributeTraitTest.php" line="303" assertions="2" time="0.000957"/>
        <testcase name="testRemoveNonExistentDataAttribute" class="Ksfraser\HTML\Tests\DataAttributeTraitTest" classname="Ksfraser.HTML.Tests.DataAttributeTraitTest" file="C:\Users\prote\Documents\software-devel\html\tests\DataAttributeTraitTest.php" line="317" assertions="1" time="0.000608"/>
        <testcase name="testClearAllDataAttributes" class="Ksfraser\HTML\Tests\DataAttributeTraitTest" classname="Ksfraser.HTML.Tests.DataAttributeTraitTest" file="C:\Users\prote\Documents\software-devel\html\tests\DataAttributeTraitTest.php" line="329" assertions="2" time="0.000711"/>
        <testcase name="testRemoveDataRemovedFromHtml" class="Ksfraser\HTML\Tests\DataAttributeTraitTest" classname="Ksfraser.HTML.Tests.DataAttributeTraitTest" file="C:\Users\prote\Documents\software-devel\html\tests\DataAttributeTraitTest.php" line="347" assertions="2" time="0.000829"/>
        <testcase name="testUpdateExistingDataAttribute" class="Ksfraser\HTML\Tests\DataAttributeTraitTest" classname="Ksfraser.HTML.Tests.DataAttributeTraitTest" file="C:\Users\prote\Documents\software-devel\html\tests\DataAttributeTraitTest.php" line="363" assertions="2" time="0.000753"/>
        <testcase name="testUpdateExistingDataAttributeChangeType" class="Ksfraser\HTML\Tests\DataAttributeTraitTest" classname="Ksfraser.HTML.Tests.DataAttributeTraitTest" file="C:\Users\prote\Documents\software-devel\html\tests\DataAttributeTraitTest.php" line="377" assertions="1" time="0.001018"/>
        <testcase name="testBatchUpdateMergesWithExisting" class="Ksfraser\HTML\Tests\DataAttributeTraitTest" classname="Ksfraser.HTML.Tests.DataAttributeTraitTest" file="C:\Users\prote\Documents\software-devel\html\tests\DataAttributeTraitTest.php" line="391" assertions="5" time="0.001713"/>
        <testcase name="testBatchUpdateOverwritesExisting" class="Ksfraser\HTML\Tests\DataAttributeTraitTest" classname="Ksfraser.HTML.Tests.DataAttributeTraitTest" file="C:\Users\prote\Documents\software-devel\html\tests\DataAttributeTraitTest.php" line="411" assertions="1" time="0.000695"/>
        <testcase name="testDataAttributeRendersWithDataPrefix" class="Ksfraser\HTML\Tests\DataAttributeTraitTest" classname="Ksfraser.HTML.Tests.DataAttributeTraitTest" file="C:\Users\prote\Documents\software-devel\html\tests\DataAttributeTraitTest.php" line="426" assertions="1" time="0.000679"/>
        <testcase name="testDataAttributeWithCamelCaseConvertsToKebabCase" class="Ksfraser\HTML\Tests\DataAttributeTraitTest" classname="Ksfraser.HTML.Tests.DataAttributeTraitTest" file="C:\Users\prote\Documents\software-devel\html\tests\DataAttributeTraitTest.php" line="439" assertions="2" time="0.000807"/>
        <testcase name="testDataAttributeWithKebabCaseFormat" class="Ksfraser\HTML\Tests\DataAttributeTraitTest" classname="Ksfraser.HTML.Tests.DataAttributeTraitTest" file="C:\Users\prote\Documents\software-devel\html\tests\DataAttributeTraitTest.php" line="454" assertions="1" time="0.000744"/>
        <testcase name="testDataAttributeWithComplexName" class="Ksfraser\HTML\Tests\DataAttributeTraitTest" classname="Ksfraser.HTML.Tests.DataAttributeTraitTest" file="C:\Users\prote\Documents\software-devel\html\tests\DataAttributeTraitTest.php" line="466" assertions="1" time="0.000709"/>
        <testcase name="testDataAttributeWithNumbersInName" class="Ksfraser\HTML\Tests\DataAttributeTraitTest" classname="Ksfraser.HTML.Tests.DataAttributeTraitTest" file="C:\Users\prote\Documents\software-devel\html\tests\DataAttributeTraitTest.php" line="478" assertions="1" time="0.000822"/>
        <testcase name="testSetDataReturnsSelf" class="Ksfraser\HTML\Tests\DataAttributeTraitTest" classname="Ksfraser.HTML.Tests.DataAttributeTraitTest" file="C:\Users\prote\Documents\software-devel\html\tests\DataAttributeTraitTest.php" line="492" assertions="1" time="0.000669"/>
        <testcase name="testChainMultipleSetDataCalls" class="Ksfraser\HTML\Tests\DataAttributeTraitTest" classname="Ksfraser.HTML.Tests.DataAttributeTraitTest" file="C:\Users\prote\Documents\software-devel\html\tests\DataAttributeTraitTest.php" line="503" assertions="1" time="0.000672"/>
        <testcase name="testChainDataAttributesWithOtherMethods" class="Ksfraser\HTML\Tests\DataAttributeTraitTest" classname="Ksfraser.HTML.Tests.DataAttributeTraitTest" file="C:\Users\prote\Documents\software-devel\html\tests\DataAttributeTraitTest.php" line="519" assertions="3" time="0.002556"/>
        <testcase name="testChainDataAttributesWithCssClasses" class="Ksfraser\HTML\Tests\DataAttributeTraitTest" classname="Ksfraser.HTML.Tests.DataAttributeTraitTest" file="C:\Users\prote\Documents\software-devel\html\tests\DataAttributeTraitTest.php" line="537" assertions="2" time="0.001151"/>
        <testcase name="testRemoveDataReturnsSelf" class="Ksfraser\HTML\Tests\DataAttributeTraitTest" classname="Ksfraser.HTML.Tests.DataAttributeTraitTest" file="C:\Users\prote\Documents\software-devel\html\tests\DataAttributeTraitTest.php" line="554" assertions="1" time="0.000616"/>
        <testcase name="testClearDataReturnsSelf" class="Ksfraser\HTML\Tests\DataAttributeTraitTest" classname="Ksfraser.HTML.Tests.DataAttributeTraitTest" file="C:\Users\prote\Documents\software-devel\html\tests\DataAttributeTraitTest.php" line="566" assertions="1" time="0.000582"/>
        <testcase name="testSetDataWithVeryLongValue" class="Ksfraser\HTML\Tests\DataAttributeTraitTest" classname="Ksfraser.HTML.Tests.DataAttributeTraitTest" file="C:\Users\prote\Documents\software-devel\html\tests\DataAttributeTraitTest.php" line="579" assertions="1" time="0.000604"/>
        <testcase name="testSetDataWithUnicodeCharacters" class="Ksfraser\HTML\Tests\DataAttributeTraitTest" classname="Ksfraser.HTML.Tests.DataAttributeTraitTest" file="C:\Users\prote\Documents\software-devel\html\tests\DataAttributeTraitTest.php" line="591" assertions="1" time="0.000568"/>
        <testcase name="testSetDataWithEmojiCharacters" class="Ksfraser\HTML\Tests\DataAttributeTraitTest" classname="Ksfraser.HTML.Tests.DataAttributeTraitTest" file="C:\Users\prote\Documents\software-devel\html\tests\DataAttributeTraitTest.php" line="602" assertions="1" time="0.000670"/>
        <testcase name="testGetDataNonExistentKey" class="Ksfraser\HTML\Tests\DataAttributeTraitTest" classname="Ksfraser.HTML.Tests.DataAttributeTraitTest" file="C:\Users\prote\Documents\software-devel\html\tests\DataAttributeTraitTest.php" line="613" assertions="1" time="0.002117"/>
        <testcase name="testGetDataWithEmptyKey" class="Ksfraser\HTML\Tests\DataAttributeTraitTest" classname="Ksfraser.HTML.Tests.DataAttributeTraitTest" file="C:\Users\prote\Documents\software-devel\html\tests\DataAttributeTraitTest.php" line="624" assertions="1" time="0.000664"/>
[...]
        </testcase>
        <testcase name="canvas_creates_canvas_element" class="Tests\SemanticElementsTraitTest" classname="Tests.SemanticElementsTraitTest" file="C:\Users\prote\Documents\software-devel\html\tests\SemanticElementsTraitTest.php" line="591" assertions="0" time="0.001296">
          <error type="Error">Tests\SemanticElementsTraitTest::canvas_creates_canvas_element
Error: Call to undefined method Ksfraser\HTML\HtmlElement::canvas()

C:\Users\prote\Documents\software-devel\html\tests\SemanticElementsTraitTest.php:593</error>
        </testcase>
        <testcase name="canvas_with_dimensions" class="Tests\SemanticElementsTraitTest" classname="Tests.SemanticElementsTraitTest" file="C:\Users\prote\Documents\software-devel\html\tests\SemanticElementsTraitTest.php" line="603" assertions="0" time="0.000665">
          <error type="Error">Tests\SemanticElementsTraitTest::canvas_with_dimensions
Error: Call to undefined method Ksfraser\HTML\HtmlElement::canvas()

C:\Users\prote\Documents\software-devel\html\tests\SemanticElementsTraitTest.php:605</error>
        </testcase>
        <testcase name="svg_creates_svg_element" class="Tests\SemanticElementsTraitTest" classname="Tests.SemanticElementsTraitTest" file="C:\Users\prote\Documents\software-devel\html\tests\SemanticElementsTraitTest.php" line="616" assertions="0" time="0.000615">
          <error type="Error">Tests\SemanticElementsTraitTest::svg_creates_svg_element
Error: Call to undefined method Ksfraser\HTML\HtmlElement::svg()

C:\Users\prote\Documents\software-devel\html\tests\SemanticElementsTraitTest.php:618</error>
        </testcase>
        <testcase name="svg_with_viewbox" class="Tests\SemanticElementsTraitTest" classname="Tests.SemanticElementsTraitTest" file="C:\Users\prote\Documents\software-devel\html\tests\SemanticElementsTraitTest.php" line="628" assertions="0" time="0.000719">
          <error type="Error">Tests\SemanticElementsTraitTest::svg_with_viewbox
Error: Call to undefined method Ksfraser\HTML\HtmlElement::svg()

C:\Users\prote\Documents\software-devel\html\tests\SemanticElementsTraitTest.php:630</error>
        </testcase>
        <testcase name="html_creates_html_element" class="Tests\SemanticElementsTraitTest" classname="Tests.SemanticElementsTraitTest" file="C:\Users\prote\Documents\software-devel\html\tests\SemanticElementsTraitTest.php" line="644" assertions="0" time="0.000722">
          <error type="Error">Tests\SemanticElementsTraitTest::html_creates_html_element
Error: Call to undefined method Ksfraser\HTML\HtmlElement::htmlElement()

C:\Users\prote\Documents\software-devel\html\tests\SemanticElementsTraitTest.php:646</error>
        </testcase>
        <testcase name="head_creates_head_element" class="Tests\SemanticElementsTraitTest" classname="Tests.SemanticElementsTraitTest" file="C:\Users\prote\Documents\software-devel\html\tests\SemanticElementsTraitTest.php" line="657" assertions="0" time="0.002014">
          <error type="Error">Tests\SemanticElementsTraitTest::head_creates_head_element
Error: Call to undefined method Ksfraser\HTML\HtmlElement::head()

C:\Users\prote\Documents\software-devel\html\tests\SemanticElementsTraitTest.php:659</error>
        </testcase>
        <testcase name="body_creates_body_element" class="Tests\SemanticElementsTraitTest" classname="Tests.SemanticElementsTraitTest" file="C:\Users\prote\Documents\software-devel\html\tests\SemanticElementsTraitTest.php" line="669" assertions="0" time="0.000762">
          <error type="Error">Tests\SemanticElementsTraitTest::body_creates_body_element
Error: Call to undefined method Ksfraser\HTML\HtmlElement::body()

C:\Users\prote\Documents\software-devel\html\tests\SemanticElementsTraitTest.php:671</error>
        </testcase>
        <testcase name="title_creates_title_element" class="Tests\SemanticElementsTraitTest" classname="Tests.SemanticElementsTraitTest" file="C:\Users\prote\Documents\software-devel\html\tests\SemanticElementsTraitTest.php" line="681" assertions="0" time="0.000717">
          <error type="Error">Tests\SemanticElementsTraitTest::title_creates_title_element
Error: Call to undefined method Ksfraser\HTML\HtmlElement::title()

C:\Users\prote\Documents\software-devel\html\tests\SemanticElementsTraitTest.php:683</error>
        </testcase>
        <testcase name="meta_creates_meta_element" class="Tests\SemanticElementsTraitTest" classname="Tests.SemanticElementsTraitTest" file="C:\Users\prote\Documents\software-devel\html\tests\SemanticElementsTraitTest.php" line="693" assertions="0" time="0.000686">
          <error type="Error">Tests\SemanticElementsTraitTest::meta_creates_meta_element
Error: Call to undefined method Ksfraser\HTML\HtmlElement::meta()

C:\Users\prote\Documents\software-devel\html\tests\SemanticElementsTraitTest.php:695</error>
        </testcase>
        <testcase name="link_creates_link_element" class="Tests\SemanticElementsTraitTest" classname="Tests.SemanticElementsTraitTest" file="C:\Users\prote\Documents\software-devel\html\tests\SemanticElementsTraitTest.php" line="707" assertions="0" time="0.000702">
          <error type="Error">Tests\SemanticElementsTraitTest::link_creates_link_element
Error: Call to undefined method Ksfraser\HTML\HtmlElement::link()

C:\Users\prote\Documents\software-devel\html\tests\SemanticElementsTraitTest.php:709</error>
        </testcase>
        <testcase name="script_creates_script_element" class="Tests\SemanticElementsTraitTest" classname="Tests.SemanticElementsTraitTest" file="C:\Users\prote\Documents\software-devel\html\tests\SemanticElementsTraitTest.php" line="721" assertions="0" time="0.001032">
          <error type="Error">Tests\SemanticElementsTraitTest::script_creates_script_element
Error: Call to undefined method Ksfraser\HTML\HtmlElement::script()

C:\Users\prote\Documents\software-devel\html\tests\SemanticElementsTraitTest.php:723</error>
        </testcase>
        <testcase name="style_creates_style_element" class="Tests\SemanticElementsTraitTest" classname="Tests.SemanticElementsTraitTest" file="C:\Users\prote\Documents\software-devel\html\tests\SemanticElementsTraitTest.php" line="734" assertions="0" time="0.000700">
          <error type="Error">Tests\SemanticElementsTraitTest::style_creates_style_element
Error: Call to undefined method Ksfraser\HTML\HtmlElement::style()

C:\Users\prote\Documents\software-devel\html\tests\SemanticElementsTraitTest.php:736</error>
        </testcase>
      </testsuite>
      <testsuite name="SpecializedActionLinksTest" file="C:\Users\prote\Documents\software-devel\html\tests\SpecializedActionLinksTest.php" tests="13" assertions="42" errors="0" warnings="0" failures="0" skipped="0" time="0.014134">
        <testcase name="testCreateLinkMake" class="SpecializedActionLinksTest" classname="SpecializedActionLinksTest" file="C:\Users\prote\Documents\software-devel\html\tests\SpecializedActionLinksTest.php" line="13" assertions="4" time="0.000932"/>
        <testcase name="testEditLinkMake" class="SpecializedActionLinksTest" classname="SpecializedActionLinksTest" file="C:\Users\prote\Documents\software-devel\html\tests\SpecializedActionLinksTest.php" line="23" assertions="5" time="0.000994"/>
        <testcase name="testDeleteLinkMake" class="SpecializedActionLinksTest" classname="SpecializedActionLinksTest" file="C:\Users\prote\Documents\software-devel\html\tests\SpecializedActionLinksTest.php" line="34" assertions="5" time="0.001037"/>
        <testcase name="testViewLinkMake" class="SpecializedActionLinksTest" classname="SpecializedActionLinksTest" file="C:\Users\prote\Documents\software-devel\html\tests\SpecializedActionLinksTest.php" line="45" assertions="5" time="0.000966"/>
        <testcase name="testListLinkMake" class="SpecializedActionLinksTest" classname="SpecializedActionLinksTest" file="C:\Users\prote\Documents\software-devel\html\tests\SpecializedActionLinksTest.php" line="56" assertions="4" time="0.000967"/>
        <testcase name="testAddLinkMake" class="SpecializedActionLinksTest" classname="SpecializedActionLinksTest" file="C:\Users\prote\Documents\software-devel\html\tests\SpecializedActionLinksTest.php" line="66" assertions="4" time="0.002278"/>
        <testcase name="testCreateLinkDefaultLabel" class="SpecializedActionLinksTest" classname="SpecializedActionLinksTest" file="C:\Users\prote\Documents\software-devel\html\tests\SpecializedActionLinksTest.php" line="75" assertions="2" time="0.001200"/>
        <testcase name="testCreateLinkCustomText" class="SpecializedActionLinksTest" classname="SpecializedActionLinksTest" file="C:\Users\prote\Documents\software-devel\html\tests\SpecializedActionLinksTest.php" line="83" assertions="1" time="0.000794"/>
        <testcase name="testCreateLinkWithParams" class="SpecializedActionLinksTest" classname="SpecializedActionLinksTest" file="C:\Users\prote\Documents\software-devel\html\tests\SpecializedActionLinksTest.php" line="90" assertions="2" time="0.001388"/>
        <testcase name="testCreateLinkSetLabel" class="SpecializedActionLinksTest" classname="SpecializedActionLinksTest" file="C:\Users\prote\Documents\software-devel\html\tests\SpecializedActionLinksTest.php" line="98" assertions="2" time="0.000821"/>
        <testcase name="testEditLinkWithId" class="SpecializedActionLinksTest" classname="SpecializedActionLinksTest" file="C:\Users\prote\Documents\software-devel\html\tests\SpecializedActionLinksTest.php" line="107" assertions="3" time="0.000863"/>
        <testcase name="testEditLinkWithParams" class="SpecializedActionLinksTest" classname="SpecializedActionLinksTest" file="C:\Users\prote\Documents\software-devel\html\tests\SpecializedActionLinksTest.php" line="116" assertions="2" time="0.000832"/>
        <testcase name="testDeleteLinkWithId" class="SpecializedActionLinksTest" classname="SpecializedActionLinksTest" file="C:\Users\prote\Documents\software-devel\html\tests\SpecializedActionLinksTest.php" line="124" assertions="3" time="0.001062"/>
      </testsuite>
      <testsuite name="SubmitButtonTest" file="C:\Users\prote\Documents\software-devel\html\tests\SubmitButtonTest.php" tests="2" assertions="2" errors="0" warnings="0" failures="0" skipped="0" time="0.003525">
        <testcase name="testDefaultLabel" class="SubmitButtonTest" classname="SubmitButtonTest" file="C:\Users\prote\Documents\software-devel\html\tests\SubmitButtonTest.php" line="7" assertions="1" time="0.002323"/>
        <testcase name="testTypeIsSubmit" class="SubmitButtonTest" classname="SubmitButtonTest" file="C:\Users\prote\Documents\software-devel\html\tests\SubmitButtonTest.php" line="11" assertions="1" time="0.001202"/>
      </testsuite>
      <testsuite name="VIEWTest" file="C:\Users\prote\Documents\software-devel\html\tests\VIEWTest.php" tests="3" assertions="0" errors="3" warnings="0" failures="0" skipped="0" time="0.002483">
        <testcase name="testConstructor" class="VIEWTest" classname="VIEWTest" file="C:\Users\prote\Documents\software-devel\html\tests\VIEWTest.php" line="10" assertions="0" time="0.000690">
          <error type="Error">VIEWTest::testConstructor
Error: Cannot call constructor

C:\Users\prote\Documents\software-devel\html\src\Ksfraser\HTML\class.VIEW.php:51
C:\Users\prote\Documents\software-devel\html\tests\VIEWTest.php:12</error>
        </testcase>
        <testcase name="testSetVar" class="VIEWTest" classname="VIEWTest" file="C:\Users\prote\Documents\software-devel\html\tests\VIEWTest.php" line="19" assertions="0" time="0.000708">
          <error type="Error">VIEWTest::testSetVar
Error: Cannot call constructor

C:\Users\prote\Documents\software-devel\html\src\Ksfraser\HTML\class.VIEW.php:51
C:\Users\prote\Documents\software-devel\html\tests\VIEWTest.php:21</error>
        </testcase>
        <testcase name="testDisplayTableWithEdit" class="VIEWTest" classname="VIEWTest" file="C:\Users\prote\Documents\software-devel\html\tests\VIEWTest.php" line="29" assertions="0" time="0.001085">
          <error type="Error">VIEWTest::testDisplayTableWithEdit
Error: Cannot call constructor

C:\Users\prote\Documents\software-devel\html\src\Ksfraser\HTML\class.VIEW.php:51
C:\Users\prote\Documents\software-devel\html\tests\VIEWTest.php:31</error>
        </testcase>
      </testsuite>
      <testsuite name="VIEW_AMOUNT_CELLTest" file="C:\Users\prote\Documents\software-devel\html\tests\VIEW_AMOUNT_CELLTest.php" tests="1" assertions="0" errors="1" warnings="0" failures="0" skipped="0" time="0.001821">
        <testcase name="testConstructor" class="VIEW_AMOUNT_CELLTest" classname="VIEW_AMOUNT_CELLTest" file="C:\Users\prote\Documents\software-devel\html\tests\VIEW_AMOUNT_CELLTest.php" line="7" assertions="0" time="0.001821">
          <error type="Error">VIEW_AMOUNT_CELLTest::testConstructor
Error: Cannot call constructor

C:\Users\prote\Documents\software-devel\html\src\Ksfraser\HTML\archived\class.VIEW_CELL.php:17
C:\Users\prote\Documents\software-devel\html\src\Ksfraser\HTML\archived\class.VIEW_AMOUNT_CELL.php:13
C:\Users\prote\Documents\software-devel\html\tests\VIEW_AMOUNT_CELLTest.php:9</error>
        </testcase>
      </testsuite>
      <testsuite name="VIEW_CELLTest" file="C:\Users\prote\Documents\software-devel\html\tests\VIEW_CELLTest.php" tests="1" assertions="0" errors="1" warnings="0" failures="0" skipped="0" time="0.000790">
        <testcase name="testConstructor" class="VIEW_CELLTest" classname="VIEW_CELLTest" file="C:\Users\prote\Documents\software-devel\html\tests\VIEW_CELLTest.php" line="7" assertions="0" time="0.000790">
          <error type="Error">VIEW_CELLTest::testConstructor
Error: Cannot call constructor

C:\Users\prote\Documents\software-devel\html\src\Ksfraser\HTML\archived\class.VIEW_CELL.php:17
C:\Users\prote\Documents\software-devel\html\tests\VIEW_CELLTest.php:9</error>
        </testcase>
      </testsuite>
      <testsuite name="VIEW_DATE_CELLTest" file="C:\Users\prote\Documents\software-devel\html\tests\VIEW_DATE_CELLTest.php" tests="1" assertions="0" errors="1" warnings="0" failures="0" skipped="0" time="0.001569">
        <testcase name="testConstructor" class="VIEW_DATE_CELLTest" classname="VIEW_DATE_CELLTest" file="C:\Users\prote\Documents\software-devel\html\tests\VIEW_DATE_CELLTest.php" line="7" assertions="0" time="0.001569">
          <error type="Error">VIEW_DATE_CELLTest::testConstructor
Error: Cannot call constructor

C:\Users\prote\Documents\software-devel\html\src\Ksfraser\HTML\archived\class.VIEW_CELL.php:17
C:\Users\prote\Documents\software-devel\html\src\Ksfraser\HTML\archived\class.VIEW_DATE_CELL.php:12
C:\Users\prote\Documents\software-devel\html\tests\VIEW_DATE_CELLTest.php:9</error>
        </testcase>
      </testsuite>
      <testsuite name="VIEW_DIVTest" file="C:\Users\prote\Documents\software-devel\html\tests\VIEW_DIVTest.php" tests="1" assertions="0" errors="1" warnings="0" failures="0" skipped="0" time="0.000646">
        <testcase name="testConstructor" class="VIEW_DIVTest" classname="VIEW_DIVTest" file="C:\Users\prote\Documents\software-devel\html\tests\VIEW_DIVTest.php" line="7" assertions="0" time="0.000646">
          <error type="Error">VIEW_DIVTest::testConstructor
Error: Cannot call constructor

C:\Users\prote\Documents\software-devel\html\src\Ksfraser\HTML\archived\class.VIEW_DIV.php:14
C:\Users\prote\Documents\software-devel\html\tests\VIEW_DIVTest.php:9</error>
        </testcase>
      </testsuite>
      <testsuite name="VIEW_FORMTest" file="C:\Users\prote\Documents\software-devel\html\tests\VIEW_FORMTest.php" tests="1" assertions="0" errors="1" warnings="0" failures="0" skipped="0" time="0.001057">
        <testcase name="testConstructor" class="VIEW_FORMTest" classname="VIEW_FORMTest" file="C:\Users\prote\Documents\software-devel\html\tests\VIEW_FORMTest.php" line="7" assertions="0" time="0.001057">
          <error type="Error">VIEW_FORMTest::testConstructor
Error: Cannot call constructor

C:\Users\prote\Documents\software-devel\html\src\Ksfraser\HTML\archived\class.VIEW_FORM.php:12
C:\Users\prote\Documents\software-devel\html\tests\VIEW_FORMTest.php:9</error>
        </testcase>
      </testsuite>
      <testsuite name="VIEW_ROWTest" file="C:\Users\prote\Documents\software-devel\html\tests\VIEW_ROWTest.php" tests="1" assertions="0" errors="1" warnings="0" failures="0" skipped="0" time="0.000600">
        <testcase name="testConstructor" class="VIEW_ROWTest" classname="VIEW_ROWTest" file="C:\Users\prote\Documents\software-devel\html\tests\VIEW_ROWTest.php" line="7" assertions="0" time="0.000600">
          <error type="Error">VIEW_ROWTest::testConstructor
Error: Cannot call constructor

C:\Users\prote\Documents\software-devel\html\src\Ksfraser\HTML\archived\class.VIEW_ROW.php:13
C:\Users\prote\Documents\software-devel\html\tests\VIEW_ROWTest.php:9</error>
        </testcase>
      </testsuite>
      <testsuite name="VIEW_SUBMIT_CELLTest" file="C:\Users\prote\Documents\software-devel\html\tests\VIEW_SUBMIT_CELLTest.php" tests="1" assertions="0" errors="1" warnings="0" failures="0" skipped="0" time="0.000694">
        <testcase name="testConstructor" class="VIEW_SUBMIT_CELLTest" classname="VIEW_SUBMIT_CELLTest" file="C:\Users\prote\Documents\software-devel\html\tests\VIEW_SUBMIT_CELLTest.php" line="7" assertions="0" time="0.000694">
          <error type="Error">VIEW_SUBMIT_CELLTest::testConstructor
Error: Cannot call constructor

C:\Users\prote\Documents\software-devel\html\src\Ksfraser\HTML\archived\class.VIEW_CELL.php:17
C:\Users\prote\Documents\software-devel\html\src\Ksfraser\HTML\archived\class.VIEW_SUBMIT_CELL.php:20
C:\Users\prote\Documents\software-devel\html\tests\VIEW_SUBMIT_CELLTest.php:9</error>
        </testcase>
      </testsuite>
      <testsuite name="VIEW_TABLETest" file="C:\Users\prote\Documents\software-devel\html\tests\VIEW_TABLETest.php" tests="1" assertions="0" errors="1" warnings="0" failures="0" skipped="0" time="0.000592">
        <testcase name="testConstructor" class="VIEW_TABLETest" classname="VIEW_TABLETest" file="C:\Users\prote\Documents\software-devel\html\tests\VIEW_TABLETest.php" line="7" assertions="0" time="0.000592">
          <error type="Error">VIEW_TABLETest::testConstructor
Error: Cannot call constructor

C:\Users\prote\Documents\software-devel\html\src\Ksfraser\HTML\archived\class.VIEW_TABLE.php:16
C:\Users\prote\Documents\software-devel\html\tests\VIEW_TABLETest.php:9</error>
        </testcase>
      </testsuite>
      <testsuite name="VIEW_TABLE_TDTest" file="C:\Users\prote\Documents\software-devel\html\tests\VIEW_TABLE_TDTest.php" tests="1" assertions="0" errors="1" warnings="0" failures="0" skipped="0" time="0.000587">
        <testcase name="testConstructor" class="VIEW_TABLE_TDTest" classname="VIEW_TABLE_TDTest" file="C:\Users\prote\Documents\software-devel\html\tests\VIEW_TABLE_TDTest.php" line="7" assertions="0" time="0.000587">
          <error type="Error">VIEW_TABLE_TDTest::testConstructor
Error: Cannot call constructor

C:\Users\prote\Documents\software-devel\html\src\Ksfraser\HTML\archived\class.VIEW_TABLE_TD.php:14
C:\Users\prote\Documents\software-devel\html\tests\VIEW_TABLE_TDTest.php:9</error>
        </testcase>
      </testsuite>
      <testsuite name="VIEW_TABLE_THTest" file="C:\Users\prote\Documents\software-devel\html\tests\VIEW_TABLE_THTest.php" tests="1" assertions="0" errors="1" warnings="0" failures="0" skipped="0" time="0.000581">
        <testcase name="testConstructor" class="VIEW_TABLE_THTest" classname="VIEW_TABLE_THTest" file="C:\Users\prote\Documents\software-devel\html\tests\VIEW_TABLE_THTest.php" line="7" assertions="0" time="0.000581">
          <error type="Error">VIEW_TABLE_THTest::testConstructor
Error: Cannot call constructor

C:\Users\prote\Documents\software-devel\html\src\Ksfraser\HTML\archived\class.VIEW_TABLE_TH.php:9
C:\Users\prote\Documents\software-devel\html\tests\VIEW_TABLE_THTest.php:9</error>
        </testcase>
      </testsuite>
    </testsuite>
  </testsuite>
</testsuites>
