<?xml version="1.0" encoding="UTF-8"?>
<testsuites>
  <testsuite name="" tests="733" assertions="1317" errors="27" warnings="0" failures="12" skipped="0" time="18.281184">
    <testsuite name="html" tests="733" assertions="1317" errors="27" warnings="0" failures="12" skipped="0" time="18.281184">
      <testsuite name="ActionButtonTest" file="C:\Users\prote\Documents\software-devel\html\tests\ActionButtonTest.php" tests="1" assertions="1" errors="0" warnings="0" failures="0" skipped="0" time="0.939598">
        <testcase name="testCanInstantiate" class="ActionButtonTest" classname="ActionButtonTest" file="C:\Users\prote\Documents\software-devel\html\tests\ActionButtonTest.php" line="16" assertions="1" time="0.939598"/>
      </testsuite>
      <testsuite name="ActionLinkTest" file="C:\Users\prote\Documents\software-devel\html\tests\ActionLinkTest.php" tests="11" assertions="22" errors="0" warnings="0" failures="0" skipped="0" time="0.544668">
        <testcase name="testSetActionWithNoParams" class="ActionLinkTest" classname="ActionLinkTest" file="C:\Users\prote\Documents\software-devel\html\tests\ActionLinkTest.php" line="8" assertions="1" time="0.414617"/>
        <testcase name="testSetActionWithParams" class="ActionLinkTest" classname="ActionLinkTest" file="C:\Users\prote\Documents\software-devel\html\tests\ActionLinkTest.php" line="17" assertions="3" time="0.000824"/>
        <testcase name="testCreateStaticMethod" class="ActionLinkTest" classname="ActionLinkTest" file="C:\Users\prote\Documents\software-devel\html\tests\ActionLinkTest.php" line="28" assertions="2" time="0.000853"/>
        <testcase name="testCreateWithCustomText" class="ActionLinkTest" classname="ActionLinkTest" file="C:\Users\prote\Documents\software-devel\html\tests\ActionLinkTest.php" line="37" assertions="1" time="0.001361"/>
        <testcase name="testEditStaticMethod" class="ActionLinkTest" classname="ActionLinkTest" file="C:\Users\prote\Documents\software-devel\html\tests\ActionLinkTest.php" line="45" assertions="3" time="0.000938"/>
        <testcase name="testViewStaticMethod" class="ActionLinkTest" classname="ActionLinkTest" file="C:\Users\prote\Documents\software-devel\html\tests\ActionLinkTest.php" line="55" assertions="2" time="0.000813"/>
        <testcase name="testDeleteStaticMethod" class="ActionLinkTest" classname="ActionLinkTest" file="C:\Users\prote\Documents\software-devel\html\tests\ActionLinkTest.php" line="64" assertions="4" time="0.122320"/>
        <testcase name="testListAllStaticMethod" class="ActionLinkTest" classname="ActionLinkTest" file="C:\Users\prote\Documents\software-devel\html\tests\ActionLinkTest.php" line="75" assertions="1" time="0.000787"/>
        <testcase name="testAdminStaticMethod" class="ActionLinkTest" classname="ActionLinkTest" file="C:\Users\prote\Documents\software-devel\html\tests\ActionLinkTest.php" line="83" assertions="1" time="0.000684"/>
        <testcase name="testAdminWithSubAction" class="ActionLinkTest" classname="ActionLinkTest" file="C:\Users\prote\Documents\software-devel\html\tests\ActionLinkTest.php" line="91" assertions="1" time="0.000677"/>
        <testcase name="testCustomStaticMethod" class="ActionLinkTest" classname="ActionLinkTest" file="C:\Users\prote\Documents\software-devel\html\tests\ActionLinkTest.php" line="99" assertions="3" time="0.000793"/>
      </testsuite>
      <testsuite name="AddButtonTest" file="C:\Users\prote\Documents\software-devel\html\tests\AddButtonTest.php" tests="2" assertions="2" errors="0" warnings="0" failures="0" skipped="0" time="0.187943">
        <testcase name="testDefaultLabel" class="AddButtonTest" classname="AddButtonTest" file="C:\Users\prote\Documents\software-devel\html\tests\AddButtonTest.php" line="7" assertions="1" time="0.186996"/>
        <testcase name="testCssClass" class="AddButtonTest" classname="AddButtonTest" file="C:\Users\prote\Documents\software-devel\html\tests\AddButtonTest.php" line="11" assertions="1" time="0.000947"/>
      </testsuite>
      <testsuite name="Ksfraser\HTML\Tests\AriaAttributeTraitTest" file="C:\Users\prote\Documents\software-devel\html\tests\AriaAttributeTraitTest.php" tests="53" assertions="89" errors="0" warnings="0" failures="0" skipped="0" time="2.186938">
        <testcase name="testSetAriaLabel" class="Ksfraser\HTML\Tests\AriaAttributeTraitTest" classname="Ksfraser.HTML.Tests.AriaAttributeTraitTest" file="C:\Users\prote\Documents\software-devel\html\tests\AriaAttributeTraitTest.php" line="40" assertions="2" time="0.602936"/>
        <testcase name="testSetAriaLabelRendersInHtml" class="Ksfraser\HTML\Tests\AriaAttributeTraitTest" classname="Ksfraser.HTML.Tests.AriaAttributeTraitTest" file="C:\Users\prote\Documents\software-devel\html\tests\AriaAttributeTraitTest.php" line="52" assertions="1" time="0.000747"/>
        <testcase name="testSetRole" class="Ksfraser\HTML\Tests\AriaAttributeTraitTest" classname="Ksfraser.HTML.Tests.AriaAttributeTraitTest" file="C:\Users\prote\Documents\software-devel\html\tests\AriaAttributeTraitTest.php" line="64" assertions="2" time="0.000737"/>
        <testcase name="testSetRoleRendersInHtml" class="Ksfraser\HTML\Tests\AriaAttributeTraitTest" classname="Ksfraser.HTML.Tests.AriaAttributeTraitTest" file="C:\Users\prote\Documents\software-devel\html\tests\AriaAttributeTraitTest.php" line="76" assertions="1" time="0.000714"/>
        <testcase name="testSetAriaDescribedBy" class="Ksfraser\HTML\Tests\AriaAttributeTraitTest" classname="Ksfraser.HTML.Tests.AriaAttributeTraitTest" file="C:\Users\prote\Documents\software-devel\html\tests\AriaAttributeTraitTest.php" line="88" assertions="2" time="0.000674"/>
        <testcase name="testSetMultipleAriaAttributes" class="Ksfraser\HTML\Tests\AriaAttributeTraitTest" classname="Ksfraser.HTML.Tests.AriaAttributeTraitTest" file="C:\Users\prote\Documents\software-devel\html\tests\AriaAttributeTraitTest.php" line="100" assertions="3" time="0.000880"/>
        <testcase name="testGetAllAriaAttributes" class="Ksfraser\HTML\Tests\AriaAttributeTraitTest" classname="Ksfraser.HTML.Tests.AriaAttributeTraitTest" file="C:\Users\prote\Documents\software-devel\html\tests\AriaAttributeTraitTest.php" line="117" assertions="4" time="0.489641"/>
        <testcase name="testSetAriaHidden" class="Ksfraser\HTML\Tests\AriaAttributeTraitTest" classname="Ksfraser.HTML.Tests.AriaAttributeTraitTest" file="C:\Users\prote\Documents\software-devel\html\tests\AriaAttributeTraitTest.php" line="137" assertions="2" time="0.000821"/>
        <testcase name="testSetAriaDisabled" class="Ksfraser\HTML\Tests\AriaAttributeTraitTest" classname="Ksfraser.HTML.Tests.AriaAttributeTraitTest" file="C:\Users\prote\Documents\software-devel\html\tests\AriaAttributeTraitTest.php" line="153" assertions="1" time="0.000632"/>
        <testcase name="testSetAriaPressed" class="Ksfraser\HTML\Tests\AriaAttributeTraitTest" classname="Ksfraser.HTML.Tests.AriaAttributeTraitTest" file="C:\Users\prote\Documents\software-devel\html\tests\AriaAttributeTraitTest.php" line="165" assertions="2" time="0.001045"/>
        <testcase name="testSetAriaChecked" class="Ksfraser\HTML\Tests\AriaAttributeTraitTest" classname="Ksfraser.HTML.Tests.AriaAttributeTraitTest" file="C:\Users\prote\Documents\software-devel\html\tests\AriaAttributeTraitTest.php" line="181" assertions="2" time="0.000813"/>
        <testcase name="testSetAriaSelected" class="Ksfraser\HTML\Tests\AriaAttributeTraitTest" classname="Ksfraser.HTML.Tests.AriaAttributeTraitTest" file="C:\Users\prote\Documents\software-devel\html\tests\AriaAttributeTraitTest.php" line="197" assertions="1" time="0.000778"/>
        <testcase name="testSetAriaExpanded" class="Ksfraser\HTML\Tests\AriaAttributeTraitTest" classname="Ksfraser.HTML.Tests.AriaAttributeTraitTest" file="C:\Users\prote\Documents\software-devel\html\tests\AriaAttributeTraitTest.php" line="209" assertions="2" time="0.000756"/>
        <testcase name="testSetAriaBusy" class="Ksfraser\HTML\Tests\AriaAttributeTraitTest" classname="Ksfraser.HTML.Tests.AriaAttributeTraitTest" file="C:\Users\prote\Documents\software-devel\html\tests\AriaAttributeTraitTest.php" line="225" assertions="1" time="0.000621"/>
        <testcase name="testSetAriaModal" class="Ksfraser\HTML\Tests\AriaAttributeTraitTest" classname="Ksfraser.HTML.Tests.AriaAttributeTraitTest" file="C:\Users\prote\Documents\software-devel\html\tests\AriaAttributeTraitTest.php" line="237" assertions="1" time="0.000766"/>
        <testcase name="testSetAriaLive" class="Ksfraser\HTML\Tests\AriaAttributeTraitTest" classname="Ksfraser.HTML.Tests.AriaAttributeTraitTest" file="C:\Users\prote\Documents\software-devel\html\tests\AriaAttributeTraitTest.php" line="251" assertions="2" time="0.000772"/>
        <testcase name="testSetAriaAtomic" class="Ksfraser\HTML\Tests\AriaAttributeTraitTest" classname="Ksfraser.HTML.Tests.AriaAttributeTraitTest" file="C:\Users\prote\Documents\software-devel\html\tests\AriaAttributeTraitTest.php" line="267" assertions="1" time="0.000663"/>
        <testcase name="testSetAriaRelevant" class="Ksfraser\HTML\Tests\AriaAttributeTraitTest" classname="Ksfraser.HTML.Tests.AriaAttributeTraitTest" file="C:\Users\prote\Documents\software-devel\html\tests\AriaAttributeTraitTest.php" line="279" assertions="1" time="0.000791"/>
        <testcase name="testSetAriaLabelledBy" class="Ksfraser\HTML\Tests\AriaAttributeTraitTest" classname="Ksfraser.HTML.Tests.AriaAttributeTraitTest" file="C:\Users\prote\Documents\software-devel\html\tests\AriaAttributeTraitTest.php" line="293" assertions="1" time="0.000923"/>
        <testcase name="testSetAriaOwns" class="Ksfraser\HTML\Tests\AriaAttributeTraitTest" classname="Ksfraser.HTML.Tests.AriaAttributeTraitTest" file="C:\Users\prote\Documents\software-devel\html\tests\AriaAttributeTraitTest.php" line="305" assertions="1" time="0.000771"/>
        <testcase name="testSetAriaActivedescendant" class="Ksfraser\HTML\Tests\AriaAttributeTraitTest" classname="Ksfraser.HTML.Tests.AriaAttributeTraitTest" file="C:\Users\prote\Documents\software-devel\html\tests\AriaAttributeTraitTest.php" line="317" assertions="1" time="0.000746"/>
        <testcase name="testSetAriaFlowto" class="Ksfraser\HTML\Tests\AriaAttributeTraitTest" classname="Ksfraser.HTML.Tests.AriaAttributeTraitTest" file="C:\Users\prote\Documents\software-devel\html\tests\AriaAttributeTraitTest.php" line="329" assertions="1" time="0.000708"/>
        <testcase name="testSetAriaValuemin" class="Ksfraser\HTML\Tests\AriaAttributeTraitTest" classname="Ksfraser.HTML.Tests.AriaAttributeTraitTest" file="C:\Users\prote\Documents\software-devel\html\tests\AriaAttributeTraitTest.php" line="343" assertions="1" time="0.000646"/>
        <testcase name="testSetAriaValuemax" class="Ksfraser\HTML\Tests\AriaAttributeTraitTest" classname="Ksfraser.HTML.Tests.AriaAttributeTraitTest" file="C:\Users\prote\Documents\software-devel\html\tests\AriaAttributeTraitTest.php" line="355" assertions="1" time="0.000623"/>
        <testcase name="testSetAriaValuenow" class="Ksfraser\HTML\Tests\AriaAttributeTraitTest" classname="Ksfraser.HTML.Tests.AriaAttributeTraitTest" file="C:\Users\prote\Documents\software-devel\html\tests\AriaAttributeTraitTest.php" line="367" assertions="1" time="0.000622"/>
        <testcase name="testSetAriaValuetext" class="Ksfraser\HTML\Tests\AriaAttributeTraitTest" classname="Ksfraser.HTML.Tests.AriaAttributeTraitTest" file="C:\Users\prote\Documents\software-devel\html\tests\AriaAttributeTraitTest.php" line="379" assertions="1" time="0.000742"/>
        <testcase name="testSetAriaPlaceholder" class="Ksfraser\HTML\Tests\AriaAttributeTraitTest" classname="Ksfraser.HTML.Tests.AriaAttributeTraitTest" file="C:\Users\prote\Documents\software-devel\html\tests\AriaAttributeTraitTest.php" line="391" assertions="1" time="0.001217"/>
        <testcase name="testSetAriaOrientation" class="Ksfraser\HTML\Tests\AriaAttributeTraitTest" classname="Ksfraser.HTML.Tests.AriaAttributeTraitTest" file="C:\Users\prote\Documents\software-devel\html\tests\AriaAttributeTraitTest.php" line="403" assertions="2" time="0.001015"/>
        <testcase name="testSetAriaMultiline" class="Ksfraser\HTML\Tests\AriaAttributeTraitTest" classname="Ksfraser.HTML.Tests.AriaAttributeTraitTest" file="C:\Users\prote\Documents\software-devel\html\tests\AriaAttributeTraitTest.php" line="419" assertions="1" time="0.000904"/>
        <testcase name="testSetAriaReadonly" class="Ksfraser\HTML\Tests\AriaAttributeTraitTest" classname="Ksfraser.HTML.Tests.AriaAttributeTraitTest" file="C:\Users\prote\Documents\software-devel\html\tests\AriaAttributeTraitTest.php" line="431" assertions="1" time="0.000737"/>
        <testcase name="testSetAriaRequired" class="Ksfraser\HTML\Tests\AriaAttributeTraitTest" classname="Ksfraser.HTML.Tests.AriaAttributeTraitTest" file="C:\Users\prote\Documents\software-devel\html\tests\AriaAttributeTraitTest.php" line="443" assertions="1" time="0.000732"/>
        <testcase name="testSetAriaWithCustomName" class="Ksfraser\HTML\Tests\AriaAttributeTraitTest" classname="Ksfraser.HTML.Tests.AriaAttributeTraitTest" file="C:\Users\prote\Documents\software-devel\html\tests\AriaAttributeTraitTest.php" line="457" assertions="1" time="0.000712"/>
        <testcase name="testGetAriaCustomAttribute" class="Ksfraser\HTML\Tests\AriaAttributeTraitTest" classname="Ksfraser.HTML.Tests.AriaAttributeTraitTest" file="C:\Users\prote\Documents\software-devel\html\tests\AriaAttributeTraitTest.php" line="469" assertions="1" time="0.000600"/>
        <testcase name="testHasAriaCustomAttribute" class="Ksfraser\HTML\Tests\AriaAttributeTraitTest" classname="Ksfraser.HTML.Tests.AriaAttributeTraitTest" file="C:\Users\prote\Documents\software-devel\html\tests\AriaAttributeTraitTest.php" line="480" assertions="2" time="0.112206"/>
        <testcase name="testAriaLabelEscapesSpecialCharacters" class="Ksfraser\HTML\Tests\AriaAttributeTraitTest" classname="Ksfraser.HTML.Tests.AriaAttributeTraitTest" file="C:\Users\prote\Documents\software-devel\html\tests\AriaAttributeTraitTest.php" line="494" assertions="2" time="0.000847"/>
        <testcase name="testAriaDescriptionEscapesHtmlTags" class="Ksfraser\HTML\Tests\AriaAttributeTraitTest" classname="Ksfraser.HTML.Tests.AriaAttributeTraitTest" file="C:\Users\prote\Documents\software-devel\html\tests\AriaAttributeTraitTest.php" line="507" assertions="2" time="0.000778"/>
        <testcase name="testRemoveAriaAttribute" class="Ksfraser\HTML\Tests\AriaAttributeTraitTest" classname="Ksfraser.HTML.Tests.AriaAttributeTraitTest" file="C:\Users\prote\Documents\software-devel\html\tests\AriaAttributeTraitTest.php" line="522" assertions="2" time="0.000845"/>
        <testcase name="testRemoveNonExistentAriaAttribute" class="Ksfraser\HTML\Tests\AriaAttributeTraitTest" classname="Ksfraser.HTML.Tests.AriaAttributeTraitTest" file="C:\Users\prote\Documents\software-devel\html\tests\AriaAttributeTraitTest.php" line="536" assertions="1" time="0.000752"/>
        <testcase name="testClearAllAriaAttributes" class="Ksfraser\HTML\Tests\AriaAttributeTraitTest" classname="Ksfraser.HTML.Tests.AriaAttributeTraitTest" file="C:\Users\prote\Documents\software-devel\html\tests\AriaAttributeTraitTest.php" line="548" assertions="2" time="0.000787"/>
        <testcase name="testAriaMethodsReturnSelf" class="Ksfraser\HTML\Tests\AriaAttributeTraitTest" classname="Ksfraser.HTML.Tests.AriaAttributeTraitTest" file="C:\Users\prote\Documents\software-devel\html\tests\AriaAttributeTraitTest.php" line="568" assertions="1" time="0.540755"/>
        <testcase name="testChainMultipleAriaMethodCalls" class="Ksfraser\HTML\Tests\AriaAttributeTraitTest" classname="Ksfraser.HTML.Tests.AriaAttributeTraitTest" file="C:\Users\prote\Documents\software-devel\html\tests\AriaAttributeTraitTest.php" line="579" assertions="4" time="0.004941"/>
        <testcase name="testChainAriaWithOtherMethods" class="Ksfraser\HTML\Tests\AriaAttributeTraitTest" classname="Ksfraser.HTML.Tests.AriaAttributeTraitTest" file="C:\Users\prote\Documents\software-devel\html\tests\AriaAttributeTraitTest.php" line="599" assertions="4" time="0.002304"/>
        <testcase name="testRemoveAriaReturnsSelf" class="Ksfraser\HTML\Tests\AriaAttributeTraitTest" classname="Ksfraser.HTML.Tests.AriaAttributeTraitTest" file="C:\Users\prote\Documents\software-devel\html\tests\AriaAttributeTraitTest.php" line="620" assertions="1" time="0.001357"/>
        <testcase name="testClearAriaReturnsSelf" class="Ksfraser\HTML\Tests\AriaAttributeTraitTest" classname="Ksfraser.HTML.Tests.AriaAttributeTraitTest" file="C:\Users\prote\Documents\software-devel\html\tests\AriaAttributeTraitTest.php" line="632" assertions="1" time="0.001136"/>
        <testcase name="testButtonAccessibilityPattern" class="Ksfraser\HTML\Tests\AriaAttributeTraitTest" classname="Ksfraser.HTML.Tests.AriaAttributeTraitTest" file="C:\Users\prote\Documents\software-devel\html\tests\AriaAttributeTraitTest.php" line="645" assertions="2" time="0.001950"/>
        <testcase name="testMenuAccessibilityPattern" class="Ksfraser\HTML\Tests\AriaAttributeTraitTest" classname="Ksfraser.HTML.Tests.AriaAttributeTraitTest" file="C:\Users\prote\Documents\software-devel\html\tests\AriaAttributeTraitTest.php" line="668" assertions="2" time="0.001549"/>
        <testcase name="testProgressBarPattern" class="Ksfraser\HTML\Tests\AriaAttributeTraitTest" classname="Ksfraser.HTML.Tests.AriaAttributeTraitTest" file="C:\Users\prote\Documents\software-devel\html\tests\AriaAttributeTraitTest.php" line="690" assertions="5" time="0.002067"/>
        <testcase name="testLiveRegionPattern" class="Ksfraser\HTML\Tests\AriaAttributeTraitTest" classname="Ksfraser.HTML.Tests.AriaAttributeTraitTest" file="C:\Users\prote\Documents\software-devel\html\tests\AriaAttributeTraitTest.php" line="719" assertions="3" time="0.001887"/>
        <testcase name="testModalDialogPattern" class="Ksfraser\HTML\Tests\AriaAttributeTraitTest" classname="Ksfraser.HTML.Tests.AriaAttributeTraitTest" file="C:\Users\prote\Documents\software-devel\html\tests\AriaAttributeTraitTest.php" line="743" assertions="3" time="0.003148"/>
        <testcase name="testUpdateAriaAttribute" class="Ksfraser\HTML\Tests\AriaAttributeTraitTest" classname="Ksfraser.HTML.Tests.AriaAttributeTraitTest" file="C:\Users\prote\Documents\software-devel\html\tests\AriaAttributeTraitTest.php" line="771" assertions="2" time="0.001324"/>
        <testcase name="testGetNonExistentAriaAttribute" class="Ksfraser\HTML\Tests\AriaAttributeTraitTest" classname="Ksfraser.HTML.Tests.AriaAttributeTraitTest" file="C:\Users\prote\Documents\software-devel\html\tests\AriaAttributeTraitTest.php" line="785" assertions="1" time="0.248709"/>
        <testcase name="testAriaAttributeWithEmptyValue" class="Ksfraser\HTML\Tests\AriaAttributeTraitTest" classname="Ksfraser.HTML.Tests.AriaAttributeTraitTest" file="C:\Users\prote\Documents\software-devel\html\tests\AriaAttributeTraitTest.php" line="796" assertions="1" time="0.142328"/>
        <testcase name="testAriaAttributeWithUnicodeValue" class="Ksfraser\HTML\Tests\AriaAttributeTraitTest" classname="Ksfraser.HTML.Tests.AriaAttributeTraitTest" file="C:\Users\prote\Documents\software-devel\html\tests\AriaAttributeTraitTest.php" line="809" assertions="1" time="0.000782"/>
      </testsuite>
      <testsuite name="ButtonsTest" file="C:\Users\prote\Documents\software-devel\html\tests\ButtonsTest.php" tests="6" assertions="9" errors="0" warnings="0" failures="0" skipped="0" time="0.262564">
        <testcase name="testCloseButtonDefaultLabel" class="ButtonsTest" classname="ButtonsTest" file="C:\Users\prote\Documents\software-devel\html\tests\ButtonsTest.php" line="10" assertions="2" time="0.254490"/>
        <testcase name="testCloseButtonCustomLabel" class="ButtonsTest" classname="ButtonsTest" file="C:\Users\prote\Documents\software-devel\html\tests\ButtonsTest.php" line="19" assertions="1" time="0.001411"/>
        <testcase name="testCloseButtonSetOnclickFunction" class="ButtonsTest" classname="ButtonsTest" file="C:\Users\prote\Documents\software-devel\html\tests\ButtonsTest.php" line="27" assertions="1" time="0.001781"/>
        <testcase name="testSubmitButtonDefaultLabel" class="ButtonsTest" classname="ButtonsTest" file="C:\Users\prote\Documents\software-devel\html\tests\ButtonsTest.php" line="36" assertions="3" time="0.002184"/>
        <testcase name="testSubmitButtonCustomLabel" class="ButtonsTest" classname="ButtonsTest" file="C:\Users\prote\Documents\software-devel\html\tests\ButtonsTest.php" line="46" assertions="1" time="0.001301"/>
        <testcase name="testSubmitButtonSetOnclickFunction" class="ButtonsTest" classname="ButtonsTest" file="C:\Users\prote\Documents\software-devel\html\tests\ButtonsTest.php" line="54" assertions="1" time="0.001398"/>
      </testsuite>
      <testsuite name="Ksfraser\HTML\Tests\CSSManagementTraitTest" file="C:\Users\prote\Documents\software-devel\html\tests\CSSManagementTraitTest.php" tests="48" assertions="79" errors="0" warnings="0" failures="0" skipped="0" time="1.762090">
        <testcase name="testAddSingleCSSClassReturnsElement" class="Ksfraser\HTML\Tests\CSSManagementTraitTest" classname="Ksfraser.HTML.Tests.CSSManagementTraitTest" file="C:\Users\prote\Documents\software-devel\html\tests\CSSManagementTraitTest.php" line="35" assertions="1" time="0.001561"/>
        <testcase name="testAddSingleCSSClassRendersCorrectly" class="Ksfraser\HTML\Tests\CSSManagementTraitTest" classname="Ksfraser.HTML.Tests.CSSManagementTraitTest" file="C:\Users\prote\Documents\software-devel\html\tests\CSSManagementTraitTest.php" line="46" assertions="1" time="0.000922"/>
        <testcase name="testAddMultipleCSSClassesIndividually" class="Ksfraser\HTML\Tests\CSSManagementTraitTest" classname="Ksfraser.HTML.Tests.CSSManagementTraitTest" file="C:\Users\prote\Documents\software-devel\html\tests\CSSManagementTraitTest.php" line="57" assertions="3" time="0.001002"/>
        <testcase name="testAddCSSClassesBatchOperation" class="Ksfraser\HTML\Tests\CSSManagementTraitTest" classname="Ksfraser.HTML.Tests.CSSManagementTraitTest" file="C:\Users\prote\Documents\software-devel\html\tests\CSSManagementTraitTest.php" line="74" assertions="3" time="0.001337"/>
        <testcase name="testAddCSSClassesBatchReturnsElement" class="Ksfraser\HTML\Tests\CSSManagementTraitTest" classname="Ksfraser.HTML.Tests.CSSManagementTraitTest" file="C:\Users\prote\Documents\software-devel\html\tests\CSSManagementTraitTest.php" line="90" assertions="1" time="0.001081"/>
        <testcase name="testConditionalCSSClassWithTrueCondition" class="Ksfraser\HTML\Tests\CSSManagementTraitTest" classname="Ksfraser.HTML.Tests.CSSManagementTraitTest" file="C:\Users\prote\Documents\software-devel\html\tests\CSSManagementTraitTest.php" line="101" assertions="1" time="0.000871"/>
        <testcase name="testConditionalCSSClassWithFalseCondition" class="Ksfraser\HTML\Tests\CSSManagementTraitTest" classname="Ksfraser.HTML.Tests.CSSManagementTraitTest" file="C:\Users\prote\Documents\software-devel\html\tests\CSSManagementTraitTest.php" line="112" assertions="1" time="0.603042"/>
        <testcase name="testConditionalCSSClassWithExpressionTrue" class="Ksfraser\HTML\Tests\CSSManagementTraitTest" classname="Ksfraser.HTML.Tests.CSSManagementTraitTest" file="C:\Users\prote\Documents\software-devel\html\tests\CSSManagementTraitTest.php" line="123" assertions="1" time="0.000817"/>
        <testcase name="testConditionalCSSClassWithExpressionFalse" class="Ksfraser\HTML\Tests\CSSManagementTraitTest" classname="Ksfraser.HTML.Tests.CSSManagementTraitTest" file="C:\Users\prote\Documents\software-devel\html\tests\CSSManagementTraitTest.php" line="135" assertions="1" time="0.000675"/>
        <testcase name="testRemoveCSSClassRemovesPresent" class="Ksfraser\HTML\Tests\CSSManagementTraitTest" classname="Ksfraser.HTML.Tests.CSSManagementTraitTest" file="C:\Users\prote\Documents\software-devel\html\tests\CSSManagementTraitTest.php" line="147" assertions="2" time="0.001058"/>
        <testcase name="testRemoveCSSClassReturnsElement" class="Ksfraser\HTML\Tests\CSSManagementTraitTest" classname="Ksfraser.HTML.Tests.CSSManagementTraitTest" file="C:\Users\prote\Documents\software-devel\html\tests\CSSManagementTraitTest.php" line="162" assertions="1" time="0.000994"/>
        <testcase name="testRemoveNonExistentCSSClassDoesNotError" class="Ksfraser\HTML\Tests\CSSManagementTraitTest" classname="Ksfraser.HTML.Tests.CSSManagementTraitTest" file="C:\Users\prote\Documents\software-devel\html\tests\CSSManagementTraitTest.php" line="174" assertions="1" time="0.000768"/>
        <testcase name="testToggleCSSClassOnAdds" class="Ksfraser\HTML\Tests\CSSManagementTraitTest" classname="Ksfraser.HTML.Tests.CSSManagementTraitTest" file="C:\Users\prote\Documents\software-devel\html\tests\CSSManagementTraitTest.php" line="186" assertions="1" time="0.000874"/>
        <testcase name="testToggleCSSClassOnRemoves" class="Ksfraser\HTML\Tests\CSSManagementTraitTest" classname="Ksfraser.HTML.Tests.CSSManagementTraitTest" file="C:\Users\prote\Documents\software-devel\html\tests\CSSManagementTraitTest.php" line="197" assertions="1" time="0.001306"/>
        <testcase name="testToggleCSSClassWithForceTrue" class="Ksfraser\HTML\Tests\CSSManagementTraitTest" classname="Ksfraser.HTML.Tests.CSSManagementTraitTest" file="C:\Users\prote\Documents\software-devel\html\tests\CSSManagementTraitTest.php" line="209" assertions="1" time="0.001168"/>
        <testcase name="testToggleCSSClassWithForceFalse" class="Ksfraser\HTML\Tests\CSSManagementTraitTest" classname="Ksfraser.HTML.Tests.CSSManagementTraitTest" file="C:\Users\prote\Documents\software-devel\html\tests\CSSManagementTraitTest.php" line="220" assertions="1" time="0.000865"/>
        <testcase name="testToggleCSSClassReturnsElement" class="Ksfraser\HTML\Tests\CSSManagementTraitTest" classname="Ksfraser.HTML.Tests.CSSManagementTraitTest" file="C:\Users\prote\Documents\software-devel\html\tests\CSSManagementTraitTest.php" line="232" assertions="1" time="0.000609"/>
        <testcase name="testHasCSSClassReturnsTrueWhenPresent" class="Ksfraser\HTML\Tests\CSSManagementTraitTest" classname="Ksfraser.HTML.Tests.CSSManagementTraitTest" file="C:\Users\prote\Documents\software-devel\html\tests\CSSManagementTraitTest.php" line="243" assertions="1" time="0.000783"/>
        <testcase name="testHasCSSClassReturnsFalseWhenAbsent" class="Ksfraser\HTML\Tests\CSSManagementTraitTest" classname="Ksfraser.HTML.Tests.CSSManagementTraitTest" file="C:\Users\prote\Documents\software-devel\html\tests\CSSManagementTraitTest.php" line="254" assertions="1" time="0.000775"/>
        <testcase name="testGetCSSClassesReturnsArray" class="Ksfraser\HTML\Tests\CSSManagementTraitTest" classname="Ksfraser.HTML.Tests.CSSManagementTraitTest" file="C:\Users\prote\Documents\software-devel\html\tests\CSSManagementTraitTest.php" line="265" assertions="5" time="0.499197"/>
        <testcase name="testGetCSSClassesEmpty" class="Ksfraser\HTML\Tests\CSSManagementTraitTest" classname="Ksfraser.HTML.Tests.CSSManagementTraitTest" file="C:\Users\prote\Documents\software-devel\html\tests\CSSManagementTraitTest.php" line="282" assertions="2" time="0.001788"/>
        <testcase name="testAddDuplicateCSSClassDeduplicated" class="Ksfraser\HTML\Tests\CSSManagementTraitTest" classname="Ksfraser.HTML.Tests.CSSManagementTraitTest" file="C:\Users\prote\Documents\software-devel\html\tests\CSSManagementTraitTest.php" line="297" assertions="1" time="0.002196"/>
        <testcase name="testBatchAddWithDuplicatesDeduplicated" class="Ksfraser\HTML\Tests\CSSManagementTraitTest" classname="Ksfraser.HTML.Tests.CSSManagementTraitTest" file="C:\Users\prote\Documents\software-devel\html\tests\CSSManagementTraitTest.php" line="314" assertions="3" time="0.001728"/>
        <testcase name="testExistingAndNewClassDeduplicated" class="Ksfraser\HTML\Tests\CSSManagementTraitTest" classname="Ksfraser.HTML.Tests.CSSManagementTraitTest" file="C:\Users\prote\Documents\software-devel\html\tests\CSSManagementTraitTest.php" line="330" assertions="1" time="0.001633"/>
        <testcase name="testAddEmptyStringIgnored" class="Ksfraser\HTML\Tests\CSSManagementTraitTest" classname="Ksfraser.HTML.Tests.CSSManagementTraitTest" file="C:\Users\prote\Documents\software-devel\html\tests\CSSManagementTraitTest.php" line="347" assertions="1" time="0.000907"/>
        <testcase name="testAddWhitespaceOnlyIgnored" class="Ksfraser\HTML\Tests\CSSManagementTraitTest" classname="Ksfraser.HTML.Tests.CSSManagementTraitTest" file="C:\Users\prote\Documents\software-devel\html\tests\CSSManagementTraitTest.php" line="360" assertions="1" time="0.000951"/>
        <testcase name="testAddCSSClassWithLeadingTrailingWhitespace" class="Ksfraser\HTML\Tests\CSSManagementTraitTest" classname="Ksfraser.HTML.Tests.CSSManagementTraitTest" file="C:\Users\prote\Documents\software-devel\html\tests\CSSManagementTraitTest.php" line="373" assertions="2" time="0.001097"/>
        <testcase name="testAddValidCSSClassWithHyphens" class="Ksfraser\HTML\Tests\CSSManagementTraitTest" classname="Ksfraser.HTML.Tests.CSSManagementTraitTest" file="C:\Users\prote\Documents\software-devel\html\tests\CSSManagementTraitTest.php" line="388" assertions="1" time="0.001460"/>
        <testcase name="testAddValidCSSClassWithNumbers" class="Ksfraser\HTML\Tests\CSSManagementTraitTest" classname="Ksfraser.HTML.Tests.CSSManagementTraitTest" file="C:\Users\prote\Documents\software-devel\html\tests\CSSManagementTraitTest.php" line="400" assertions="1" time="0.001135"/>
        <testcase name="testAddValidCSSClassWithUnderscores" class="Ksfraser\HTML\Tests\CSSManagementTraitTest" classname="Ksfraser.HTML.Tests.CSSManagementTraitTest" file="C:\Users\prote\Documents\software-devel\html\tests\CSSManagementTraitTest.php" line="412" assertions="1" time="0.001094"/>
        <testcase name="testBatchAddWithEmptyStrings" class="Ksfraser\HTML\Tests\CSSManagementTraitTest" classname="Ksfraser.HTML.Tests.CSSManagementTraitTest" file="C:\Users\prote\Documents\software-devel\html\tests\CSSManagementTraitTest.php" line="424" assertions="3" time="0.001470"/>
        <testcase name="testLongCSSClassNameAccepted" class="Ksfraser\HTML\Tests\CSSManagementTraitTest" classname="Ksfraser.HTML.Tests.CSSManagementTraitTest" file="C:\Users\prote\Documents\software-devel\html\tests\CSSManagementTraitTest.php" line="440" assertions="1" time="0.000991"/>
        <testcase name="testManyClassesPerformance" class="Ksfraser\HTML\Tests\CSSManagementTraitTest" classname="Ksfraser.HTML.Tests.CSSManagementTraitTest" file="C:\Users\prote\Documents\software-devel\html\tests\CSSManagementTraitTest.php" line="453" assertions="1" time="0.311989"/>
        <testcase name="testAddInvalidCSSClassWithSpaceThrowsException" class="Ksfraser\HTML\Tests\CSSManagementTraitTest" classname="Ksfraser.HTML.Tests.CSSManagementTraitTest" file="C:\Users\prote\Documents\software-devel\html\tests\CSSManagementTraitTest.php" line="476" assertions="1" time="0.288209"/>
        <testcase name="testAddInvalidCSSClassWithCommaThrowsException" class="Ksfraser\HTML\Tests\CSSManagementTraitTest" classname="Ksfraser.HTML.Tests.CSSManagementTraitTest" file="C:\Users\prote\Documents\software-devel\html\tests\CSSManagementTraitTest.php" line="490" assertions="1" time="0.002142"/>
        <testcase name="testAddInvalidCSSClassWithSpecialCharacterThrowsException" class="Ksfraser\HTML\Tests\CSSManagementTraitTest" classname="Ksfraser.HTML.Tests.CSSManagementTraitTest" file="C:\Users\prote\Documents\software-devel\html\tests\CSSManagementTraitTest.php" line="502" assertions="1" time="0.001408"/>
        <testcase name="testAddInvalidCSSClassWithSemicolonThrowsException" class="Ksfraser\HTML\Tests\CSSManagementTraitTest" classname="Ksfraser.HTML.Tests.CSSManagementTraitTest" file="C:\Users\prote\Documents\software-devel\html\tests\CSSManagementTraitTest.php" line="514" assertions="1" time="0.001414"/>
        <testcase name="testBatchAddWithInvalidClassesThrowsException" class="Ksfraser\HTML\Tests\CSSManagementTraitTest" classname="Ksfraser.HTML.Tests.CSSManagementTraitTest" file="C:\Users\prote\Documents\software-devel\html\tests\CSSManagementTraitTest.php" line="526" assertions="1" time="0.001659"/>
        <testcase name="testCSSPreservedWithOtherAttributes" class="Ksfraser\HTML\Tests\CSSManagementTraitTest" classname="Ksfraser.HTML.Tests.CSSManagementTraitTest" file="C:\Users\prote\Documents\software-devel\html\tests\CSSManagementTraitTest.php" line="540" assertions="3" time="0.003749"/>
        <testcase name="testMultipleCSSOperationsChained" class="Ksfraser\HTML\Tests\CSSManagementTraitTest" classname="Ksfraser.HTML.Tests.CSSManagementTraitTest" file="C:\Users\prote\Documents\software-devel\html\tests\CSSManagementTraitTest.php" line="560" assertions="6" time="0.004051"/>
        <testcase name="testCSSWithNestedElements" class="Ksfraser\HTML\Tests\CSSManagementTraitTest" classname="Ksfraser.HTML.Tests.CSSManagementTraitTest" file="C:\Users\prote\Documents\software-devel\html\tests\CSSManagementTraitTest.php" line="585" assertions="2" time="0.001371"/>
        <testcase name="testCSSWithBootstrapPattern" class="Ksfraser\HTML\Tests\CSSManagementTraitTest" classname="Ksfraser.HTML.Tests.CSSManagementTraitTest" file="C:\Users\prote\Documents\software-devel\html\tests\CSSManagementTraitTest.php" line="605" assertions="3" time="0.001611"/>
        <testcase name="testCSSWithTailwindPattern" class="Ksfraser\HTML\Tests\CSSManagementTraitTest" classname="Ksfraser.HTML.Tests.CSSManagementTraitTest" file="C:\Users\prote\Documents\software-devel\html\tests\CSSManagementTraitTest.php" line="624" assertions="3" time="0.002745"/>
        <testcase name="testConditionalCSSInComplexScenario" class="Ksfraser\HTML\Tests\CSSManagementTraitTest" classname="Ksfraser.HTML.Tests.CSSManagementTraitTest" file="C:\Users\prote\Documents\software-devel\html\tests\CSSManagementTraitTest.php" line="645" assertions="4" time="0.001620"/>
        <testcase name="testExistingSetAttributeStillWorks" class="Ksfraser\HTML\Tests\CSSManagementTraitTest" classname="Ksfraser.HTML.Tests.CSSManagementTraitTest" file="C:\Users\prote\Documents\software-devel\html\tests\CSSManagementTraitTest.php" line="672" assertions="1" time="0.000887"/>
        <testcase name="testExistingAddAttributeStillWorks" class="Ksfraser\HTML\Tests\CSSManagementTraitTest" classname="Ksfraser.HTML.Tests.CSSManagementTraitTest" file="C:\Users\prote\Documents\software-devel\html\tests\CSSManagementTraitTest.php" line="684" assertions="1" time="0.000887"/>
        <testcase name="testExistingAddCSSClassStillWorks" class="Ksfraser\HTML\Tests\CSSManagementTraitTest" classname="Ksfraser.HTML.Tests.CSSManagementTraitTest" file="C:\Users\prote\Documents\software-devel\html\tests\CSSManagementTraitTest.php" line="696" assertions="1" time="0.000962"/>
        <testcase name="testBackwardCompatibilityWithSetAttributeClass" class="Ksfraser\HTML\Tests\CSSManagementTraitTest" classname="Ksfraser.HTML.Tests.CSSManagementTraitTest" file="C:\Users\prote\Documents\software-devel\html\tests\CSSManagementTraitTest.php" line="708" assertions="2" time="0.001234"/>
      </testsuite>
      <testsuite name="CancelButtonTest" file="C:\Users\prote\Documents\software-devel\html\tests\CancelButtonTest.php" tests="2" assertions="2" errors="0" warnings="0" failures="0" skipped="0" time="0.080572">
        <testcase name="testDefaultLabel" class="CancelButtonTest" classname="CancelButtonTest" file="C:\Users\prote\Documents\software-devel\html\tests\CancelButtonTest.php" line="7" assertions="1" time="0.079286"/>
        <testcase name="testSetGoBack" class="CancelButtonTest" classname="CancelButtonTest" file="C:\Users\prote\Documents\software-devel\html\tests\CancelButtonTest.php" line="11" assertions="1" time="0.001286"/>
      </testsuite>
      <testsuite name="CloseButtonTest" file="C:\Users\prote\Documents\software-devel\html\tests\CloseButtonTest.php" tests="2" assertions="2" errors="0" warnings="0" failures="0" skipped="0" time="0.082549">
        <testcase name="testDefaultLabel" class="CloseButtonTest" classname="CloseButtonTest" file="C:\Users\prote\Documents\software-devel\html\tests\CloseButtonTest.php" line="7" assertions="1" time="0.081485"/>
        <testcase name="testAddClass" class="CloseButtonTest" classname="CloseButtonTest" file="C:\Users\prote\Documents\software-devel\html\tests\CloseButtonTest.php" line="11" assertions="1" time="0.001064"/>
      </testsuite>
      <testsuite name="Tests\ComponentFactoryTraitTest" file="C:\Users\prote\Documents\software-devel\html\tests\ComponentFactoryTraitTest.php" tests="62" assertions="108" errors="0" warnings="0" failures="0" skipped="0" time="0.072012">
        <testcase name="button_primary_creates_button_with_correct_classes" class="Tests\ComponentFactoryTraitTest" classname="Tests.ComponentFactoryTraitTest" file="C:\Users\prote\Documents\software-devel\html\tests\ComponentFactoryTraitTest.php" line="28" assertions="3" time="0.001070"/>
        <testcase name="button_primary_defaults_to_button_type" class="Tests\ComponentFactoryTraitTest" classname="Tests.ComponentFactoryTraitTest" file="C:\Users\prote\Documents\software-devel\html\tests\ComponentFactoryTraitTest.php" line="42" assertions="1" time="0.000840"/>
        <testcase name="button_success_creates_button_with_success_class" class="Tests\ComponentFactoryTraitTest" classname="Tests.ComponentFactoryTraitTest" file="C:\Users\prote\Documents\software-devel\html\tests\ComponentFactoryTraitTest.php" line="54" assertions="2" time="0.000994"/>
        <testcase name="button_danger_creates_button_with_danger_class" class="Tests\ComponentFactoryTraitTest" classname="Tests.ComponentFactoryTraitTest" file="C:\Users\prote\Documents\software-devel\html\tests\ComponentFactoryTraitTest.php" line="67" assertions="2" time="0.001069"/>
        <testcase name="button_warning_creates_button_with_warning_class" class="Tests\ComponentFactoryTraitTest" classname="Tests.ComponentFactoryTraitTest" file="C:\Users\prote\Documents\software-devel\html\tests\ComponentFactoryTraitTest.php" line="80" assertions="2" time="0.001160"/>
        <testcase name="button_info_creates_button_with_info_class" class="Tests\ComponentFactoryTraitTest" classname="Tests.ComponentFactoryTraitTest" file="C:\Users\prote\Documents\software-devel\html\tests\ComponentFactoryTraitTest.php" line="93" assertions="2" time="0.001072"/>
        <testcase name="button_secondary_creates_button_with_secondary_class" class="Tests\ComponentFactoryTraitTest" classname="Tests.ComponentFactoryTraitTest" file="C:\Users\prote\Documents\software-devel\html\tests\ComponentFactoryTraitTest.php" line="106" assertions="2" time="0.001175"/>
        <testcase name="button_large_adds_size_class" class="Tests\ComponentFactoryTraitTest" classname="Tests.ComponentFactoryTraitTest" file="C:\Users\prote\Documents\software-devel\html\tests\ComponentFactoryTraitTest.php" line="119" assertions="1" time="0.001069"/>
        <testcase name="button_small_adds_size_class" class="Tests\ComponentFactoryTraitTest" classname="Tests.ComponentFactoryTraitTest" file="C:\Users\prote\Documents\software-devel\html\tests\ComponentFactoryTraitTest.php" line="132" assertions="1" time="0.001021"/>
        <testcase name="button_submit_type_sets_correct_type_attribute" class="Tests\ComponentFactoryTraitTest" classname="Tests.ComponentFactoryTraitTest" file="C:\Users\prote\Documents\software-devel\html\tests\ComponentFactoryTraitTest.php" line="145" assertions="1" time="0.000919"/>
        <testcase name="card_creates_card_container_with_correct_classes" class="Tests\ComponentFactoryTraitTest" classname="Tests.ComponentFactoryTraitTest" file="C:\Users\prote\Documents\software-devel\html\tests\ComponentFactoryTraitTest.php" line="161" assertions="2" time="0.000711"/>
        <testcase name="card_header_creates_header_element" class="Tests\ComponentFactoryTraitTest" classname="Tests.ComponentFactoryTraitTest" file="C:\Users\prote\Documents\software-devel\html\tests\ComponentFactoryTraitTest.php" line="174" assertions="2" time="0.000823"/>
        <testcase name="card_body_creates_body_element" class="Tests\ComponentFactoryTraitTest" classname="Tests.ComponentFactoryTraitTest" file="C:\Users\prote\Documents\software-devel\html\tests\ComponentFactoryTraitTest.php" line="187" assertions="2" time="0.000834"/>
        <testcase name="card_footer_creates_footer_element" class="Tests\ComponentFactoryTraitTest" classname="Tests.ComponentFactoryTraitTest" file="C:\Users\prote\Documents\software-devel\html\tests\ComponentFactoryTraitTest.php" line="200" assertions="2" time="0.000763"/>
        <testcase name="card_with_image_adds_image_class" class="Tests\ComponentFactoryTraitTest" classname="Tests.ComponentFactoryTraitTest" file="C:\Users\prote\Documents\software-devel\html\tests\ComponentFactoryTraitTest.php" line="213" assertions="3" time="0.000997"/>
        <testcase name="card_text_creates_text_element" class="Tests\ComponentFactoryTraitTest" classname="Tests.ComponentFactoryTraitTest" file="C:\Users\prote\Documents\software-devel\html\tests\ComponentFactoryTraitTest.php" line="227" assertions="2" time="0.000755"/>
        <testcase name="card_title_creates_title_element" class="Tests\ComponentFactoryTraitTest" classname="Tests.ComponentFactoryTraitTest" file="C:\Users\prote\Documents\software-devel\html\tests\ComponentFactoryTraitTest.php" line="240" assertions="1" time="0.000706"/>
        <testcase name="card_subtitle_creates_subtitle_element" class="Tests\ComponentFactoryTraitTest" classname="Tests.ComponentFactoryTraitTest" file="C:\Users\prote\Documents\software-devel\html\tests\ComponentFactoryTraitTest.php" line="252" assertions="1" time="0.000913"/>
        <testcase name="alert_primary_creates_alert_with_correct_classes" class="Tests\ComponentFactoryTraitTest" classname="Tests.ComponentFactoryTraitTest" file="C:\Users\prote\Documents\software-devel\html\tests\ComponentFactoryTraitTest.php" line="268" assertions="3" time="0.001118"/>
        <testcase name="alert_success_creates_alert_with_success_class" class="Tests\ComponentFactoryTraitTest" classname="Tests.ComponentFactoryTraitTest" file="C:\Users\prote\Documents\software-devel\html\tests\ComponentFactoryTraitTest.php" line="282" assertions="2" time="0.001213"/>
        <testcase name="alert_warning_creates_alert_with_warning_class" class="Tests\ComponentFactoryTraitTest" classname="Tests.ComponentFactoryTraitTest" file="C:\Users\prote\Documents\software-devel\html\tests\ComponentFactoryTraitTest.php" line="295" assertions="2" time="0.001041"/>
        <testcase name="alert_danger_creates_alert_with_danger_class" class="Tests\ComponentFactoryTraitTest" classname="Tests.ComponentFactoryTraitTest" file="C:\Users\prote\Documents\software-devel\html\tests\ComponentFactoryTraitTest.php" line="308" assertions="2" time="0.001293"/>
        <testcase name="alert_info_creates_alert_with_info_class" class="Tests\ComponentFactoryTraitTest" classname="Tests.ComponentFactoryTraitTest" file="C:\Users\prote\Documents\software-devel\html\tests\ComponentFactoryTraitTest.php" line="321" assertions="2" time="0.001130"/>
        <testcase name="alert_dismissible_adds_dismissible_class" class="Tests\ComponentFactoryTraitTest" classname="Tests.ComponentFactoryTraitTest" file="C:\Users\prote\Documents\software-devel\html\tests\ComponentFactoryTraitTest.php" line="334" assertions="1" time="0.001337"/>
        <testcase name="alert_sets_role_attribute" class="Tests\ComponentFactoryTraitTest" classname="Tests.ComponentFactoryTraitTest" file="C:\Users\prote\Documents\software-devel\html\tests\ComponentFactoryTraitTest.php" line="346" assertions="1" time="0.001009"/>
        <testcase name="badge_primary_creates_badge_with_correct_classes" class="Tests\ComponentFactoryTraitTest" classname="Tests.ComponentFactoryTraitTest" file="C:\Users\prote\Documents\software-devel\html\tests\ComponentFactoryTraitTest.php" line="362" assertions="3" time="0.000965"/>
        <testcase name="badge_success_creates_badge_with_success_class" class="Tests\ComponentFactoryTraitTest" classname="Tests.ComponentFactoryTraitTest" file="C:\Users\prote\Documents\software-devel\html\tests\ComponentFactoryTraitTest.php" line="376" assertions="2" time="0.000938"/>
        <testcase name="badge_danger_creates_badge_with_danger_class" class="Tests\ComponentFactoryTraitTest" classname="Tests.ComponentFactoryTraitTest" file="C:\Users\prote\Documents\software-devel\html\tests\ComponentFactoryTraitTest.php" line="389" assertions="2" time="0.002392"/>
        <testcase name="badge_warning_creates_badge_with_warning_class" class="Tests\ComponentFactoryTraitTest" classname="Tests.ComponentFactoryTraitTest" file="C:\Users\prote\Documents\software-devel\html\tests\ComponentFactoryTraitTest.php" line="402" assertions="2" time="0.001050"/>
        <testcase name="badge_info_creates_badge_with_info_class" class="Tests\ComponentFactoryTraitTest" classname="Tests.ComponentFactoryTraitTest" file="C:\Users\prote\Documents\software-devel\html\tests\ComponentFactoryTraitTest.php" line="415" assertions="2" time="0.000960"/>
        <testcase name="badge_secondary_creates_badge_with_secondary_class" class="Tests\ComponentFactoryTraitTest" classname="Tests.ComponentFactoryTraitTest" file="C:\Users\prote\Documents\software-devel\html\tests\ComponentFactoryTraitTest.php" line="428" assertions="2" time="0.001436"/>
        <testcase name="badge_pill_adds_pill_class" class="Tests\ComponentFactoryTraitTest" classname="Tests.ComponentFactoryTraitTest" file="C:\Users\prote\Documents\software-devel\html\tests\ComponentFactoryTraitTest.php" line="441" assertions="1" time="0.001113"/>
        <testcase name="modal_creates_modal_container_with_correct_classes" class="Tests\ComponentFactoryTraitTest" classname="Tests.ComponentFactoryTraitTest" file="C:\Users\prote\Documents\software-devel\html\tests\ComponentFactoryTraitTest.php" line="457" assertions="3" time="0.001104"/>
        <testcase name="modal_sets_role_attribute" class="Tests\ComponentFactoryTraitTest" classname="Tests.ComponentFactoryTraitTest" file="C:\Users\prote\Documents\software-devel\html\tests\ComponentFactoryTraitTest.php" line="471" assertions="1" time="0.001083"/>
        <testcase name="modal_dialog_creates_dialog_wrapper" class="Tests\ComponentFactoryTraitTest" classname="Tests.ComponentFactoryTraitTest" file="C:\Users\prote\Documents\software-devel\html\tests\ComponentFactoryTraitTest.php" line="483" assertions="2" time="0.002143"/>
        <testcase name="modal_content_creates_content_wrapper" class="Tests\ComponentFactoryTraitTest" classname="Tests.ComponentFactoryTraitTest" file="C:\Users\prote\Documents\software-devel\html\tests\ComponentFactoryTraitTest.php" line="496" assertions="2" time="0.000870"/>
        <testcase name="modal_header_creates_header_element" class="Tests\ComponentFactoryTraitTest" classname="Tests.ComponentFactoryTraitTest" file="C:\Users\prote\Documents\software-devel\html\tests\ComponentFactoryTraitTest.php" line="509" assertions="2" time="0.000954"/>
        <testcase name="modal_body_creates_body_element" class="Tests\ComponentFactoryTraitTest" classname="Tests.ComponentFactoryTraitTest" file="C:\Users\prote\Documents\software-devel\html\tests\ComponentFactoryTraitTest.php" line="522" assertions="2" time="0.000865"/>
        <testcase name="modal_footer_creates_footer_element" class="Tests\ComponentFactoryTraitTest" classname="Tests.ComponentFactoryTraitTest" file="C:\Users\prote\Documents\software-devel\html\tests\ComponentFactoryTraitTest.php" line="535" assertions="2" time="0.000860"/>
        <testcase name="modal_xlarge_adds_xlarge_class" class="Tests\ComponentFactoryTraitTest" classname="Tests.ComponentFactoryTraitTest" file="C:\Users\prote\Documents\software-devel\html\tests\ComponentFactoryTraitTest.php" line="548" assertions="1" time="0.000942"/>
        <testcase name="modal_large_adds_large_class" class="Tests\ComponentFactoryTraitTest" classname="Tests.ComponentFactoryTraitTest" file="C:\Users\prote\Documents\software-devel\html\tests\ComponentFactoryTraitTest.php" line="560" assertions="1" time="0.001081"/>
        <testcase name="modal_small_adds_small_class" class="Tests\ComponentFactoryTraitTest" classname="Tests.ComponentFactoryTraitTest" file="C:\Users\prote\Documents\software-devel\html\tests\ComponentFactoryTraitTest.php" line="572" assertions="1" time="0.001775"/>
        <testcase name="navbar_creates_navbar_with_correct_classes" class="Tests\ComponentFactoryTraitTest" classname="Tests.ComponentFactoryTraitTest" file="C:\Users\prote\Documents\software-devel\html\tests\ComponentFactoryTraitTest.php" line="588" assertions="2" time="0.000913"/>
        <testcase name="navbar_dark_adds_dark_class" class="Tests\ComponentFactoryTraitTest" classname="Tests.ComponentFactoryTraitTest" file="C:\Users\prote\Documents\software-devel\html\tests\ComponentFactoryTraitTest.php" line="601" assertions="1" time="0.001353"/>
        <testcase name="navbar_light_adds_light_class" class="Tests\ComponentFactoryTraitTest" classname="Tests.ComponentFactoryTraitTest" file="C:\Users\prote\Documents\software-devel\html\tests\ComponentFactoryTraitTest.php" line="613" assertions="1" time="0.001085"/>
        <testcase name="navbar_bg_primary_adds_background_class" class="Tests\ComponentFactoryTraitTest" classname="Tests.ComponentFactoryTraitTest" file="C:\Users\prote\Documents\software-devel\html\tests\ComponentFactoryTraitTest.php" line="625" assertions="1" time="0.001645"/>
        <testcase name="navbar_brand_creates_brand_element" class="Tests\ComponentFactoryTraitTest" classname="Tests.ComponentFactoryTraitTest" file="C:\Users\prote\Documents\software-devel\html\tests\ComponentFactoryTraitTest.php" line="637" assertions="2" time="0.002679"/>
        <testcase name="navbar_nav_creates_nav_list" class="Tests\ComponentFactoryTraitTest" classname="Tests.ComponentFactoryTraitTest" file="C:\Users\prote\Documents\software-devel\html\tests\ComponentFactoryTraitTest.php" line="650" assertions="2" time="0.000992"/>
        <testcase name="navbar_item_creates_list_item" class="Tests\ComponentFactoryTraitTest" classname="Tests.ComponentFactoryTraitTest" file="C:\Users\prote\Documents\software-devel\html\tests\ComponentFactoryTraitTest.php" line="663" assertions="2" time="0.000900"/>
        <testcase name="navbar_link_creates_navigation_link" class="Tests\ComponentFactoryTraitTest" classname="Tests.ComponentFactoryTraitTest" file="C:\Users\prote\Documents\software-devel\html\tests\ComponentFactoryTraitTest.php" line="676" assertions="3" time="0.001061"/>
        <testcase name="navbar_link_active_adds_active_class" class="Tests\ComponentFactoryTraitTest" classname="Tests.ComponentFactoryTraitTest" file="C:\Users\prote\Documents\software-devel\html\tests\ComponentFactoryTraitTest.php" line="690" assertions="1" time="0.001082"/>
        <testcase name="navbar_toggler_creates_toggle_button" class="Tests\ComponentFactoryTraitTest" classname="Tests.ComponentFactoryTraitTest" file="C:\Users\prote\Documents\software-devel\html\tests\ComponentFactoryTraitTest.php" line="702" assertions="3" time="0.004464"/>
        <testcase name="pagination_creates_pagination_element" class="Tests\ComponentFactoryTraitTest" classname="Tests.ComponentFactoryTraitTest" file="C:\Users\prote\Documents\software-devel\html\tests\ComponentFactoryTraitTest.php" line="720" assertions="1" time="0.000688"/>
        <testcase name="pagination_list_creates_list_element" class="Tests\ComponentFactoryTraitTest" classname="Tests.ComponentFactoryTraitTest" file="C:\Users\prote\Documents\software-devel\html\tests\ComponentFactoryTraitTest.php" line="732" assertions="2" time="0.000837"/>
        <testcase name="pagination_item_creates_list_item" class="Tests\ComponentFactoryTraitTest" classname="Tests.ComponentFactoryTraitTest" file="C:\Users\prote\Documents\software-devel\html\tests\ComponentFactoryTraitTest.php" line="745" assertions="2" time="0.000805"/>
        <testcase name="pagination_item_active_adds_active_class" class="Tests\ComponentFactoryTraitTest" classname="Tests.ComponentFactoryTraitTest" file="C:\Users\prote\Documents\software-devel\html\tests\ComponentFactoryTraitTest.php" line="758" assertions="1" time="0.001293"/>
        <testcase name="pagination_item_disabled_adds_disabled_class" class="Tests\ComponentFactoryTraitTest" classname="Tests.ComponentFactoryTraitTest" file="C:\Users\prote\Documents\software-devel\html\tests\ComponentFactoryTraitTest.php" line="770" assertions="1" time="0.001047"/>
        <testcase name="pagination_link_creates_link_element" class="Tests\ComponentFactoryTraitTest" classname="Tests.ComponentFactoryTraitTest" file="C:\Users\prote\Documents\software-devel\html\tests\ComponentFactoryTraitTest.php" line="782" assertions="3" time="0.000938"/>
        <testcase name="pagination_link_previous_creates_previous_link" class="Tests\ComponentFactoryTraitTest" classname="Tests.ComponentFactoryTraitTest" file="C:\Users\prote\Documents\software-devel\html\tests\ComponentFactoryTraitTest.php" line="796" assertions="1" time="0.001836"/>
        <testcase name="pagination_link_next_creates_next_link" class="Tests\ComponentFactoryTraitTest" classname="Tests.ComponentFactoryTraitTest" file="C:\Users\prote\Documents\software-devel\html\tests\ComponentFactoryTraitTest.php" line="808" assertions="1" time="0.001062"/>
        <testcase name="pagination_large_adds_size_class" class="Tests\ComponentFactoryTraitTest" classname="Tests.ComponentFactoryTraitTest" file="C:\Users\prote\Documents\software-devel\html\tests\ComponentFactoryTraitTest.php" line="820" assertions="1" time="0.000903"/>
        <testcase name="pagination_small_adds_size_class" class="Tests\ComponentFactoryTraitTest" classname="Tests.ComponentFactoryTraitTest" file="C:\Users\prote\Documents\software-devel\html\tests\ComponentFactoryTraitTest.php" line="832" assertions="1" time="0.000867"/>
      </testsuite>
      <testsuite name="Ksfraser\HTML\Tests\DataAttributeTraitTest" file="C:\Users\prote\Documents\software-devel\html\tests\DataAttributeTraitTest.php" tests="51" assertions="84" errors="0" warnings="0" failures="0" skipped="0" time="0.171209">
        <testcase name="testSetSingleDataAttribute" class="Ksfraser\HTML\Tests\DataAttributeTraitTest" classname="Ksfraser.HTML.Tests.DataAttributeTraitTest" file="C:\Users\prote\Documents\software-devel\html\tests\DataAttributeTraitTest.php" line="40" assertions="2" time="0.000707"/>
        <testcase name="testSetMultipleDataAttributes" class="Ksfraser\HTML\Tests\DataAttributeTraitTest" classname="Ksfraser.HTML.Tests.DataAttributeTraitTest" file="C:\Users\prote\Documents\software-devel\html\tests\DataAttributeTraitTest.php" line="52" assertions="3" time="0.001108"/>
        <testcase name="testSetDataAttributeWithBatch" class="Ksfraser\HTML\Tests\DataAttributeTraitTest" classname="Ksfraser.HTML.Tests.DataAttributeTraitTest" file="C:\Users\prote\Documents\software-devel\html\tests\DataAttributeTraitTest.php" line="68" assertions="3" time="0.000759"/>
        <testcase name="testGetAllDataAttributes" class="Ksfraser\HTML\Tests\DataAttributeTraitTest" classname="Ksfraser.HTML.Tests.DataAttributeTraitTest" file="C:\Users\prote\Documents\software-devel\html\tests\DataAttributeTraitTest.php" line="87" assertions="4" time="0.000705"/>
        <testcase name="testDataAttributeInHtmlOutput" class="Ksfraser\HTML\Tests\DataAttributeTraitTest" classname="Ksfraser.HTML.Tests.DataAttributeTraitTest" file="C:\Users\prote\Documents\software-devel\html\tests\DataAttributeTraitTest.php" line="105" assertions="1" time="0.000669"/>
        <testcase name="testSetDataWithStringValue" class="Ksfraser\HTML\Tests\DataAttributeTraitTest" classname="Ksfraser.HTML.Tests.DataAttributeTraitTest" file="C:\Users\prote\Documents\software-devel\html\tests\DataAttributeTraitTest.php" line="120" assertions="1" time="0.001347"/>
        <testcase name="testSetDataWithIntegerValue" class="Ksfraser\HTML\Tests\DataAttributeTraitTest" classname="Ksfraser.HTML.Tests.DataAttributeTraitTest" file="C:\Users\prote\Documents\software-devel\html\tests\DataAttributeTraitTest.php" line="131" assertions="1" time="0.000746"/>
        <testcase name="testSetDataWithBooleanValue" class="Ksfraser\HTML\Tests\DataAttributeTraitTest" classname="Ksfraser.HTML.Tests.DataAttributeTraitTest" file="C:\Users\prote\Documents\software-devel\html\tests\DataAttributeTraitTest.php" line="143" assertions="2" time="0.000729"/>
        <testcase name="testSetDataWithArrayValue" class="Ksfraser\HTML\Tests\DataAttributeTraitTest" classname="Ksfraser.HTML.Tests.DataAttributeTraitTest" file="C:\Users\prote\Documents\software-devel\html\tests\DataAttributeTraitTest.php" line="158" assertions="1" time="0.000700"/>
        <testcase name="testSetDataWithJsonSerializableObject" class="Ksfraser\HTML\Tests\DataAttributeTraitTest" classname="Ksfraser.HTML.Tests.DataAttributeTraitTest" file="C:\Users\prote\Documents\software-devel\html\tests\DataAttributeTraitTest.php" line="172" assertions="1" time="0.000967"/>
        <testcase name="testSetDataWithFloatValue" class="Ksfraser\HTML\Tests\DataAttributeTraitTest" classname="Ksfraser.HTML.Tests.DataAttributeTraitTest" file="C:\Users\prote\Documents\software-devel\html\tests\DataAttributeTraitTest.php" line="188" assertions="1" time="0.000690"/>
        <testcase name="testSetDataWithEmptyString" class="Ksfraser\HTML\Tests\DataAttributeTraitTest" classname="Ksfraser.HTML.Tests.DataAttributeTraitTest" file="C:\Users\prote\Documents\software-devel\html\tests\DataAttributeTraitTest.php" line="200" assertions="1" time="0.001121"/>
        <testcase name="testSetDataWithNull" class="Ksfraser\HTML\Tests\DataAttributeTraitTest" classname="Ksfraser.HTML.Tests.DataAttributeTraitTest" file="C:\Users\prote\Documents\software-devel\html\tests\DataAttributeTraitTest.php" line="211" assertions="1" time="0.000692"/>
        <testcase name="testDataAttributeEscapesDoubleQuotes" class="Ksfraser\HTML\Tests\DataAttributeTraitTest" classname="Ksfraser.HTML.Tests.DataAttributeTraitTest" file="C:\Users\prote\Documents\software-devel\html\tests\DataAttributeTraitTest.php" line="226" assertions="2" time="0.000758"/>
        <testcase name="testDataAttributeEscapesLessThan" class="Ksfraser\HTML\Tests\DataAttributeTraitTest" classname="Ksfraser.HTML.Tests.DataAttributeTraitTest" file="C:\Users\prote\Documents\software-devel\html\tests\DataAttributeTraitTest.php" line="239" assertions="1" time="0.001251"/>
        <testcase name="testDataAttributeEscapesGreaterThan" class="Ksfraser\HTML\Tests\DataAttributeTraitTest" classname="Ksfraser.HTML.Tests.DataAttributeTraitTest" file="C:\Users\prote\Documents\software-devel\html\tests\DataAttributeTraitTest.php" line="251" assertions="1" time="0.000776"/>
        <testcase name="testDataAttributeEscapesAmpersand" class="Ksfraser\HTML\Tests\DataAttributeTraitTest" classname="Ksfraser.HTML.Tests.DataAttributeTraitTest" file="C:\Users\prote\Documents\software-devel\html\tests\DataAttributeTraitTest.php" line="263" assertions="1" time="0.000754"/>
        <testcase name="testDataAttributeEscapesSingleQuote" class="Ksfraser\HTML\Tests\DataAttributeTraitTest" classname="Ksfraser.HTML.Tests.DataAttributeTraitTest" file="C:\Users\prote\Documents\software-devel\html\tests\DataAttributeTraitTest.php" line="275" assertions="1" time="0.000678"/>
        <testcase name="testDataAttributeEscapesJsonWithSpecialChars" class="Ksfraser\HTML\Tests\DataAttributeTraitTest" classname="Ksfraser.HTML.Tests.DataAttributeTraitTest" file="C:\Users\prote\Documents\software-devel\html\tests\DataAttributeTraitTest.php" line="288" assertions="2" time="0.000699"/>
        <testcase name="testRemoveDataAttribute" class="Ksfraser\HTML\Tests\DataAttributeTraitTest" classname="Ksfraser.HTML.Tests.DataAttributeTraitTest" file="C:\Users\prote\Documents\software-devel\html\tests\DataAttributeTraitTest.php" line="303" assertions="2" time="0.000654"/>
        <testcase name="testRemoveNonExistentDataAttribute" class="Ksfraser\HTML\Tests\DataAttributeTraitTest" classname="Ksfraser.HTML.Tests.DataAttributeTraitTest" file="C:\Users\prote\Documents\software-devel\html\tests\DataAttributeTraitTest.php" line="317" assertions="1" time="0.000557"/>
        <testcase name="testClearAllDataAttributes" class="Ksfraser\HTML\Tests\DataAttributeTraitTest" classname="Ksfraser.HTML.Tests.DataAttributeTraitTest" file="C:\Users\prote\Documents\software-devel\html\tests\DataAttributeTraitTest.php" line="329" assertions="2" time="0.000688"/>
        <testcase name="testRemoveDataRemovedFromHtml" class="Ksfraser\HTML\Tests\DataAttributeTraitTest" classname="Ksfraser.HTML.Tests.DataAttributeTraitTest" file="C:\Users\prote\Documents\software-devel\html\tests\DataAttributeTraitTest.php" line="347" assertions="2" time="0.000817"/>
        <testcase name="testUpdateExistingDataAttribute" class="Ksfraser\HTML\Tests\DataAttributeTraitTest" classname="Ksfraser.HTML.Tests.DataAttributeTraitTest" file="C:\Users\prote\Documents\software-devel\html\tests\DataAttributeTraitTest.php" line="363" assertions="2" time="0.000607"/>
        <testcase name="testUpdateExistingDataAttributeChangeType" class="Ksfraser\HTML\Tests\DataAttributeTraitTest" classname="Ksfraser.HTML.Tests.DataAttributeTraitTest" file="C:\Users\prote\Documents\software-devel\html\tests\DataAttributeTraitTest.php" line="377" assertions="1" time="0.000822"/>
        <testcase name="testBatchUpdateMergesWithExisting" class="Ksfraser\HTML\Tests\DataAttributeTraitTest" classname="Ksfraser.HTML.Tests.DataAttributeTraitTest" file="C:\Users\prote\Documents\software-devel\html\tests\DataAttributeTraitTest.php" line="391" assertions="5" time="0.000753"/>
        <testcase name="testBatchUpdateOverwritesExisting" class="Ksfraser\HTML\Tests\DataAttributeTraitTest" classname="Ksfraser.HTML.Tests.DataAttributeTraitTest" file="C:\Users\prote\Documents\software-devel\html\tests\DataAttributeTraitTest.php" line="411" assertions="1" time="0.000572"/>
        <testcase name="testDataAttributeRendersWithDataPrefix" class="Ksfraser\HTML\Tests\DataAttributeTraitTest" classname="Ksfraser.HTML.Tests.DataAttributeTraitTest" file="C:\Users\prote\Documents\software-devel\html\tests\DataAttributeTraitTest.php" line="426" assertions="1" time="0.000649"/>
        <testcase name="testDataAttributeWithCamelCaseConvertsToKebabCase" class="Ksfraser\HTML\Tests\DataAttributeTraitTest" classname="Ksfraser.HTML.Tests.DataAttributeTraitTest" file="C:\Users\prote\Documents\software-devel\html\tests\DataAttributeTraitTest.php" line="439" assertions="2" time="0.000690"/>
        <testcase name="testDataAttributeWithKebabCaseFormat" class="Ksfraser\HTML\Tests\DataAttributeTraitTest" classname="Ksfraser.HTML.Tests.DataAttributeTraitTest" file="C:\Users\prote\Documents\software-devel\html\tests\DataAttributeTraitTest.php" line="454" assertions="1" time="0.000645"/>
        <testcase name="testDataAttributeWithComplexName" class="Ksfraser\HTML\Tests\DataAttributeTraitTest" classname="Ksfraser.HTML.Tests.DataAttributeTraitTest" file="C:\Users\prote\Documents\software-devel\html\tests\DataAttributeTraitTest.php" line="466" assertions="1" time="0.000647"/>
        <testcase name="testDataAttributeWithNumbersInName" class="Ksfraser\HTML\Tests\DataAttributeTraitTest" classname="Ksfraser.HTML.Tests.DataAttributeTraitTest" file="C:\Users\prote\Documents\software-devel\html\tests\DataAttributeTraitTest.php" line="478" assertions="1" time="0.000646"/>
        <testcase name="testSetDataReturnsSelf" class="Ksfraser\HTML\Tests\DataAttributeTraitTest" classname="Ksfraser.HTML.Tests.DataAttributeTraitTest" file="C:\Users\prote\Documents\software-devel\html\tests\DataAttributeTraitTest.php" line="492" assertions="1" time="0.000642"/>
        <testcase name="testChainMultipleSetDataCalls" class="Ksfraser\HTML\Tests\DataAttributeTraitTest" classname="Ksfraser.HTML.Tests.DataAttributeTraitTest" file="C:\Users\prote\Documents\software-devel\html\tests\DataAttributeTraitTest.php" line="503" assertions="1" time="0.000590"/>
        <testcase name="testChainDataAttributesWithOtherMethods" class="Ksfraser\HTML\Tests\DataAttributeTraitTest" classname="Ksfraser.HTML.Tests.DataAttributeTraitTest" file="C:\Users\prote\Documents\software-devel\html\tests\DataAttributeTraitTest.php" line="519" assertions="3" time="0.001036"/>
        <testcase name="testChainDataAttributesWithCssClasses" class="Ksfraser\HTML\Tests\DataAttributeTraitTest" classname="Ksfraser.HTML.Tests.DataAttributeTraitTest" file="C:\Users\prote\Documents\software-devel\html\tests\DataAttributeTraitTest.php" line="537" assertions="2" time="0.000999"/>
        <testcase name="testRemoveDataReturnsSelf" class="Ksfraser\HTML\Tests\DataAttributeTraitTest" classname="Ksfraser.HTML.Tests.DataAttributeTraitTest" file="C:\Users\prote\Documents\software-devel\html\tests\DataAttributeTraitTest.php" line="554" assertions="1" time="0.000563"/>
        <testcase name="testClearDataReturnsSelf" class="Ksfraser\HTML\Tests\DataAttributeTraitTest" classname="Ksfraser.HTML.Tests.DataAttributeTraitTest" file="C:\Users\prote\Documents\software-devel\html\tests\DataAttributeTraitTest.php" line="566" assertions="1" time="0.000597"/>
        <testcase name="testSetDataWithVeryLongValue" class="Ksfraser\HTML\Tests\DataAttributeTraitTest" classname="Ksfraser.HTML.Tests.DataAttributeTraitTest" file="C:\Users\prote\Documents\software-devel\html\tests\DataAttributeTraitTest.php" line="579" assertions="1" time="0.000563"/>
        <testcase name="testSetDataWithUnicodeCharacters" class="Ksfraser\HTML\Tests\DataAttributeTraitTest" classname="Ksfraser.HTML.Tests.DataAttributeTraitTest" file="C:\Users\prote\Documents\software-devel\html\tests\DataAttributeTraitTest.php" line="591" assertions="1" time="0.000553"/>
        <testcase name="testSetDataWithEmojiCharacters" class="Ksfraser\HTML\Tests\DataAttributeTraitTest" classname="Ksfraser.HTML.Tests.DataAttributeTraitTest" file="C:\Users\prote\Documents\software-devel\html\tests\DataAttributeTraitTest.php" line="602" assertions="1" time="0.000555"/>
        <testcase name="testGetDataNonExistentKey" class="Ksfraser\HTML\Tests\DataAttributeTraitTest" classname="Ksfraser.HTML.Tests.DataAttributeTraitTest" file="C:\Users\prote\Documents\software-devel\html\tests\DataAttributeTraitTest.php" line="613" assertions="1" time="0.000550"/>
        <testcase name="testGetDataWithEmptyKey" class="Ksfraser\HTML\Tests\DataAttributeTraitTest" classname="Ksfraser.HTML.Tests.DataAttributeTraitTest" file="C:\Users\prote\Documents\software-devel\html\tests\DataAttributeTraitTest.php" line="624" assertions="1" time="0.000557"/>
        <testcase name="testSetDataWithSpacesInName" class="Ksfraser\HTML\Tests\DataAttributeTraitTest" classname="Ksfraser.HTML.Tests.DataAttributeTraitTest" file="C:\Users\prote\Documents\software-devel\html\tests\DataAttributeTraitTest.php" line="635" assertions="1" time="0.000656"/>
        <testcase name="testGetAllDataReturnsEmptyArray" class="Ksfraser\HTML\Tests\DataAttributeTraitTest" classname="Ksfraser.HTML.Tests.DataAttributeTraitTest" file="C:\Users\prote\Documents\software-devel\html\tests\DataAttributeTraitTest.php" line="652" assertions="2" time="0.133701"/>
        <testcase name="testDataAttributesWithNestedElements" class="Ksfraser\HTML\Tests\DataAttributeTraitTest" classname="Ksfraser.HTML.Tests.DataAttributeTraitTest" file="C:\Users\prote\Documents\software-devel\html\tests\DataAttributeTraitTest.php" line="666" assertions="2" time="0.001133"/>
        <testcase name="testDataAttributesRespectOtherAttributes" class="Ksfraser\HTML\Tests\DataAttributeTraitTest" classname="Ksfraser.HTML.Tests.DataAttributeTraitTest" file="C:\Users\prote\Documents\software-devel\html\tests\DataAttributeTraitTest.php" line="697" assertions="3" time="0.000914"/>
        <testcase name="testDataAttributesWithContent" class="Ksfraser\HTML\Tests\DataAttributeTraitTest" classname="Ksfraser.HTML.Tests.DataAttributeTraitTest" file="C:\Users\prote\Documents\software-devel\html\tests\DataAttributeTraitTest.php" line="715" assertions="2" time="0.000705"/>
        <testcase name="testBootstrapDataAttributePattern" class="Ksfraser\HTML\Tests\DataAttributeTraitTest" classname="Ksfraser.HTML.Tests.DataAttributeTraitTest" file="C:\Users\prote\Documents\software-devel\html\tests\DataAttributeTraitTest.php" line="733" assertions="2" time="0.000700"/>
        <testcase name="testAjaxDataAttributes" class="Ksfraser\HTML\Tests\DataAttributeTraitTest" classname="Ksfraser.HTML.Tests.DataAttributeTraitTest" file="C:\Users\prote\Documents\software-devel\html\tests\DataAttributeTraitTest.php" line="750" assertions="3" time="0.000763"/>
        <testcase name="testCustomDataAttributePattern" class="Ksfraser\HTML\Tests\DataAttributeTraitTest" classname="Ksfraser.HTML.Tests.DataAttributeTraitTest" file="C:\Users\prote\Documents\software-devel\html\tests\DataAttributeTraitTest.php" line="768" assertions="3" time="0.000830"/>
      </testsuite>
      <testsuite name="DeleteButtonTest" file="C:\Users\prote\Documents\software-devel\html\tests\DeleteButtonTest.php" tests="2" assertions="2" errors="0" warnings="0" failures="0" skipped="0" time="0.571981">
        <testcase name="testDefaultLabel" class="DeleteButtonTest" classname="DeleteButtonTest" file="C:\Users\prote\Documents\software-devel\html\tests\DeleteButtonTest.php" line="7" assertions="1" time="0.569486"/>
        <testcase name="testSetConfirmation" class="DeleteButtonTest" classname="DeleteButtonTest" file="C:\Users\prote\Documents\software-devel\html\tests\DeleteButtonTest.php" line="11" assertions="1" time="0.002495"/>
      </testsuite>
      <testsuite name="EditButtonTest" file="C:\Users\prote\Documents\software-devel\html\tests\EditButtonTest.php" tests="2" assertions="2" errors="0" warnings="0" failures="0" skipped="0" time="0.044318">
        <testcase name="testDefaultLabel" class="EditButtonTest" classname="EditButtonTest" file="C:\Users\prote\Documents\software-devel\html\tests\EditButtonTest.php" line="7" assertions="1" time="0.042101"/>
        <testcase name="testSetOnclickFunction" class="EditButtonTest" classname="EditButtonTest" file="C:\Users\prote\Documents\software-devel\html\tests\EditButtonTest.php" line="11" assertions="1" time="0.002217"/>
      </testsuite>
      <testsuite name="Ksfraser\HTML\Tests\ElementIntrospectionTraitTest" file="C:\Users\prote\Documents\software-devel\html\tests\ElementIntrospectionTraitTest.php" tests="1" assertions="1" errors="0" warnings="0" failures="0" skipped="0" time="0.000768">
        <testcase name="testGetDirectChildren" class="Ksfraser\HTML\Tests\ElementIntrospectionTraitTest" classname="Ksfraser.HTML.Tests.ElementIntrospectionTraitTest" file="C:\Users\prote\Documents\software-devel\html\tests\ElementIntrospectionTraitTest.php" line="44" assertions="1" time="0.000768"/>
      </testsuite>
      <testsuite name="Ksfraser\HTML\Tests\EventHandlerTraitTest" file="C:\Users\prote\Documents\software-devel\html\tests\EventHandlerTraitTest.php" tests="43" assertions="80" errors="0" warnings="0" failures="0" skipped="0" time="0.032876">
        <testcase name="testOnClickAddsClickHandler" class="Ksfraser\HTML\Tests\EventHandlerTraitTest" classname="Ksfraser.HTML.Tests.EventHandlerTraitTest" file="C:\Users\prote\Documents\software-devel\html\tests\EventHandlerTraitTest.php" line="74" assertions="1" time="0.000660"/>
        <testcase name="testOnClickReturnsElement" class="Ksfraser\HTML\Tests\EventHandlerTraitTest" classname="Ksfraser.HTML.Tests.EventHandlerTraitTest" file="C:\Users\prote\Documents\software-devel\html\tests\EventHandlerTraitTest.php" line="86" assertions="1" time="0.000545"/>
        <testcase name="testOnClickRendersCorrectly" class="Ksfraser\HTML\Tests\EventHandlerTraitTest" classname="Ksfraser.HTML.Tests.EventHandlerTraitTest" file="C:\Users\prote\Documents\software-devel\html\tests\EventHandlerTraitTest.php" line="97" assertions="2" time="0.000605"/>
        <testcase name="testOnChangeAddsChangeHandler" class="Ksfraser\HTML\Tests\EventHandlerTraitTest" classname="Ksfraser.HTML.Tests.EventHandlerTraitTest" file="C:\Users\prote\Documents\software-devel\html\tests\EventHandlerTraitTest.php" line="112" assertions="1" time="0.000831"/>
        <testcase name="testOnSubmitAddsSubmitHandler" class="Ksfraser\HTML\Tests\EventHandlerTraitTest" classname="Ksfraser.HTML.Tests.EventHandlerTraitTest" file="C:\Users\prote\Documents\software-devel\html\tests\EventHandlerTraitTest.php" line="124" assertions="1" time="0.000718"/>
        <testcase name="testOnFocusAddsFocusHandler" class="Ksfraser\HTML\Tests\EventHandlerTraitTest" classname="Ksfraser.HTML.Tests.EventHandlerTraitTest" file="C:\Users\prote\Documents\software-devel\html\tests\EventHandlerTraitTest.php" line="136" assertions="1" time="0.000743"/>
        <testcase name="testOnBlurAddsBlurHandler" class="Ksfraser\HTML\Tests\EventHandlerTraitTest" classname="Ksfraser.HTML.Tests.EventHandlerTraitTest" file="C:\Users\prote\Documents\software-devel\html\tests\EventHandlerTraitTest.php" line="148" assertions="1" time="0.000637"/>
        <testcase name="testOnKeyPressAddsKeyPressHandler" class="Ksfraser\HTML\Tests\EventHandlerTraitTest" classname="Ksfraser.HTML.Tests.EventHandlerTraitTest" file="C:\Users\prote\Documents\software-devel\html\tests\EventHandlerTraitTest.php" line="160" assertions="1" time="0.000671"/>
        <testcase name="testOnKeyDownAddsKeyDownHandler" class="Ksfraser\HTML\Tests\EventHandlerTraitTest" classname="Ksfraser.HTML.Tests.EventHandlerTraitTest" file="C:\Users\prote\Documents\software-devel\html\tests\EventHandlerTraitTest.php" line="172" assertions="1" time="0.000586"/>
        <testcase name="testOnKeyUpAddsKeyUpHandler" class="Ksfraser\HTML\Tests\EventHandlerTraitTest" classname="Ksfraser.HTML.Tests.EventHandlerTraitTest" file="C:\Users\prote\Documents\software-devel\html\tests\EventHandlerTraitTest.php" line="184" assertions="1" time="0.000633"/>
        <testcase name="testOnMouseEnterAddsMouseEnterHandler" class="Ksfraser\HTML\Tests\EventHandlerTraitTest" classname="Ksfraser.HTML.Tests.EventHandlerTraitTest" file="C:\Users\prote\Documents\software-devel\html\tests\EventHandlerTraitTest.php" line="196" assertions="1" time="0.000788"/>
        <testcase name="testOnMouseLeaveAddsMouseLeaveHandler" class="Ksfraser\HTML\Tests\EventHandlerTraitTest" classname="Ksfraser.HTML.Tests.EventHandlerTraitTest" file="C:\Users\prote\Documents\software-devel\html\tests\EventHandlerTraitTest.php" line="208" assertions="1" time="0.000795"/>
        <testcase name="testOnMouseOverAddsMouseOverHandler" class="Ksfraser\HTML\Tests\EventHandlerTraitTest" classname="Ksfraser.HTML.Tests.EventHandlerTraitTest" file="C:\Users\prote\Documents\software-devel\html\tests\EventHandlerTraitTest.php" line="220" assertions="1" time="0.000915"/>
        <testcase name="testOnMouseOutAddsMouseOutHandler" class="Ksfraser\HTML\Tests\EventHandlerTraitTest" classname="Ksfraser.HTML.Tests.EventHandlerTraitTest" file="C:\Users\prote\Documents\software-devel\html\tests\EventHandlerTraitTest.php" line="232" assertions="1" time="0.000769"/>
        <testcase name="testOnDoubleClickAddsDoubleClickHandler" class="Ksfraser\HTML\Tests\EventHandlerTraitTest" classname="Ksfraser.HTML.Tests.EventHandlerTraitTest" file="C:\Users\prote\Documents\software-devel\html\tests\EventHandlerTraitTest.php" line="244" assertions="1" time="0.000582"/>
        <testcase name="testOnLoadAddsLoadHandler" class="Ksfraser\HTML\Tests\EventHandlerTraitTest" classname="Ksfraser.HTML.Tests.EventHandlerTraitTest" file="C:\Users\prote\Documents\software-devel\html\tests\EventHandlerTraitTest.php" line="256" assertions="1" time="0.000630"/>
        <testcase name="testOnErrorAddsErrorHandler" class="Ksfraser\HTML\Tests\EventHandlerTraitTest" classname="Ksfraser.HTML.Tests.EventHandlerTraitTest" file="C:\Users\prote\Documents\software-devel\html\tests\EventHandlerTraitTest.php" line="268" assertions="1" time="0.000611"/>
        <testcase name="testOnInputAddsInputHandler" class="Ksfraser\HTML\Tests\EventHandlerTraitTest" classname="Ksfraser.HTML.Tests.EventHandlerTraitTest" file="C:\Users\prote\Documents\software-devel\html\tests\EventHandlerTraitTest.php" line="280" assertions="1" time="0.000583"/>
        <testcase name="testOnScrollAddsScrollHandler" class="Ksfraser\HTML\Tests\EventHandlerTraitTest" classname="Ksfraser.HTML.Tests.EventHandlerTraitTest" file="C:\Users\prote\Documents\software-devel\html\tests\EventHandlerTraitTest.php" line="292" assertions="1" time="0.000583"/>
        <testcase name="testOnWheelAddsWheelHandler" class="Ksfraser\HTML\Tests\EventHandlerTraitTest" classname="Ksfraser.HTML.Tests.EventHandlerTraitTest" file="C:\Users\prote\Documents\software-devel\html\tests\EventHandlerTraitTest.php" line="304" assertions="1" time="0.000576"/>
        <testcase name="testEventHandlerCodeEscapesQuotes" class="Ksfraser\HTML\Tests\EventHandlerTraitTest" classname="Ksfraser.HTML.Tests.EventHandlerTraitTest" file="C:\Users\prote\Documents\software-devel\html\tests\EventHandlerTraitTest.php" line="319" assertions="2" time="0.000680"/>
        <testcase name="testEventHandlerCodeEscapesDoubleQuotes" class="Ksfraser\HTML\Tests\EventHandlerTraitTest" classname="Ksfraser.HTML.Tests.EventHandlerTraitTest" file="C:\Users\prote\Documents\software-devel\html\tests\EventHandlerTraitTest.php" line="336" assertions="1" time="0.000830"/>
        <testcase name="testEventHandlerCodeEscapesLessThan" class="Ksfraser\HTML\Tests\EventHandlerTraitTest" classname="Ksfraser.HTML.Tests.EventHandlerTraitTest" file="C:\Users\prote\Documents\software-devel\html\tests\EventHandlerTraitTest.php" line="352" assertions="2" time="0.000742"/>
        <testcase name="testEventHandlerCodeEscapesGreaterThan" class="Ksfraser\HTML\Tests\EventHandlerTraitTest" classname="Ksfraser.HTML.Tests.EventHandlerTraitTest" file="C:\Users\prote\Documents\software-devel\html\tests\EventHandlerTraitTest.php" line="368" assertions="2" time="0.000798"/>
        <testcase name="testEventHandlerCodeEscapesAmpersand" class="Ksfraser\HTML\Tests\EventHandlerTraitTest" classname="Ksfraser.HTML.Tests.EventHandlerTraitTest" file="C:\Users\prote\Documents\software-devel\html\tests\EventHandlerTraitTest.php" line="384" assertions="1" time="0.000675"/>
        <testcase name="testMultipleClickHandlersReplaced" class="Ksfraser\HTML\Tests\EventHandlerTraitTest" classname="Ksfraser.HTML.Tests.EventHandlerTraitTest" file="C:\Users\prote\Documents\software-devel\html\tests\EventHandlerTraitTest.php" line="400" assertions="2" time="0.000757"/>
        <testcase name="testDifferentEventHandlers" class="Ksfraser\HTML\Tests\EventHandlerTraitTest" classname="Ksfraser.HTML.Tests.EventHandlerTraitTest" file="C:\Users\prote\Documents\software-devel\html\tests\EventHandlerTraitTest.php" line="417" assertions="3" time="0.000759"/>
        <testcase name="testEventHandlersChainWithCSSClasses" class="Ksfraser\HTML\Tests\EventHandlerTraitTest" classname="Ksfraser.HTML.Tests.EventHandlerTraitTest" file="C:\Users\prote\Documents\software-devel\html\tests\EventHandlerTraitTest.php" line="437" assertions="5" time="0.001031"/>
        <testcase name="testEventChainMultipleHandlers" class="Ksfraser\HTML\Tests\EventHandlerTraitTest" classname="Ksfraser.HTML.Tests.EventHandlerTraitTest" file="C:\Users\prote\Documents\software-devel\html\tests\EventHandlerTraitTest.php" line="459" assertions="5" time="0.000926"/>
[...]
        <testcase name="audio_with_controls_adds_controls_attribute" class="Tests\SemanticElementsTraitTest" classname="Tests.SemanticElementsTraitTest" file="C:\Users\prote\Documents\software-devel\html\tests\SemanticElementsTraitTest.php" line="443" assertions="1" time="0.000767"/>
        <testcase name="source_creates_source_element" class="Tests\SemanticElementsTraitTest" classname="Tests.SemanticElementsTraitTest" file="C:\Users\prote\Documents\software-devel\html\tests\SemanticElementsTraitTest.php" line="455" assertions="3" time="0.000800"/>
        <testcase name="track_creates_track_element" class="Tests\SemanticElementsTraitTest" classname="Tests.SemanticElementsTraitTest" file="C:\Users\prote\Documents\software-devel\html\tests\SemanticElementsTraitTest.php" line="469" assertions="3" time="0.000800"/>
        <testcase name="description_list_creates_dl_element" class="Tests\SemanticElementsTraitTest" classname="Tests.SemanticElementsTraitTest" file="C:\Users\prote\Documents\software-devel\html\tests\SemanticElementsTraitTest.php" line="487" assertions="1" time="0.000563"/>
        <testcase name="description_term_creates_dt_element" class="Tests\SemanticElementsTraitTest" classname="Tests.SemanticElementsTraitTest" file="C:\Users\prote\Documents\software-devel\html\tests\SemanticElementsTraitTest.php" line="499" assertions="1" time="0.000647"/>
        <testcase name="description_definition_creates_dd_element" class="Tests\SemanticElementsTraitTest" classname="Tests.SemanticElementsTraitTest" file="C:\Users\prote\Documents\software-devel\html\tests\SemanticElementsTraitTest.php" line="511" assertions="1" time="0.000581"/>
        <testcase name="details_creates_details_element" class="Tests\SemanticElementsTraitTest" classname="Tests.SemanticElementsTraitTest" file="C:\Users\prote\Documents\software-devel\html\tests\SemanticElementsTraitTest.php" line="527" assertions="1" time="0.000736"/>
        <testcase name="summary_creates_summary_element" class="Tests\SemanticElementsTraitTest" classname="Tests.SemanticElementsTraitTest" file="C:\Users\prote\Documents\software-devel\html\tests\SemanticElementsTraitTest.php" line="539" assertions="1" time="0.000672"/>
        <testcase name="dialog_creates_dialog_element" class="Tests\SemanticElementsTraitTest" classname="Tests.SemanticElementsTraitTest" file="C:\Users\prote\Documents\software-devel\html\tests\SemanticElementsTraitTest.php" line="551" assertions="1" time="0.000591"/>
        <testcase name="dialog_with_open_attribute" class="Tests\SemanticElementsTraitTest" classname="Tests.SemanticElementsTraitTest" file="C:\Users\prote\Documents\software-devel\html\tests\SemanticElementsTraitTest.php" line="563" assertions="1" time="0.000652"/>
        <testcase name="noscript_creates_noscript_element" class="Tests\SemanticElementsTraitTest" classname="Tests.SemanticElementsTraitTest" file="C:\Users\prote\Documents\software-devel\html\tests\SemanticElementsTraitTest.php" line="579" assertions="1" time="0.000569"/>
        <testcase name="canvas_creates_canvas_element" class="Tests\SemanticElementsTraitTest" classname="Tests.SemanticElementsTraitTest" file="C:\Users\prote\Documents\software-devel\html\tests\SemanticElementsTraitTest.php" line="591" assertions="1" time="0.000624"/>
        <testcase name="canvas_with_dimensions" class="Tests\SemanticElementsTraitTest" classname="Tests.SemanticElementsTraitTest" file="C:\Users\prote\Documents\software-devel\html\tests\SemanticElementsTraitTest.php" line="603" assertions="2" time="0.000886"/>
        <testcase name="svg_creates_svg_element" class="Tests\SemanticElementsTraitTest" classname="Tests.SemanticElementsTraitTest" file="C:\Users\prote\Documents\software-devel\html\tests\SemanticElementsTraitTest.php" line="616" assertions="1" time="0.001673"/>
        <testcase name="svg_with_viewbox" class="Tests\SemanticElementsTraitTest" classname="Tests.SemanticElementsTraitTest" file="C:\Users\prote\Documents\software-devel\html\tests\SemanticElementsTraitTest.php" line="628" assertions="1" time="0.001102"/>
        <testcase name="html_creates_html_element" class="Tests\SemanticElementsTraitTest" classname="Tests.SemanticElementsTraitTest" file="C:\Users\prote\Documents\software-devel\html\tests\SemanticElementsTraitTest.php" line="644" assertions="2" time="0.001042"/>
        <testcase name="head_creates_head_element" class="Tests\SemanticElementsTraitTest" classname="Tests.SemanticElementsTraitTest" file="C:\Users\prote\Documents\software-devel\html\tests\SemanticElementsTraitTest.php" line="657" assertions="1" time="0.000656"/>
        <testcase name="body_creates_body_element" class="Tests\SemanticElementsTraitTest" classname="Tests.SemanticElementsTraitTest" file="C:\Users\prote\Documents\software-devel\html\tests\SemanticElementsTraitTest.php" line="669" assertions="1" time="0.000591"/>
        <testcase name="title_creates_title_element" class="Tests\SemanticElementsTraitTest" classname="Tests.SemanticElementsTraitTest" file="C:\Users\prote\Documents\software-devel\html\tests\SemanticElementsTraitTest.php" line="681" assertions="1" time="0.000592"/>
        <testcase name="meta_creates_meta_element" class="Tests\SemanticElementsTraitTest" classname="Tests.SemanticElementsTraitTest" file="C:\Users\prote\Documents\software-devel\html\tests\SemanticElementsTraitTest.php" line="693" assertions="3" time="0.001087"/>
        <testcase name="link_creates_link_element" class="Tests\SemanticElementsTraitTest" classname="Tests.SemanticElementsTraitTest" file="C:\Users\prote\Documents\software-devel\html\tests\SemanticElementsTraitTest.php" line="707" assertions="3" time="0.000900"/>
        <testcase name="script_creates_script_element" class="Tests\SemanticElementsTraitTest" classname="Tests.SemanticElementsTraitTest" file="C:\Users\prote\Documents\software-devel\html\tests\SemanticElementsTraitTest.php" line="721" assertions="2" time="0.000791"/>
        <testcase name="style_creates_style_element" class="Tests\SemanticElementsTraitTest" classname="Tests.SemanticElementsTraitTest" file="C:\Users\prote\Documents\software-devel\html\tests\SemanticElementsTraitTest.php" line="734" assertions="1" time="0.000642"/>
      </testsuite>
      <testsuite name="SpecializedActionLinksTest" file="C:\Users\prote\Documents\software-devel\html\tests\SpecializedActionLinksTest.php" tests="13" assertions="42" errors="0" warnings="0" failures="0" skipped="0" time="0.012285">
        <testcase name="testCreateLinkMake" class="SpecializedActionLinksTest" classname="SpecializedActionLinksTest" file="C:\Users\prote\Documents\software-devel\html\tests\SpecializedActionLinksTest.php" line="13" assertions="4" time="0.001182"/>
        <testcase name="testEditLinkMake" class="SpecializedActionLinksTest" classname="SpecializedActionLinksTest" file="C:\Users\prote\Documents\software-devel\html\tests\SpecializedActionLinksTest.php" line="23" assertions="5" time="0.000967"/>
        <testcase name="testDeleteLinkMake" class="SpecializedActionLinksTest" classname="SpecializedActionLinksTest" file="C:\Users\prote\Documents\software-devel\html\tests\SpecializedActionLinksTest.php" line="34" assertions="5" time="0.001087"/>
        <testcase name="testViewLinkMake" class="SpecializedActionLinksTest" classname="SpecializedActionLinksTest" file="C:\Users\prote\Documents\software-devel\html\tests\SpecializedActionLinksTest.php" line="45" assertions="5" time="0.000919"/>
        <testcase name="testListLinkMake" class="SpecializedActionLinksTest" classname="SpecializedActionLinksTest" file="C:\Users\prote\Documents\software-devel\html\tests\SpecializedActionLinksTest.php" line="56" assertions="4" time="0.000896"/>
        <testcase name="testAddLinkMake" class="SpecializedActionLinksTest" classname="SpecializedActionLinksTest" file="C:\Users\prote\Documents\software-devel\html\tests\SpecializedActionLinksTest.php" line="66" assertions="4" time="0.000909"/>
        <testcase name="testCreateLinkDefaultLabel" class="SpecializedActionLinksTest" classname="SpecializedActionLinksTest" file="C:\Users\prote\Documents\software-devel\html\tests\SpecializedActionLinksTest.php" line="75" assertions="2" time="0.000932"/>
        <testcase name="testCreateLinkCustomText" class="SpecializedActionLinksTest" classname="SpecializedActionLinksTest" file="C:\Users\prote\Documents\software-devel\html\tests\SpecializedActionLinksTest.php" line="83" assertions="1" time="0.000805"/>
        <testcase name="testCreateLinkWithParams" class="SpecializedActionLinksTest" classname="SpecializedActionLinksTest" file="C:\Users\prote\Documents\software-devel\html\tests\SpecializedActionLinksTest.php" line="90" assertions="2" time="0.000911"/>
        <testcase name="testCreateLinkSetLabel" class="SpecializedActionLinksTest" classname="SpecializedActionLinksTest" file="C:\Users\prote\Documents\software-devel\html\tests\SpecializedActionLinksTest.php" line="98" assertions="2" time="0.000956"/>
        <testcase name="testEditLinkWithId" class="SpecializedActionLinksTest" classname="SpecializedActionLinksTest" file="C:\Users\prote\Documents\software-devel\html\tests\SpecializedActionLinksTest.php" line="107" assertions="3" time="0.000836"/>
        <testcase name="testEditLinkWithParams" class="SpecializedActionLinksTest" classname="SpecializedActionLinksTest" file="C:\Users\prote\Documents\software-devel\html\tests\SpecializedActionLinksTest.php" line="116" assertions="2" time="0.000750"/>
        <testcase name="testDeleteLinkWithId" class="SpecializedActionLinksTest" classname="SpecializedActionLinksTest" file="C:\Users\prote\Documents\software-devel\html\tests\SpecializedActionLinksTest.php" line="124" assertions="3" time="0.001134"/>
      </testsuite>
      <testsuite name="SubmitButtonTest" file="C:\Users\prote\Documents\software-devel\html\tests\SubmitButtonTest.php" tests="2" assertions="2" errors="0" warnings="0" failures="0" skipped="0" time="0.002578">
        <testcase name="testDefaultLabel" class="SubmitButtonTest" classname="SubmitButtonTest" file="C:\Users\prote\Documents\software-devel\html\tests\SubmitButtonTest.php" line="7" assertions="1" time="0.001459"/>
        <testcase name="testTypeIsSubmit" class="SubmitButtonTest" classname="SubmitButtonTest" file="C:\Users\prote\Documents\software-devel\html\tests\SubmitButtonTest.php" line="11" assertions="1" time="0.001119"/>
      </testsuite>
      <testsuite name="VIEWTest" file="C:\Users\prote\Documents\software-devel\html\tests\VIEWTest.php" tests="3" assertions="0" errors="3" warnings="0" failures="0" skipped="0" time="0.001881">
        <testcase name="testConstructor" class="VIEWTest" classname="VIEWTest" file="C:\Users\prote\Documents\software-devel\html\tests\VIEWTest.php" line="10" assertions="0" time="0.000616">
          <error type="Error">VIEWTest::testConstructor
Error: Cannot call constructor

C:\Users\prote\Documents\software-devel\html\src\Ksfraser\HTML\class.VIEW.php:51
C:\Users\prote\Documents\software-devel\html\tests\VIEWTest.php:12</error>
        </testcase>
        <testcase name="testSetVar" class="VIEWTest" classname="VIEWTest" file="C:\Users\prote\Documents\software-devel\html\tests\VIEWTest.php" line="19" assertions="0" time="0.000598">
          <error type="Error">VIEWTest::testSetVar
Error: Cannot call constructor

C:\Users\prote\Documents\software-devel\html\src\Ksfraser\HTML\class.VIEW.php:51
C:\Users\prote\Documents\software-devel\html\tests\VIEWTest.php:21</error>
        </testcase>
        <testcase name="testDisplayTableWithEdit" class="VIEWTest" classname="VIEWTest" file="C:\Users\prote\Documents\software-devel\html\tests\VIEWTest.php" line="29" assertions="0" time="0.000668">
          <error type="Error">VIEWTest::testDisplayTableWithEdit
Error: Cannot call constructor

C:\Users\prote\Documents\software-devel\html\src\Ksfraser\HTML\class.VIEW.php:51
C:\Users\prote\Documents\software-devel\html\tests\VIEWTest.php:31</error>
        </testcase>
      </testsuite>
      <testsuite name="VIEW_AMOUNT_CELLTest" file="C:\Users\prote\Documents\software-devel\html\tests\VIEW_AMOUNT_CELLTest.php" tests="1" assertions="0" errors="1" warnings="0" failures="0" skipped="0" time="0.000598">
        <testcase name="testConstructor" class="VIEW_AMOUNT_CELLTest" classname="VIEW_AMOUNT_CELLTest" file="C:\Users\prote\Documents\software-devel\html\tests\VIEW_AMOUNT_CELLTest.php" line="7" assertions="0" time="0.000598">
          <error type="Error">VIEW_AMOUNT_CELLTest::testConstructor
Error: Cannot call constructor

C:\Users\prote\Documents\software-devel\html\src\Ksfraser\HTML\archived\class.VIEW_CELL.php:17
C:\Users\prote\Documents\software-devel\html\src\Ksfraser\HTML\archived\class.VIEW_AMOUNT_CELL.php:13
C:\Users\prote\Documents\software-devel\html\tests\VIEW_AMOUNT_CELLTest.php:9</error>
        </testcase>
      </testsuite>
      <testsuite name="VIEW_CELLTest" file="C:\Users\prote\Documents\software-devel\html\tests\VIEW_CELLTest.php" tests="1" assertions="0" errors="1" warnings="0" failures="0" skipped="0" time="0.000581">
        <testcase name="testConstructor" class="VIEW_CELLTest" classname="VIEW_CELLTest" file="C:\Users\prote\Documents\software-devel\html\tests\VIEW_CELLTest.php" line="7" assertions="0" time="0.000581">
          <error type="Error">VIEW_CELLTest::testConstructor
Error: Cannot call constructor

C:\Users\prote\Documents\software-devel\html\src\Ksfraser\HTML\archived\class.VIEW_CELL.php:17
C:\Users\prote\Documents\software-devel\html\tests\VIEW_CELLTest.php:9</error>
        </testcase>
      </testsuite>
      <testsuite name="VIEW_DATE_CELLTest" file="C:\Users\prote\Documents\software-devel\html\tests\VIEW_DATE_CELLTest.php" tests="1" assertions="0" errors="1" warnings="0" failures="0" skipped="0" time="0.000620">
        <testcase name="testConstructor" class="VIEW_DATE_CELLTest" classname="VIEW_DATE_CELLTest" file="C:\Users\prote\Documents\software-devel\html\tests\VIEW_DATE_CELLTest.php" line="7" assertions="0" time="0.000620">
          <error type="Error">VIEW_DATE_CELLTest::testConstructor
Error: Cannot call constructor

C:\Users\prote\Documents\software-devel\html\src\Ksfraser\HTML\archived\class.VIEW_CELL.php:17
C:\Users\prote\Documents\software-devel\html\src\Ksfraser\HTML\archived\class.VIEW_DATE_CELL.php:12
C:\Users\prote\Documents\software-devel\html\tests\VIEW_DATE_CELLTest.php:9</error>
        </testcase>
      </testsuite>
      <testsuite name="VIEW_DIVTest" file="C:\Users\prote\Documents\software-devel\html\tests\VIEW_DIVTest.php" tests="1" assertions="0" errors="1" warnings="0" failures="0" skipped="0" time="0.000578">
        <testcase name="testConstructor" class="VIEW_DIVTest" classname="VIEW_DIVTest" file="C:\Users\prote\Documents\software-devel\html\tests\VIEW_DIVTest.php" line="7" assertions="0" time="0.000578">
          <error type="Error">VIEW_DIVTest::testConstructor
Error: Cannot call constructor

C:\Users\prote\Documents\software-devel\html\src\Ksfraser\HTML\archived\class.VIEW_DIV.php:14
C:\Users\prote\Documents\software-devel\html\tests\VIEW_DIVTest.php:9</error>
        </testcase>
      </testsuite>
      <testsuite name="VIEW_FORMTest" file="C:\Users\prote\Documents\software-devel\html\tests\VIEW_FORMTest.php" tests="1" assertions="0" errors="1" warnings="0" failures="0" skipped="0" time="0.000582">
        <testcase name="testConstructor" class="VIEW_FORMTest" classname="VIEW_FORMTest" file="C:\Users\prote\Documents\software-devel\html\tests\VIEW_FORMTest.php" line="7" assertions="0" time="0.000582">
          <error type="Error">VIEW_FORMTest::testConstructor
Error: Cannot call constructor

C:\Users\prote\Documents\software-devel\html\src\Ksfraser\HTML\archived\class.VIEW_FORM.php:12
C:\Users\prote\Documents\software-devel\html\tests\VIEW_FORMTest.php:9</error>
        </testcase>
      </testsuite>
      <testsuite name="VIEW_ROWTest" file="C:\Users\prote\Documents\software-devel\html\tests\VIEW_ROWTest.php" tests="1" assertions="0" errors="1" warnings="0" failures="0" skipped="0" time="0.000573">
        <testcase name="testConstructor" class="VIEW_ROWTest" classname="VIEW_ROWTest" file="C:\Users\prote\Documents\software-devel\html\tests\VIEW_ROWTest.php" line="7" assertions="0" time="0.000573">
          <error type="Error">VIEW_ROWTest::testConstructor
Error: Cannot call constructor

C:\Users\prote\Documents\software-devel\html\src\Ksfraser\HTML\archived\class.VIEW_ROW.php:13
C:\Users\prote\Documents\software-devel\html\tests\VIEW_ROWTest.php:9</error>
        </testcase>
      </testsuite>
      <testsuite name="VIEW_SUBMIT_CELLTest" file="C:\Users\prote\Documents\software-devel\html\tests\VIEW_SUBMIT_CELLTest.php" tests="1" assertions="0" errors="1" warnings="0" failures="0" skipped="0" time="0.000582">
        <testcase name="testConstructor" class="VIEW_SUBMIT_CELLTest" classname="VIEW_SUBMIT_CELLTest" file="C:\Users\prote\Documents\software-devel\html\tests\VIEW_SUBMIT_CELLTest.php" line="7" assertions="0" time="0.000582">
          <error type="Error">VIEW_SUBMIT_CELLTest::testConstructor
Error: Cannot call constructor

C:\Users\prote\Documents\software-devel\html\src\Ksfraser\HTML\archived\class.VIEW_CELL.php:17
C:\Users\prote\Documents\software-devel\html\src\Ksfraser\HTML\archived\class.VIEW_SUBMIT_CELL.php:20
C:\Users\prote\Documents\software-devel\html\tests\VIEW_SUBMIT_CELLTest.php:9</error>
        </testcase>
      </testsuite>
      <testsuite name="VIEW_TABLETest" file="C:\Users\prote\Documents\software-devel\html\tests\VIEW_TABLETest.php" tests="1" assertions="0" errors="1" warnings="0" failures="0" skipped="0" time="0.000608">
        <testcase name="testConstructor" class="VIEW_TABLETest" classname="VIEW_TABLETest" file="C:\Users\prote\Documents\software-devel\html\tests\VIEW_TABLETest.php" line="7" assertions="0" time="0.000608">
          <error type="Error">VIEW_TABLETest::testConstructor
Error: Cannot call constructor

C:\Users\prote\Documents\software-devel\html\src\Ksfraser\HTML\archived\class.VIEW_TABLE.php:16
C:\Users\prote\Documents\software-devel\html\tests\VIEW_TABLETest.php:9</error>
        </testcase>
      </testsuite>
      <testsuite name="VIEW_TABLE_TDTest" file="C:\Users\prote\Documents\software-devel\html\tests\VIEW_TABLE_TDTest.php" tests="1" assertions="0" errors="1" warnings="0" failures="0" skipped="0" time="0.000596">
        <testcase name="testConstructor" class="VIEW_TABLE_TDTest" classname="VIEW_TABLE_TDTest" file="C:\Users\prote\Documents\software-devel\html\tests\VIEW_TABLE_TDTest.php" line="7" assertions="0" time="0.000596">
          <error type="Error">VIEW_TABLE_TDTest::testConstructor
Error: Cannot call constructor

C:\Users\prote\Documents\software-devel\html\src\Ksfraser\HTML\archived\class.VIEW_TABLE_TD.php:14
C:\Users\prote\Documents\software-devel\html\tests\VIEW_TABLE_TDTest.php:9</error>
        </testcase>
      </testsuite>
      <testsuite name="VIEW_TABLE_THTest" file="C:\Users\prote\Documents\software-devel\html\tests\VIEW_TABLE_THTest.php" tests="1" assertions="0" errors="1" warnings="0" failures="0" skipped="0" time="0.000583">
        <testcase name="testConstructor" class="VIEW_TABLE_THTest" classname="VIEW_TABLE_THTest" file="C:\Users\prote\Documents\software-devel\html\tests\VIEW_TABLE_THTest.php" line="7" assertions="0" time="0.000583">
          <error type="Error">VIEW_TABLE_THTest::testConstructor
Error: Cannot call constructor

C:\Users\prote\Documents\software-devel\html\src\Ksfraser\HTML\archived\class.VIEW_TABLE_TH.php:9
C:\Users\prote\Documents\software-devel\html\tests\VIEW_TABLE_THTest.php:9</error>
        </testcase>
      </testsuite>
    </testsuite>
  </testsuite>
</testsuites>
